

================================================================
== Vitis HLS Report for 'lzw_compress_hw'
================================================================
* Date:           Sat Dec  7 17:56:22 2024

* Version:        2020.2 (Build 3064766 on Wed Nov 18 09:12:47 MST 2020)
* Project:        lzw_compress
* Solution:       solution1 (Vitis Kernel Flow Target)
* Product family: zynquplus
* Target device:  xczu3eg-sbva484-1-i


================================================================
== Performance Estimates
================================================================
+ Timing: 
    * Summary: 
    +--------+---------+----------+------------+
    |  Clock |  Target | Estimated| Uncertainty|
    +--------+---------+----------+------------+
    |ap_clk  |  6.67 ns|  4.867 ns|     1.80 ns|
    +--------+---------+----------+------------+

+ Latency: 
    * Summary: 
    +---------+---------+----------+----------+-----+-----+---------+
    |  Latency (cycles) |  Latency (absolute) |  Interval | Pipeline|
    |   min   |   max   |    min   |    max   | min | max |   Type  |
    +---------+---------+----------+----------+-----+-----+---------+
    |        ?|        ?|         ?|         ?|    ?|    ?|     none|
    +---------+---------+----------+----------+-----+-----+---------+

    + Detail: 
        * Instance: 
        N/A

        * Loop: 
        +--------------------+---------+---------+----------+-----------+-----------+-------+----------+
        |                    |  Latency (cycles) | Iteration|  Initiation Interval  |  Trip |          |
        |      Loop Name     |   min   |   max   |  Latency |  achieved |   target  | Count | Pipelined|
        +--------------------+---------+---------+----------+-----------+-----------+-------+----------+
        |- VITIS_LOOP_348_1  |    32768|    32768|         1|          1|          1|  32768|       yes|
        |- VITIS_LOOP_353_2  |      512|      512|         1|          1|          1|    512|       yes|
        |- VITIS_LOOP_367_3  |        ?|        ?|        86|         85|          1|      ?|       yes|
        |- VITIS_LOOP_400_4  |       72|        ?|        73|          3|          1|  1 ~ ?|       yes|
        +--------------------+---------+---------+----------+-----------+-----------+-------+----------+



================================================================
== Utilization Estimates
================================================================
* Summary: 
+-----------------+---------+-----+--------+-------+-----+
|       Name      | BRAM_18K| DSP |   FF   |  LUT  | URAM|
+-----------------+---------+-----+--------+-------+-----+
|DSP              |        -|    -|       -|      -|    -|
|Expression       |        -|    -|       0|   9060|    -|
|FIFO             |        -|    -|       -|      -|    -|
|Instance         |        2|    -|     880|   1212|    -|
|Memory           |       88|    -|      24|     12|    -|
|Multiplexer      |        -|    -|       -|   2785|    -|
|Register         |        -|    -|    3000|     32|    -|
+-----------------+---------+-----+--------+-------+-----+
|Total            |       90|    0|    3904|  13101|    0|
+-----------------+---------+-----+--------+-------+-----+
|Available        |      432|  360|  141120|  70560|    0|
+-----------------+---------+-----+--------+-------+-----+
|Utilization (%)  |       20|    0|       2|     18|    0|
+-----------------+---------+-----+--------+-------+-----+

+ Detail: 
    * Instance: 
    +-----------------+---------------+---------+----+-----+-----+-----+
    |     Instance    |     Module    | BRAM_18K| DSP|  FF | LUT | URAM|
    +-----------------+---------------+---------+----+-----+-----+-----+
    |control_s_axi_U  |control_s_axi  |        0|   0|  368|  632|    0|
    |gmem_m_axi_U     |gmem_m_axi     |        2|   0|  512|  580|    0|
    +-----------------+---------------+---------+----+-----+-----+-----+
    |Total            |               |        2|   0|  880| 1212|    0|
    +-----------------+---------------+---------+----+-----+-----+-----+

    * DSP: 
    N/A

    * Memory: 
    +-------------------------------+----------------------------+---------+----+----+-----+-------+-----+------+-------------+
    |             Memory            |           Module           | BRAM_18K| FF | LUT| URAM| Words | Bits| Banks| W*Bits*Banks|
    +-------------------------------+----------------------------+---------+----+----+-----+-------+-----+------+-------------+
    |hash_table_U                   |hash_table                  |       60|   0|   0|    0|  32768|   33|     1|      1081344|
    |my_assoc_mem_upper_key_mem_U   |my_assoc_mem_upper_key_mem  |        2|   0|   0|    0|    512|   64|     1|        32768|
    |my_assoc_mem_middle_key_mem_U  |my_assoc_mem_upper_key_mem  |        2|   0|   0|    0|    512|   64|     1|        32768|
    |my_assoc_mem_lower_key_mem_U   |my_assoc_mem_upper_key_mem  |        2|   0|   0|    0|    512|   64|     1|        32768|
    |my_assoc_mem_value_U           |my_assoc_mem_value          |        0|  24|  12|    0|     64|   12|     1|          768|
    |out_code_U                     |out_code                    |       22|   0|   0|    0|  32768|   12|     1|       393216|
    +-------------------------------+----------------------------+---------+----+----+-----+-------+-----+------+-------------+
    |Total                          |                            |       88|  24|  12|    0|  67136|  249|     6|      1573632|
    +-------------------------------+----------------------------+---------+----+----+-----+-------+-----+------+-------------+

    * FIFO: 
    N/A

    * Expression: 
    +----------------------------------------+----------+----+---+-----+------------+------------+
    |              Variable Name             | Operation| DSP| FF| LUT | Bitwidth P0| Bitwidth P1|
    +----------------------------------------+----------+----+---+-----+------------+------------+
    |add_ln10_fu_3878_p2                     |         +|   0|  0|   22|          15|          15|
    |add_ln14_10_fu_2624_p2                  |         +|   0|  0|   39|          32|          32|
    |add_ln14_11_fu_2790_p2                  |         +|   0|  0|   39|          32|          32|
    |add_ln14_12_fu_2914_p2                  |         +|   0|  0|   39|          32|          32|
    |add_ln14_13_fu_3080_p2                  |         +|   0|  0|   39|          32|          32|
    |add_ln14_14_fu_3204_p2                  |         +|   0|  0|   39|          32|          32|
    |add_ln14_15_fu_3349_p2                  |         +|   0|  0|   39|          32|          32|
    |add_ln14_16_fu_3464_p2                  |         +|   0|  0|   39|          32|          32|
    |add_ln14_17_fu_3626_p2                  |         +|   0|  0|   39|          32|          32|
    |add_ln14_18_fu_3750_p2                  |         +|   0|  0|   39|          32|          32|
    |add_ln14_19_fu_1553_p2                  |         +|   0|  0|   22|          15|          15|
    |add_ln14_1_fu_1429_p2                   |         +|   0|  0|   30|          23|          23|
    |add_ln14_20_fu_1669_p2                  |         +|   0|  0|   32|          15|          15|
    |add_ln14_21_fu_1780_p2                  |         +|   0|  0|   32|          15|          15|
    |add_ln14_22_fu_1897_p2                  |         +|   0|  0|   32|          15|          15|
    |add_ln14_23_fu_2008_p2                  |         +|   0|  0|   32|          15|          15|
    |add_ln14_24_fu_2090_p2                  |         +|   0|  0|   32|          15|          15|
    |add_ln14_25_fu_2310_p2                  |         +|   0|  0|   32|          15|          15|
    |add_ln14_26_fu_2474_p2                  |         +|   0|  0|   32|          15|          15|
    |add_ln14_27_fu_2602_p2                  |         +|   0|  0|   32|          15|          15|
    |add_ln14_28_fu_2764_p2                  |         +|   0|  0|   32|          15|          15|
    |add_ln14_29_fu_2892_p2                  |         +|   0|  0|   32|          15|          15|
    |add_ln14_2_fu_1577_p2                   |         +|   0|  0|   39|          32|          32|
    |add_ln14_30_fu_3054_p2                  |         +|   0|  0|   32|          15|          15|
    |add_ln14_31_fu_3182_p2                  |         +|   0|  0|   32|          15|          15|
    |add_ln14_32_fu_3323_p2                  |         +|   0|  0|   32|          15|          15|
    |add_ln14_33_fu_3442_p2                  |         +|   0|  0|   32|          15|          15|
    |add_ln14_34_fu_3600_p2                  |         +|   0|  0|   32|          15|          15|
    |add_ln14_35_fu_3728_p2                  |         +|   0|  0|   32|          15|          15|
    |add_ln14_3_fu_1691_p2                   |         +|   0|  0|   39|          32|          32|
    |add_ln14_4_fu_1805_p2                   |         +|   0|  0|   39|          32|          32|
    |add_ln14_5_fu_1919_p2                   |         +|   0|  0|   39|          32|          32|
    |add_ln14_6_fu_2033_p2                   |         +|   0|  0|   39|          32|          32|
    |add_ln14_7_fu_2199_p2                   |         +|   0|  0|   39|          32|          32|
    |add_ln14_8_fu_2332_p2                   |         +|   0|  0|   39|          32|          32|
    |add_ln14_9_fu_2500_p2                   |         +|   0|  0|   39|          32|          32|
    |add_ln14_fu_1369_p2                     |         +|   0|  0|   19|          12|          12|
    |add_ln157_1_fu_3239_p2                  |         +|   0|  0|   24|          17|          17|
    |add_ln157_2_fu_2964_p2                  |         +|   0|  0|   23|          16|          16|
    |add_ln157_3_fu_2970_p2                  |         +|   0|  0|   22|          15|          15|
    |add_ln157_4_fu_2674_p2                  |         +|   0|  0|   21|          14|          14|
    |add_ln157_5_fu_2680_p2                  |         +|   0|  0|   20|          13|          13|
    |add_ln157_6_fu_2384_p2                  |         +|   0|  0|   19|          12|          12|
    |add_ln157_7_fu_2390_p2                  |         +|   0|  0|   18|          11|          11|
    |add_ln157_8_fu_2126_p2                  |         +|   0|  0|   25|          18|          18|
    |add_ln157_9_fu_2132_p2                  |         +|   0|  0|   16|           9|           9|
    |add_ln157_fu_3516_p2                    |         +|   0|  0|   26|          19|          19|
    |add_ln15_10_fu_2709_p2                  |         +|   0|  0|   39|          32|          32|
    |add_ln15_11_fu_2830_p2                  |         +|   0|  0|   39|          32|          32|
    |add_ln15_12_fu_2999_p2                  |         +|   0|  0|   39|          32|          32|
    |add_ln15_13_fu_3120_p2                  |         +|   0|  0|   39|          32|          32|
    |add_ln15_14_fu_3268_p2                  |         +|   0|  0|   39|          32|          32|
    |add_ln15_15_fu_3389_p2                  |         +|   0|  0|   39|          32|          32|
    |add_ln15_16_fu_3545_p2                  |         +|   0|  0|   39|          32|          32|
    |add_ln15_17_fu_3666_p2                  |         +|   0|  0|   39|          32|          32|
    |add_ln15_18_fu_3793_p2                  |         +|   0|  0|   39|          32|          32|
    |add_ln15_19_fu_1598_p2                  |         +|   0|  0|   32|          26|          26|
    |add_ln15_1_fu_1511_p2                   |         +|   0|  0|   39|          32|          32|
    |add_ln15_20_fu_1722_p2                  |         +|   0|  0|   32|          26|          26|
    |add_ln15_21_fu_1826_p2                  |         +|   0|  0|   32|          26|          26|
    |add_ln15_22_fu_1950_p2                  |         +|   0|  0|   32|          26|          26|
    |add_ln15_23_fu_2048_p2                  |         +|   0|  0|   32|          26|          26|
    |add_ln15_24_fu_2220_p2                  |         +|   0|  0|   32|          26|          26|
    |add_ln15_25_fu_2407_p2                  |         +|   0|  0|   32|          26|          26|
    |add_ln15_26_fu_2522_p2                  |         +|   0|  0|   32|          26|          26|
    |add_ln15_27_fu_2697_p2                  |         +|   0|  0|   32|          26|          26|
    |add_ln15_28_fu_2812_p2                  |         +|   0|  0|   32|          26|          26|
    |add_ln15_29_fu_2987_p2                  |         +|   0|  0|   32|          26|          26|
    |add_ln15_2_fu_1616_p2                   |         +|   0|  0|   39|          32|          32|
    |add_ln15_30_fu_3102_p2                  |         +|   0|  0|   32|          26|          26|
    |add_ln15_31_fu_3256_p2                  |         +|   0|  0|   32|          26|          26|
    |add_ln15_32_fu_3371_p2                  |         +|   0|  0|   32|          26|          26|
    |add_ln15_33_fu_3533_p2                  |         +|   0|  0|   32|          26|          26|
    |add_ln15_34_fu_3648_p2                  |         +|   0|  0|   32|          26|          26|
    |add_ln15_35_fu_3781_p2                  |         +|   0|  0|   32|          26|          26|
    |add_ln15_3_fu_1734_p2                   |         +|   0|  0|   39|          32|          32|
    |add_ln15_4_fu_1844_p2                   |         +|   0|  0|   39|          32|          32|
    |add_ln15_5_fu_1962_p2                   |         +|   0|  0|   39|          32|          32|
    |add_ln15_6_fu_2143_p2                   |         +|   0|  0|   39|          32|          32|
    |add_ln15_7_fu_2238_p2                   |         +|   0|  0|   39|          32|          32|
    |add_ln15_8_fu_2419_p2                   |         +|   0|  0|   39|          32|          32|
    |add_ln15_9_fu_2540_p2                   |         +|   0|  0|   39|          32|          32|
    |add_ln15_fu_1387_p2                     |         +|   0|  0|   29|          22|          22|
    |add_ln16_10_fu_2084_p2                  |         +|   0|  0|   32|          26|          26|
    |add_ln16_11_fu_2258_p2                  |         +|   0|  0|   32|          15|          15|
    |add_ln16_12_fu_2276_p2                  |         +|   0|  0|   32|          26|          26|
    |add_ln16_13_fu_2438_p2                  |         +|   0|  0|   32|          15|          15|
    |add_ln16_14_fu_2450_p2                  |         +|   0|  0|   32|          26|          26|
    |add_ln16_15_fu_2560_p2                  |         +|   0|  0|   32|          15|          15|
    |add_ln16_16_fu_2578_p2                  |         +|   0|  0|   32|          26|          26|
    |add_ln16_17_fu_2728_p2                  |         +|   0|  0|   32|          15|          15|
    |add_ln16_18_fu_2740_p2                  |         +|   0|  0|   32|          26|          26|
    |add_ln16_19_fu_2850_p2                  |         +|   0|  0|   32|          15|          15|
    |add_ln16_1_fu_1636_p2                   |         +|   0|  0|   32|          15|          15|
    |add_ln16_20_fu_2868_p2                  |         +|   0|  0|   32|          26|          26|
    |add_ln16_21_fu_3018_p2                  |         +|   0|  0|   32|          15|          15|
    |add_ln16_22_fu_3030_p2                  |         +|   0|  0|   32|          26|          26|
    |add_ln16_23_fu_3140_p2                  |         +|   0|  0|   32|          15|          15|
    |add_ln16_24_fu_3158_p2                  |         +|   0|  0|   32|          26|          26|
    |add_ln16_25_fu_3287_p2                  |         +|   0|  0|   32|          15|          15|
    |add_ln16_26_fu_3299_p2                  |         +|   0|  0|   32|          26|          26|
    |add_ln16_27_fu_3409_p2                  |         +|   0|  0|   32|          15|          15|
    |add_ln16_28_fu_3427_p2                  |         +|   0|  0|   32|          26|          26|
    |add_ln16_29_fu_3564_p2                  |         +|   0|  0|   32|          15|          15|
    |add_ln16_2_fu_1654_p2                   |         +|   0|  0|   32|          26|          26|
    |add_ln16_30_fu_3576_p2                  |         +|   0|  0|   32|          26|          26|
    |add_ln16_31_fu_3686_p2                  |         +|   0|  0|   32|          15|          15|
    |add_ln16_32_fu_3704_p2                  |         +|   0|  0|   32|          26|          26|
    |add_ln16_33_fu_3798_p2                  |         +|   0|  0|   32|          15|          15|
    |add_ln16_34_fu_3810_p2                  |         +|   0|  0|   32|          26|          26|
    |add_ln16_35_fu_3826_p2                  |         +|   0|  0|   32|          15|          15|
    |add_ln16_3_fu_1753_p2                   |         +|   0|  0|   32|          15|          15|
    |add_ln16_4_fu_1765_p2                   |         +|   0|  0|   32|          26|          26|
    |add_ln16_5_fu_1864_p2                   |         +|   0|  0|   32|          15|          15|
    |add_ln16_6_fu_1882_p2                   |         +|   0|  0|   32|          26|          26|
    |add_ln16_7_fu_1981_p2                   |         +|   0|  0|   32|          15|          15|
    |add_ln16_8_fu_1993_p2                   |         +|   0|  0|   32|          26|          26|
    |add_ln16_9_fu_2066_p2                   |         +|   0|  0|   32|          15|          15|
    |add_ln16_fu_1538_p2                     |         +|   0|  0|   33|          26|          26|
    |add_ln348_fu_1148_p2                    |         +|   0|  0|   23|          16|           1|
    |add_ln353_fu_1165_p2                    |         +|   0|  0|   17|          10|           1|
    |add_ln369_1_fu_1285_p2                  |         +|   0|  0|   71|          64|          64|
    |add_ln369_2_fu_1238_p2                  |         +|   0|  0|    9|           2|           1|
    |add_ln369_3_fu_1310_p2                  |         +|   0|  0|    9|           2|           2|
    |add_ln369_fu_1271_p2                    |         +|   0|  0|   38|          31|           1|
    |add_ln400_1_fu_5182_p2                  |         +|   0|  0|   38|          31|           1|
    |add_ln400_2_fu_5517_p2                  |         +|   0|  0|   32|          32|           2|
    |add_ln400_3_fu_5511_p2                  |         +|   0|  0|   39|          32|           2|
    |add_ln400_4_fu_5205_p2                  |         +|   0|  0|   38|          31|           1|
    |add_ln400_fu_5162_p2                    |         +|   0|  0|   38|          31|           2|
    |add_ln409_1_fu_5270_p2                  |         +|   0|  0|   41|          34|           3|
    |add_ln409_2_fu_5402_p2                  |         +|   0|  0|   71|          64|          64|
    |add_ln409_3_fu_5285_p2                  |         +|   0|  0|    9|           2|           2|
    |add_ln409_4_fu_5457_p2                  |         +|   0|  0|   71|          64|          64|
    |add_ln409_5_fu_5393_p2                  |         +|   0|  0|   41|          34|           3|
    |add_ln409_6_fu_5320_p2                  |         +|   0|  0|   32|           2|           1|
    |add_ln409_7_fu_5326_p2                  |         +|   0|  0|   32|           2|           2|
    |add_ln409_8_fu_5341_p2                  |         +|   0|  0|    9|           2|           2|
    |add_ln409_9_fu_5448_p2                  |         +|   0|  0|   41|          34|           3|
    |add_ln409_fu_5280_p2                    |         +|   0|  0|   71|          64|          64|
    |add_ln411_fu_5566_p2                    |         +|   0|  0|   32|          32|           2|
    |add_ln412_1_fu_5591_p2                  |         +|   0|  0|   71|          64|          64|
    |add_ln412_fu_5581_p2                    |         +|   0|  0|   39|          32|           3|
    |add_ln415_1_fu_5657_p2                  |         +|   0|  0|    9|           2|           2|
    |add_ln415_2_fu_5702_p2                  |         +|   0|  0|    9|           2|           1|
    |add_ln415_fu_5616_p2                    |         +|   0|  0|   71|          64|           1|
    |add_ln423_fu_5769_p2                    |         +|   0|  0|   39|          32|           3|
    |grp_fu_1071_p2                          |         +|   0|  0|   39|          32|           1|
    |hashed_fu_3872_p2                       |         +|   0|  0|   33|          26|          26|
    |key_fu_3510_p2                          |         +|   0|  0|   27|          20|          20|
    |my_assoc_mem_fill_1_fu_5064_p2          |         +|   0|  0|   39|          32|           1|
    |next_code_fu_5078_p2                    |         +|   0|  0|   39|          32|           1|
    |output_size_fu_5735_p2                  |         +|   0|  0|   39|          32|           2|
    |adjusted_input_size_fu_5141_p2          |         -|   0|  0|   39|          32|          32|
    |sub_ln399_fu_5123_p2                    |         -|   0|  0|   39|           1|          32|
    |sub_ln400_fu_5523_p2                    |         -|   0|  0|   32|          32|          32|
    |sub_ln401_fu_5245_p2                    |         -|   0|  0|   40|          33|          33|
    |sub_ln411_fu_5560_p2                    |         -|   0|  0|   32|          32|          32|
    |and_ln124_10_fu_4339_p2                 |       and|   0|  0|   10|          10|          10|
    |and_ln124_11_fu_4349_p2                 |       and|   0|  0|   11|          11|          11|
    |and_ln124_12_fu_4359_p2                 |       and|   0|  0|   12|          12|          12|
    |and_ln124_13_fu_4369_p2                 |       and|   0|  0|   13|          13|          13|
    |and_ln124_14_fu_4379_p2                 |       and|   0|  0|   14|          14|          14|
    |and_ln124_15_fu_4389_p2                 |       and|   0|  0|   15|          15|          15|
    |and_ln124_16_fu_4399_p2                 |       and|   0|  0|   16|          16|          16|
    |and_ln124_17_fu_4409_p2                 |       and|   0|  0|   17|          17|          17|
    |and_ln124_18_fu_4419_p2                 |       and|   0|  0|   18|          18|          18|
    |and_ln124_19_fu_4429_p2                 |       and|   0|  0|   19|          19|          19|
    |and_ln124_1_fu_4249_p2                  |       and|   0|  0|    2|           1|           1|
    |and_ln124_20_fu_4439_p2                 |       and|   0|  0|   20|          20|          20|
    |and_ln124_21_fu_4449_p2                 |       and|   0|  0|   21|          21|          21|
    |and_ln124_22_fu_4459_p2                 |       and|   0|  0|   22|          22|          22|
    |and_ln124_23_fu_4469_p2                 |       and|   0|  0|   23|          23|          23|
    |and_ln124_24_fu_4479_p2                 |       and|   0|  0|   24|          24|          24|
    |and_ln124_25_fu_4489_p2                 |       and|   0|  0|   25|          25|          25|
    |and_ln124_26_fu_4499_p2                 |       and|   0|  0|   26|          26|          26|
    |and_ln124_27_fu_4509_p2                 |       and|   0|  0|   27|          27|          27|
    |and_ln124_28_fu_4519_p2                 |       and|   0|  0|   28|          28|          28|
    |and_ln124_29_fu_4529_p2                 |       and|   0|  0|   29|          29|          29|
    |and_ln124_2_fu_4259_p2                  |       and|   0|  0|    2|           2|           2|
    |and_ln124_30_fu_4539_p2                 |       and|   0|  0|   30|          30|          30|
    |and_ln124_31_fu_4549_p2                 |       and|   0|  0|   31|          31|          31|
    |and_ln124_33_fu_4561_p2                 |       and|   0|  0|   31|          31|          31|
    |and_ln124_34_fu_4567_p2                 |       and|   0|  0|   30|          30|          30|
    |and_ln124_35_fu_4573_p2                 |       and|   0|  0|   29|          29|          29|
    |and_ln124_36_fu_4579_p2                 |       and|   0|  0|   28|          28|          28|
    |and_ln124_37_fu_4585_p2                 |       and|   0|  0|   27|          27|          27|
    |and_ln124_38_fu_4591_p2                 |       and|   0|  0|   26|          26|          26|
    |and_ln124_39_fu_4597_p2                 |       and|   0|  0|   25|          25|          25|
    |and_ln124_3_fu_4269_p2                  |       and|   0|  0|    3|           3|           3|
    |and_ln124_40_fu_4603_p2                 |       and|   0|  0|   24|          24|          24|
    |and_ln124_41_fu_4609_p2                 |       and|   0|  0|   23|          23|          23|
    |and_ln124_42_fu_4615_p2                 |       and|   0|  0|   22|          22|          22|
    |and_ln124_43_fu_4621_p2                 |       and|   0|  0|   21|          21|          21|
    |and_ln124_44_fu_4627_p2                 |       and|   0|  0|   20|          20|          20|
    |and_ln124_45_fu_4633_p2                 |       and|   0|  0|   19|          19|          19|
    |and_ln124_46_fu_4639_p2                 |       and|   0|  0|   18|          18|          18|
    |and_ln124_47_fu_4645_p2                 |       and|   0|  0|   17|          17|          17|
    |and_ln124_48_fu_4651_p2                 |       and|   0|  0|   16|          16|          16|
    |and_ln124_49_fu_4657_p2                 |       and|   0|  0|   15|          15|          15|
    |and_ln124_4_fu_4279_p2                  |       and|   0|  0|    4|           4|           4|
    |and_ln124_50_fu_4663_p2                 |       and|   0|  0|   14|          14|          14|
    |and_ln124_51_fu_4669_p2                 |       and|   0|  0|   13|          13|          13|
    |and_ln124_52_fu_4675_p2                 |       and|   0|  0|   12|          12|          12|
    |and_ln124_53_fu_4681_p2                 |       and|   0|  0|   11|          11|          11|
    |and_ln124_54_fu_4687_p2                 |       and|   0|  0|   10|          10|          10|
    |and_ln124_55_fu_4693_p2                 |       and|   0|  0|    9|           9|           9|
    |and_ln124_56_fu_4699_p2                 |       and|   0|  0|    8|           8|           8|
    |and_ln124_57_fu_4705_p2                 |       and|   0|  0|    7|           7|           7|
    |and_ln124_58_fu_4711_p2                 |       and|   0|  0|    6|           6|           6|
    |and_ln124_59_fu_4717_p2                 |       and|   0|  0|    5|           5|           5|
    |and_ln124_5_fu_4289_p2                  |       and|   0|  0|    5|           5|           5|
    |and_ln124_60_fu_4723_p2                 |       and|   0|  0|    4|           4|           4|
    |and_ln124_61_fu_4729_p2                 |       and|   0|  0|    3|           3|           3|
    |and_ln124_62_fu_4735_p2                 |       and|   0|  0|    2|           2|           2|
    |and_ln124_63_fu_4741_p2                 |       and|   0|  0|    2|           1|           1|
    |and_ln124_6_fu_4299_p2                  |       and|   0|  0|    6|           6|           6|
    |and_ln124_7_fu_4309_p2                  |       and|   0|  0|    7|           7|           7|
    |and_ln124_8_fu_4319_p2                  |       and|   0|  0|    8|           8|           8|
    |and_ln124_9_fu_4329_p2                  |       and|   0|  0|    9|           9|           9|
    |and_ln124_fu_4239_p2                    |       and|   0|  0|   32|          32|          32|
    |ap_block_pp2_stage1_11001               |       and|   0|  0|    2|           1|           1|
    |ap_block_pp2_stage71_11001              |       and|   0|  0|    2|           1|           1|
    |ap_block_pp3_stage0_01001               |       and|   0|  0|    2|           1|           1|
    |ap_block_pp3_stage1_01001               |       and|   0|  0|    2|           1|           1|
    |ap_block_state150_io                    |       and|   0|  0|    2|           1|           1|
    |ap_block_state220_pp2_stage71_iter0     |       and|   0|  0|    2|           1|           1|
    |ap_block_state239_io                    |       and|   0|  0|    2|           1|           1|
    |ap_block_state242_io                    |       and|   0|  0|    2|           1|           1|
    |ap_block_state308_pp3_stage1_iter23     |       and|   0|  0|    2|           1|           1|
    |ap_block_state383                       |       and|   0|  0|    2|           1|           1|
    |ap_block_state453                       |       and|   0|  0|    2|           1|           1|
    |ap_condition_2146                       |       and|   0|  0|    2|           1|           1|
    |ap_condition_2506                       |       and|   0|  0|    2|           1|           1|
    |ap_condition_2510                       |       and|   0|  0|    2|           1|           1|
    |ap_condition_7933                       |       and|   0|  0|    2|           1|           1|
    |ap_condition_7938                       |       and|   0|  0|    2|           1|           1|
    |ap_condition_7944                       |       and|   0|  0|    2|           1|           1|
    |ap_condition_7951                       |       and|   0|  0|    2|           1|           1|
    |ap_condition_7959                       |       and|   0|  0|    2|           1|           1|
    |ap_condition_7968                       |       and|   0|  0|    2|           1|           1|
    |ap_condition_7978                       |       and|   0|  0|    2|           1|           1|
    |ap_condition_7989                       |       and|   0|  0|    2|           1|           1|
    |ap_condition_8001                       |       and|   0|  0|    2|           1|           1|
    |ap_condition_8014                       |       and|   0|  0|    2|           1|           1|
    |ap_condition_8028                       |       and|   0|  0|    2|           1|           1|
    |ap_condition_8043                       |       and|   0|  0|    2|           1|           1|
    |ap_condition_8059                       |       and|   0|  0|    2|           1|           1|
    |ap_condition_8076                       |       and|   0|  0|    2|           1|           1|
    |ap_condition_8094                       |       and|   0|  0|    2|           1|           1|
    |ap_condition_8113                       |       and|   0|  0|    2|           1|           1|
    |ap_condition_8133                       |       and|   0|  0|    2|           1|           1|
    |ap_condition_8154                       |       and|   0|  0|    2|           1|           1|
    |ap_condition_8176                       |       and|   0|  0|    2|           1|           1|
    |ap_condition_8199                       |       and|   0|  0|    2|           1|           1|
    |ap_condition_8223                       |       and|   0|  0|    2|           1|           1|
    |ap_condition_8248                       |       and|   0|  0|    2|           1|           1|
    |ap_condition_8274                       |       and|   0|  0|    2|           1|           1|
    |ap_condition_8301                       |       and|   0|  0|    2|           1|           1|
    |ap_condition_8329                       |       and|   0|  0|    2|           1|           1|
    |ap_condition_8358                       |       and|   0|  0|    2|           1|           1|
    |ap_condition_8388                       |       and|   0|  0|    2|           1|           1|
    |ap_condition_8419                       |       and|   0|  0|    2|           1|           1|
    |ap_condition_8451                       |       and|   0|  0|    2|           1|           1|
    |ap_condition_8484                       |       and|   0|  0|    2|           1|           1|
    |ap_predicate_tran233to234_state233      |       and|   0|  0|    2|           1|           1|
    |hit_fu_3932_p2                          |       and|   0|  0|    2|           1|           1|
    |match_fu_4555_p2                        |       and|   0|  0|   32|          32|          32|
    |icmp_ln348_fu_1154_p2                   |      icmp|   0|  0|   13|          16|          17|
    |icmp_ln353_fu_1171_p2                   |      icmp|   0|  0|   11|          10|          11|
    |icmp_ln367_1_fu_1266_p2                 |      icmp|   0|  0|   20|          32|          32|
    |icmp_ln367_fu_1230_p2                   |      icmp|   0|  0|   20|          32|           1|
    |icmp_ln37_fu_3927_p2                    |      icmp|   0|  0|   14|          20|          20|
    |icmp_ln389_fu_5094_p2                   |      icmp|   0|  0|   20|          32|          32|
    |icmp_ln400_1_fu_5156_p2                 |      icmp|   0|  0|   20|          32|           2|
    |icmp_ln400_2_fu_5211_p2                 |      icmp|   0|  0|   19|          31|          31|
    |icmp_ln400_fu_5146_p2                   |      icmp|   0|  0|   20|          32|           1|
    |icmp_ln411_fu_5572_p2                   |      icmp|   0|  0|    8|           2|           1|
    |icmp_ln97_fu_5022_p2                    |      icmp|   0|  0|   17|          26|           1|
    |lshr_ln369_fu_1326_p2                   |      lshr|   0|  0|  100|          32|          32|
    |ap_block_pp3_stage0_11001               |        or|   0|  0|    2|           1|           1|
    |ap_block_pp3_stage1_11001               |        or|   0|  0|    2|           1|           1|
    |ap_block_pp3_stage2_11001               |        or|   0|  0|    2|           1|           1|
    |ap_block_state1                         |        or|   0|  0|    2|           1|           1|
    |ap_block_state240_io                    |        or|   0|  0|    2|           1|           1|
    |ap_block_state314_io                    |        or|   0|  0|    2|           1|           1|
    |ap_condition_1455                       |        or|   0|  0|    2|           1|           1|
    |ap_condition_2385                       |        or|   0|  0|    2|           1|           1|
    |ap_predicate_op2294_writeresp_state453  |        or|   0|  0|    2|           1|           1|
    |or_ln100_fu_5045_p2                     |        or|   0|  0|   64|          64|          64|
    |or_ln101_fu_5052_p2                     |        or|   0|  0|   64|          64|          64|
    |or_ln404_fu_5255_p2                     |        or|   0|  0|   15|          15|           1|
    |or_ln432_fu_1123_p2                     |        or|   0|  0|    8|           8|           1|
    |or_ln99_fu_5038_p2                      |        or|   0|  0|   64|          64|          64|
    |code_fu_3938_p3                         |    select|   0|  0|   12|           1|          12|
    |select_ln399_fu_5129_p3                 |    select|   0|  0|   32|           1|          32|
    |select_ln400_fu_5188_p3                 |    select|   0|  0|   30|           1|          31|
    |shl_ln409_2_fu_5387_p2                  |       shl|   0|  0|  100|          32|          32|
    |shl_ln409_3_fu_5335_p2                  |       shl|   0|  0|    9|           1|           4|
    |shl_ln409_5_fu_5422_p2                  |       shl|   0|  0|  100|          32|          32|
    |shl_ln409_6_fu_5488_p2                  |       shl|   0|  0|    9|           1|           4|
    |shl_ln409_8_fu_5505_p2                  |       shl|   0|  0|  100|          32|          32|
    |shl_ln409_fu_5294_p2                    |       shl|   0|  0|    9|           1|           4|
    |shl_ln415_2_fu_5685_p2                  |       shl|   0|  0|  100|          32|          32|
    |shl_ln415_3_fu_5711_p2                  |       shl|   0|  0|    9|           1|           4|
    |shl_ln415_5_fu_5729_p2                  |       shl|   0|  0|  100|          32|          32|
    |shl_ln415_fu_5667_p2                    |       shl|   0|  0|    9|           1|           4|
    |shl_ln99_fu_5028_p2                     |       shl|   0|  0|  100|           1|          32|
    |ap_enable_pp2                           |       xor|   0|  0|    2|           1|           2|
    |ap_enable_pp3                           |       xor|   0|  0|    2|           1|           2|
    |ap_enable_reg_pp2_iter1                 |       xor|   0|  0|    2|           2|           1|
    |hashed_1_fu_3894_p2                     |       xor|   0|  0|   15|          15|          15|
    |xor_ln14_10_fu_2908_p2                  |       xor|   0|  0|   26|          26|          26|
    |xor_ln14_11_fu_3070_p2                  |       xor|   0|  0|   26|          26|          26|
    |xor_ln14_12_fu_3198_p2                  |       xor|   0|  0|   26|          26|          26|
    |xor_ln14_13_fu_3339_p2                  |       xor|   0|  0|   26|          26|          26|
    |xor_ln14_14_fu_3458_p2                  |       xor|   0|  0|   26|          26|          26|
    |xor_ln14_15_fu_3616_p2                  |       xor|   0|  0|   26|          26|          26|
    |xor_ln14_16_fu_3744_p2                  |       xor|   0|  0|   26|          26|          26|
    |xor_ln14_1_fu_1685_p2                   |       xor|   0|  0|   26|          26|          26|
    |xor_ln14_2_fu_1796_p2                   |       xor|   0|  0|   26|          26|          26|
    |xor_ln14_3_fu_1913_p2                   |       xor|   0|  0|   26|          26|          26|
    |xor_ln14_4_fu_2024_p2                   |       xor|   0|  0|   26|          26|          26|
    |xor_ln14_5_fu_2190_p2                   |       xor|   0|  0|   26|          26|          26|
    |xor_ln14_6_fu_2326_p2                   |       xor|   0|  0|   26|          26|          26|
    |xor_ln14_7_fu_2490_p2                   |       xor|   0|  0|   26|          26|          26|
    |xor_ln14_8_fu_2618_p2                   |       xor|   0|  0|   26|          26|          26|
    |xor_ln14_9_fu_2780_p2                   |       xor|   0|  0|   26|          26|          26|
    |xor_ln14_fu_1568_p2                     |       xor|   0|  0|   26|          26|          26|
    |xor_ln15_10_fu_2920_p2                  |       xor|   0|  0|   15|          15|          15|
    |xor_ln15_11_fu_3092_p2                  |       xor|   0|  0|   15|          15|          15|
    |xor_ln15_12_fu_3210_p2                  |       xor|   0|  0|   15|          15|          15|
    |xor_ln15_13_fu_3361_p2                  |       xor|   0|  0|   15|          15|          15|
    |xor_ln15_14_fu_3470_p2                  |       xor|   0|  0|   15|          15|          15|
    |xor_ln15_15_fu_3638_p2                  |       xor|   0|  0|   15|          15|          15|
    |xor_ln15_16_fu_3756_p2                  |       xor|   0|  0|   15|          15|          15|
    |xor_ln15_1_fu_1697_p2                   |       xor|   0|  0|   15|          15|          15|
    |xor_ln15_2_fu_1817_p2                   |       xor|   0|  0|   15|          15|          15|
    |xor_ln15_3_fu_1925_p2                   |       xor|   0|  0|   15|          15|          15|
    |xor_ln15_4_fu_2039_p2                   |       xor|   0|  0|   15|          15|          15|
    |xor_ln15_5_fu_2211_p2                   |       xor|   0|  0|   15|          15|          15|
    |xor_ln15_6_fu_2338_p2                   |       xor|   0|  0|   15|          15|          15|
    |xor_ln15_7_fu_2512_p2                   |       xor|   0|  0|   15|          15|          15|
    |xor_ln15_8_fu_2630_p2                   |       xor|   0|  0|   15|          15|          15|
    |xor_ln15_9_fu_2802_p2                   |       xor|   0|  0|   15|          15|          15|
    |xor_ln15_fu_1589_p2                     |       xor|   0|  0|   15|          15|          15|
    |xor_ln16_10_fu_2746_p2                  |       xor|   0|  0|   32|          32|          32|
    |xor_ln16_11_fu_2874_p2                  |       xor|   0|  0|   32|          32|          32|
    |xor_ln16_12_fu_3036_p2                  |       xor|   0|  0|   32|          32|          32|
    |xor_ln16_13_fu_3164_p2                  |       xor|   0|  0|   32|          32|          32|
    |xor_ln16_14_fu_3305_p2                  |       xor|   0|  0|   32|          32|          32|
    |xor_ln16_15_fu_3433_p2                  |       xor|   0|  0|   32|          32|          32|
    |xor_ln16_16_fu_3582_p2                  |       xor|   0|  0|   32|          32|          32|
    |xor_ln16_17_fu_3710_p2                  |       xor|   0|  0|   32|          32|          32|
    |xor_ln16_18_fu_3842_p2                  |       xor|   0|  0|   26|          26|          26|
    |xor_ln16_1_fu_1544_p2                   |       xor|   0|  0|   32|          32|          32|
    |xor_ln16_2_fu_1660_p2                   |       xor|   0|  0|   32|          32|          32|
    |xor_ln16_3_fu_1771_p2                   |       xor|   0|  0|   32|          32|          32|
    |xor_ln16_4_fu_1888_p2                   |       xor|   0|  0|   32|          32|          32|
    |xor_ln16_5_fu_1999_p2                   |       xor|   0|  0|   32|          32|          32|
    |xor_ln16_6_fu_2162_p2                   |       xor|   0|  0|   32|          32|          32|
    |xor_ln16_7_fu_2282_p2                   |       xor|   0|  0|   32|          32|          32|
    |xor_ln16_8_fu_2456_p2                   |       xor|   0|  0|   32|          32|          32|
    |xor_ln16_9_fu_2584_p2                   |       xor|   0|  0|   32|          32|          32|
    |xor_ln16_fu_1407_p2                     |       xor|   0|  0|   22|          22|          22|
    |xor_ln18_fu_3854_p2                     |       xor|   0|  0|   15|          15|          15|
    |xor_ln409_fu_5199_p2                    |       xor|   0|  0|    3|           2|           3|
    +----------------------------------------+----------+----+---+-----+------------+------------+
    |Total                                   |          |   0|  0| 9060|        7004|        6445|
    +----------------------------------------+----------+----+---+-----+------------+------------+

    * Multiplexer: 
    +--------------------------------------------+------+-----------+-----+-----------+
    |                    Name                    |  LUT | Input Size| Bits| Total Bits|
    +--------------------------------------------+------+-----------+-----+-----------+
    |ap_NS_fsm                                   |  2022|        383|    1|        383|
    |ap_done                                     |     9|          2|    1|          2|
    |ap_enable_reg_pp2_iter1                     |    14|          3|    1|          3|
    |ap_enable_reg_pp3_iter24                    |     9|          2|    1|          2|
    |ap_phi_mux_address_lcssa4_phi_fu_872_p64    |   152|         33|    5|        165|
    |ap_phi_mux_i_2_phi_fu_851_p4                |     9|          2|   31|         62|
    |ap_phi_mux_i_3_phi_fu_1023_p4               |     9|          2|   32|         64|
    |ap_phi_mux_indvar_phi_fu_1012_p4            |     9|          2|   31|         62|
    |ap_phi_mux_j_0_lcssa_phi_fu_1000_p4         |     9|          2|   32|         64|
    |ap_phi_mux_phi_ln390_phi_fu_973_p4          |     9|          2|   12|         24|
    |ap_phi_mux_prefix_code_1_phi_fu_985_p6      |     9|          2|   12|         24|
    |ap_phi_reg_pp2_iter1_prefix_code_1_reg_981  |     9|          2|   12|         24|
    |gmem_ARADDR                                 |    20|          4|   64|        256|
    |gmem_AWADDR                                 |    54|         10|   64|        640|
    |gmem_WDATA                                  |    54|         10|   32|        320|
    |gmem_WSTRB                                  |    37|          7|    4|         28|
    |gmem_blk_n_AR                               |     9|          2|    1|          2|
    |gmem_blk_n_AW                               |     9|          2|    1|          2|
    |gmem_blk_n_B                                |     9|          2|    1|          2|
    |gmem_blk_n_R                                |     9|          2|    1|          2|
    |gmem_blk_n_W                                |     9|          2|    1|          2|
    |hash_table_address0                         |    20|          4|   15|         60|
    |hash_table_d0                               |    14|          3|   33|         99|
    |i_1_reg_836                                 |     9|          2|   10|         20|
    |i_2_reg_847                                 |     9|          2|   31|         62|
    |i_3_reg_1019                                |     9|          2|   32|         64|
    |i_reg_825                                   |     9|          2|   16|         32|
    |indvar_reg_1008                             |     9|          2|   31|         62|
    |j_0_lcssa_reg_996                           |     9|          2|   32|         64|
    |j_fu_466                                    |     9|          2|   32|         64|
    |my_assoc_mem_fill_fu_458                    |     9|          2|   32|         64|
    |my_assoc_mem_lower_key_mem_address0         |    20|          4|    9|         36|
    |my_assoc_mem_lower_key_mem_d0               |    14|          3|   64|        192|
    |my_assoc_mem_middle_key_mem_address0        |    20|          4|    9|         36|
    |my_assoc_mem_middle_key_mem_d0              |    14|          3|   64|        192|
    |my_assoc_mem_upper_key_mem_address0         |    20|          4|    9|         36|
    |my_assoc_mem_upper_key_mem_d0               |    14|          3|   64|        192|
    |my_assoc_mem_value_address0                 |    14|          3|    6|         18|
    |out_code_address0                           |    20|          4|   15|         60|
    |out_code_address1                           |    14|          3|   15|         45|
    |out_code_d0                                 |    14|          3|   12|         36|
    |output_size_0_lcssa_reg_1031                |     9|          2|   32|         64|
    |output_size_1_reg_1043                      |     9|          2|   32|         64|
    |prefix_code_2_reg_858                       |     9|          2|   12|         24|
    |value_1_fu_462                              |     9|          2|   32|         64|
    +--------------------------------------------+------+-----------+-----+-----------+
    |Total                                       |  2785|        543|  979|       3783|
    +--------------------------------------------+------+-----------+-----+-----------+

    * Register: 
    +--------------------------------------------+-----+----+-----+-----------+
    |                    Name                    |  FF | LUT| Bits| Const Bits|
    +--------------------------------------------+-----+----+-----+-----------+
    |add_ln14_10_reg_6148                        |   32|   0|   32|          0|
    |add_ln14_12_reg_6180                        |   32|   0|   32|          0|
    |add_ln14_14_reg_6212                        |   32|   0|   32|          0|
    |add_ln14_16_reg_6238                        |   32|   0|   32|          0|
    |add_ln14_18_reg_6277                        |   32|   0|   32|          0|
    |add_ln14_1_reg_5954                         |   23|   0|   23|          0|
    |add_ln14_24_reg_6078                        |   15|   0|   15|          0|
    |add_ln14_3_reg_6020                         |   32|   0|   32|          0|
    |add_ln14_5_reg_6046                         |   32|   0|   32|          0|
    |add_ln14_6_reg_6067                         |   32|   0|   32|          0|
    |add_ln14_8_reg_6104                         |   32|   0|   32|          0|
    |add_ln157_9_reg_6083                        |    9|   0|    9|          0|
    |add_ln16_10_reg_6073                        |   26|   0|   26|          0|
    |add_ln369_2_reg_5900                        |    2|   0|    2|          0|
    |add_ln369_3_reg_5929                        |    2|   0|    2|          0|
    |add_ln369_reg_5917                          |   31|   0|   31|          0|
    |add_ln400_3_reg_6602                        |   32|   0|   32|          0|
    |add_ln400_4_reg_6508                        |   31|   0|   31|          0|
    |add_ln409_3_reg_6533                        |    2|   0|    2|          0|
    |add_ln409_7_reg_6549                        |    2|   0|    2|          0|
    |add_ln409_8_reg_6559                        |    2|   0|    2|          0|
    |add_ln415_1_reg_6638                        |    2|   0|    2|          0|
    |add_ln423_reg_6680                          |   32|   0|   32|          0|
    |adjusted_input_size_reg_6483                |   32|   0|   32|          0|
    |and_ln124_63_reg_6331                       |    1|   0|    1|          0|
    |ap_CS_fsm                                   |  382|   0|  382|          0|
    |ap_done_reg                                 |    1|   0|    1|          0|
    |ap_enable_reg_pp2_iter0                     |    1|   0|    1|          0|
    |ap_enable_reg_pp2_iter1                     |    1|   0|    1|          0|
    |ap_enable_reg_pp3_iter0                     |    1|   0|    1|          0|
    |ap_enable_reg_pp3_iter1                     |    1|   0|    1|          0|
    |ap_enable_reg_pp3_iter10                    |    1|   0|    1|          0|
    |ap_enable_reg_pp3_iter11                    |    1|   0|    1|          0|
    |ap_enable_reg_pp3_iter12                    |    1|   0|    1|          0|
    |ap_enable_reg_pp3_iter13                    |    1|   0|    1|          0|
    |ap_enable_reg_pp3_iter14                    |    1|   0|    1|          0|
    |ap_enable_reg_pp3_iter15                    |    1|   0|    1|          0|
    |ap_enable_reg_pp3_iter16                    |    1|   0|    1|          0|
    |ap_enable_reg_pp3_iter17                    |    1|   0|    1|          0|
    |ap_enable_reg_pp3_iter18                    |    1|   0|    1|          0|
    |ap_enable_reg_pp3_iter19                    |    1|   0|    1|          0|
    |ap_enable_reg_pp3_iter2                     |    1|   0|    1|          0|
    |ap_enable_reg_pp3_iter20                    |    1|   0|    1|          0|
    |ap_enable_reg_pp3_iter21                    |    1|   0|    1|          0|
    |ap_enable_reg_pp3_iter22                    |    1|   0|    1|          0|
    |ap_enable_reg_pp3_iter23                    |    1|   0|    1|          0|
    |ap_enable_reg_pp3_iter24                    |    1|   0|    1|          0|
    |ap_enable_reg_pp3_iter3                     |    1|   0|    1|          0|
    |ap_enable_reg_pp3_iter4                     |    1|   0|    1|          0|
    |ap_enable_reg_pp3_iter5                     |    1|   0|    1|          0|
    |ap_enable_reg_pp3_iter6                     |    1|   0|    1|          0|
    |ap_enable_reg_pp3_iter7                     |    1|   0|    1|          0|
    |ap_enable_reg_pp3_iter8                     |    1|   0|    1|          0|
    |ap_enable_reg_pp3_iter9                     |    1|   0|    1|          0|
    |ap_phi_reg_pp2_iter0_phi_ln390_reg_970      |   12|   0|   12|          0|
    |ap_phi_reg_pp2_iter1_phi_ln390_reg_970      |   12|   0|   12|          0|
    |ap_phi_reg_pp2_iter1_prefix_code_1_reg_981  |   12|   0|   12|          0|
    |ap_rst_n_inv                                |    1|   0|    1|          0|
    |ap_rst_reg_1                                |    1|   0|    1|          0|
    |ap_rst_reg_2                                |    1|   0|    1|          0|
    |gmem_addr_11_reg_6674                       |   64|   0|   64|          0|
    |gmem_addr_3_read_reg_5862                   |   32|   0|   32|          0|
    |gmem_addr_3_reg_5851                        |   64|   0|   64|          0|
    |gmem_addr_4_read_reg_5934                   |   32|   0|   32|          0|
    |gmem_addr_4_reg_5923                        |   64|   0|   64|          0|
    |gmem_addr_5_reg_6543                        |   64|   0|   64|          0|
    |gmem_addr_6_reg_6580                        |   64|   0|   64|          0|
    |gmem_addr_7_reg_6586                        |   64|   0|   64|          0|
    |gmem_addr_8_reg_6621                        |   64|   0|   64|          0|
    |gmem_addr_9_reg_6627                        |   64|   0|   64|          0|
    |hash_table_addr_1_reg_6298                  |   15|   0|   15|          0|
    |hit_reg_6307                                |    1|   0|    1|          0|
    |i_1_reg_836                                 |   10|   0|   10|          0|
    |i_2_reg_847                                 |   31|   0|   31|          0|
    |i_3_reg_1019                                |   32|   0|   32|          0|
    |i_reg_825                                   |   16|   0|   16|          0|
    |icmp_ln367_1_reg_5913                       |    1|   0|    1|          0|
    |icmp_ln367_reg_5874                         |    1|   0|    1|          0|
    |icmp_ln389_reg_6468                         |    1|   0|    1|          0|
    |icmp_ln400_2_reg_6513                       |    1|   0|    1|          0|
    |icmp_ln400_reg_6488                         |    1|   0|    1|          0|
    |icmp_ln411_reg_6612                         |    1|   0|    1|          0|
    |icmp_ln97_reg_6459                          |    1|   0|    1|          0|
    |indvar_reg_1008                             |   31|   0|   31|          0|
    |j_0_lcssa_reg_996                           |   32|   0|   32|          0|
    |j_1_reg_5905                                |   32|   0|   32|          0|
    |j_fu_466                                    |   32|   0|   32|          0|
    |key_reg_6259                                |   20|   0|   20|          0|
    |mem_lower_key_mem_addr_reg_6326             |    9|   0|    9|          0|
    |mem_middle_key_mem_addr_reg_6321            |    9|   0|    9|          0|
    |mem_upper_key_mem_addr_reg_6316             |    2|   0|    9|          7|
    |my_assoc_mem_fill_fu_458                    |   32|   0|   32|          0|
    |next_char_reg_5939                          |    8|   0|    8|          0|
    |output_size_0_lcssa_reg_1031                |   32|   0|   32|          0|
    |output_size_1_reg_1043                      |   32|   0|   32|          0|
    |prefix_code_2_reg_858                       |   12|   0|   12|          0|
    |prefix_code_reg_5857                        |    8|   0|    8|          0|
    |select_ln399_reg_6472                       |   32|   0|   32|          0|
    |select_ln400_reg_6492                       |   31|   0|   31|          0|
    |sext_ln372_reg_6132                         |   12|   0|   12|          0|
    |sext_ln401_reg_6517                         |   34|   0|   34|          0|
    |shl_ln409_2_reg_6570                        |   32|   0|   32|          0|
    |shl_ln409_3_reg_6554                        |    4|   0|    4|          0|
    |shl_ln409_5_reg_6575                        |   32|   0|   32|          0|
    |shl_ln409_6_reg_6592                        |    4|   0|    4|          0|
    |shl_ln409_8_reg_6597                        |   32|   0|   32|          0|
    |shl_ln409_reg_6538                          |    4|   0|    4|          0|
    |shl_ln415_2_reg_6648                        |   32|   0|   32|          0|
    |shl_ln415_3_reg_6653                        |    4|   0|    4|          0|
    |shl_ln415_5_reg_6658                        |   32|   0|   32|          0|
    |shl_ln415_reg_6643                          |    4|   0|    4|          0|
    |tmp_11_reg_6137                             |    1|   0|    1|          0|
    |tmp_13_reg_6169                             |    1|   0|    1|          0|
    |tmp_15_reg_6201                             |    1|   0|    1|          0|
    |tmp_17_reg_6125                             |    1|   0|    1|          0|
    |tmp_19_reg_6266                             |    1|   0|    1|          0|
    |tmp_22_reg_6335                             |    1|   0|    1|          0|
    |tmp_23_reg_6339                             |    1|   0|    1|          0|
    |tmp_24_reg_6343                             |    1|   0|    1|          0|
    |tmp_25_reg_6347                             |    1|   0|    1|          0|
    |tmp_26_reg_6351                             |    1|   0|    1|          0|
    |tmp_27_reg_6355                             |    1|   0|    1|          0|
    |tmp_28_reg_6359                             |    1|   0|    1|          0|
    |tmp_29_reg_6363                             |    1|   0|    1|          0|
    |tmp_2_reg_5812                              |   24|   0|   24|          0|
    |tmp_30_reg_6367                             |    1|   0|    1|          0|
    |tmp_31_reg_6371                             |    1|   0|    1|          0|
    |tmp_32_reg_6375                             |    1|   0|    1|          0|
    |tmp_33_reg_6379                             |    1|   0|    1|          0|
    |tmp_34_reg_6383                             |    1|   0|    1|          0|
    |tmp_35_reg_6387                             |    1|   0|    1|          0|
    |tmp_36_reg_6391                             |    1|   0|    1|          0|
    |tmp_37_reg_6395                             |    1|   0|    1|          0|
    |tmp_38_reg_6399                             |    1|   0|    1|          0|
    |tmp_39_reg_6403                             |    1|   0|    1|          0|
    |tmp_3_reg_5980                              |    1|   0|    1|          0|
    |tmp_40_reg_6407                             |    1|   0|    1|          0|
    |tmp_41_reg_6411                             |    1|   0|    1|          0|
    |tmp_42_reg_6415                             |    1|   0|    1|          0|
    |tmp_43_reg_6419                             |    1|   0|    1|          0|
    |tmp_44_reg_6423                             |    1|   0|    1|          0|
    |tmp_45_reg_6427                             |    1|   0|    1|          0|
    |tmp_46_reg_6431                             |    1|   0|    1|          0|
    |tmp_47_reg_6435                             |    1|   0|    1|          0|
    |tmp_48_reg_6439                             |    1|   0|    1|          0|
    |tmp_49_reg_6443                             |    1|   0|    1|          0|
    |tmp_4_reg_5987                              |    1|   0|    1|          0|
    |tmp_50_reg_6447                             |    1|   0|    1|          0|
    |tmp_51_reg_6451                             |    1|   0|    1|          0|
    |tmp_52_reg_6455                             |    1|   0|    1|          0|
    |tmp_5_reg_5994                              |    1|   0|    1|          0|
    |tmp_6_reg_6001                              |    1|   0|    1|          0|
    |tmp_7_reg_6008                              |    1|   0|    1|          0|
    |tmp_9_reg_6093                              |    1|   0|    1|          0|
    |trunc_ln14_2_reg_6088                       |    9|   0|    9|          0|
    |trunc_ln15_17_reg_5960                      |   22|   0|   22|          0|
    |trunc_ln15_18_reg_5965                      |   16|   0|   16|          0|
    |trunc_ln15_20_reg_6031                      |   16|   0|   16|          0|
    |trunc_ln15_22_reg_6057                      |   16|   0|   16|          0|
    |trunc_ln15_25_reg_6115                      |   16|   0|   16|          0|
    |trunc_ln15_27_reg_6159                      |   16|   0|   16|          0|
    |trunc_ln15_29_reg_6191                      |   16|   0|   16|          0|
    |trunc_ln15_31_reg_6223                      |   16|   0|   16|          0|
    |trunc_ln15_33_reg_6249                      |   16|   0|   16|          0|
    |trunc_ln15_35_reg_6288                      |   16|   0|   16|          0|
    |trunc_ln16_13_reg_6062                      |    5|   0|    5|          0|
    |trunc_ln16_19_reg_6120                      |    5|   0|    5|          0|
    |trunc_ln16_23_reg_6164                      |    5|   0|    5|          0|
    |trunc_ln16_27_reg_6196                      |    5|   0|    5|          0|
    |trunc_ln16_2_reg_5970                       |   15|   0|   15|          0|
    |trunc_ln16_31_reg_6228                      |    5|   0|    5|          0|
    |trunc_ln16_37_reg_6254                      |    5|   0|    5|          0|
    |trunc_ln16_39_reg_6293                      |    5|   0|    5|          0|
    |trunc_ln16_4_reg_5975                       |    5|   0|    5|          0|
    |trunc_ln16_8_reg_6036                       |    5|   0|    5|          0|
    |trunc_ln399_1_reg_6478                      |    2|   0|    2|          0|
    |trunc_ln400_1_reg_6497                      |    2|   0|    2|          0|
    |trunc_ln407_reg_6565                        |    8|   0|    8|          0|
    |trunc_ln414_reg_6633                        |    4|   0|    4|          0|
    |trunc_ln428_reg_5807                        |    7|   0|    7|          0|
    |valid_reg_6303                              |    1|   0|    1|          0|
    |value_1_fu_462                              |   32|   0|   32|          0|
    |xor_ln14_10_reg_6175                        |   26|   0|   26|          0|
    |xor_ln14_12_reg_6207                        |   26|   0|   26|          0|
    |xor_ln14_14_reg_6233                        |   26|   0|   26|          0|
    |xor_ln14_16_reg_6272                        |   26|   0|   26|          0|
    |xor_ln14_1_reg_6015                         |   26|   0|   26|          0|
    |xor_ln14_3_reg_6041                         |   26|   0|   26|          0|
    |xor_ln14_6_reg_6099                         |   26|   0|   26|          0|
    |xor_ln14_8_reg_6143                         |   26|   0|   26|          0|
    |xor_ln15_10_reg_6186                        |   15|   0|   15|          0|
    |xor_ln15_12_reg_6218                        |   15|   0|   15|          0|
    |xor_ln15_14_reg_6244                        |   15|   0|   15|          0|
    |xor_ln15_16_reg_6283                        |   15|   0|   15|          0|
    |xor_ln15_1_reg_6026                         |   15|   0|   15|          0|
    |xor_ln15_3_reg_6052                         |   15|   0|   15|          0|
    |xor_ln15_6_reg_6110                         |   15|   0|   15|          0|
    |xor_ln15_8_reg_6154                         |   15|   0|   15|          0|
    |xor_ln409_reg_6503                          |    2|   0|    2|          0|
    |icmp_ln400_2_reg_6513                       |   64|  32|    1|          0|
    +--------------------------------------------+-----+----+-----+-----------+
    |Total                                       | 3000|  32| 2944|          7|
    +--------------------------------------------+-----+----+-----+-----------+



================================================================
== Interface
================================================================
* Summary: 
+-----------------------+-----+-----+---------------+-----------------+--------------+
|       RTL Ports       | Dir | Bits|    Protocol   |  Source Object  |    C Type    |
+-----------------------+-----+-----+---------------+-----------------+--------------+
|s_axi_control_AWVALID  |   in|    1|          s_axi|          control|        scalar|
|s_axi_control_AWREADY  |  out|    1|          s_axi|          control|        scalar|
|s_axi_control_AWADDR   |   in|    7|          s_axi|          control|        scalar|
|s_axi_control_WVALID   |   in|    1|          s_axi|          control|        scalar|
|s_axi_control_WREADY   |  out|    1|          s_axi|          control|        scalar|
|s_axi_control_WDATA    |   in|   32|          s_axi|          control|        scalar|
|s_axi_control_WSTRB    |   in|    4|          s_axi|          control|        scalar|
|s_axi_control_ARVALID  |   in|    1|          s_axi|          control|        scalar|
|s_axi_control_ARREADY  |  out|    1|          s_axi|          control|        scalar|
|s_axi_control_ARADDR   |   in|    7|          s_axi|          control|        scalar|
|s_axi_control_RVALID   |  out|    1|          s_axi|          control|        scalar|
|s_axi_control_RREADY   |   in|    1|          s_axi|          control|        scalar|
|s_axi_control_RDATA    |  out|   32|          s_axi|          control|        scalar|
|s_axi_control_RRESP    |  out|    2|          s_axi|          control|        scalar|
|s_axi_control_BVALID   |  out|    1|          s_axi|          control|        scalar|
|s_axi_control_BREADY   |   in|    1|          s_axi|          control|        scalar|
|s_axi_control_BRESP    |  out|    2|          s_axi|          control|        scalar|
|ap_clk                 |   in|    1|  ap_ctrl_chain|  lzw_compress_hw|  return value|
|ap_rst_n               |   in|    1|  ap_ctrl_chain|  lzw_compress_hw|  return value|
|interrupt              |  out|    1|  ap_ctrl_chain|  lzw_compress_hw|  return value|
|m_axi_gmem_AWVALID     |  out|    1|          m_axi|             gmem|       pointer|
|m_axi_gmem_AWREADY     |   in|    1|          m_axi|             gmem|       pointer|
|m_axi_gmem_AWADDR      |  out|   64|          m_axi|             gmem|       pointer|
|m_axi_gmem_AWID        |  out|    1|          m_axi|             gmem|       pointer|
|m_axi_gmem_AWLEN       |  out|    8|          m_axi|             gmem|       pointer|
|m_axi_gmem_AWSIZE      |  out|    3|          m_axi|             gmem|       pointer|
|m_axi_gmem_AWBURST     |  out|    2|          m_axi|             gmem|       pointer|
|m_axi_gmem_AWLOCK      |  out|    2|          m_axi|             gmem|       pointer|
|m_axi_gmem_AWCACHE     |  out|    4|          m_axi|             gmem|       pointer|
|m_axi_gmem_AWPROT      |  out|    3|          m_axi|             gmem|       pointer|
|m_axi_gmem_AWQOS       |  out|    4|          m_axi|             gmem|       pointer|
|m_axi_gmem_AWREGION    |  out|    4|          m_axi|             gmem|       pointer|
|m_axi_gmem_AWUSER      |  out|    1|          m_axi|             gmem|       pointer|
|m_axi_gmem_WVALID      |  out|    1|          m_axi|             gmem|       pointer|
|m_axi_gmem_WREADY      |   in|    1|          m_axi|             gmem|       pointer|
|m_axi_gmem_WDATA       |  out|   32|          m_axi|             gmem|       pointer|
|m_axi_gmem_WSTRB       |  out|    4|          m_axi|             gmem|       pointer|
|m_axi_gmem_WLAST       |  out|    1|          m_axi|             gmem|       pointer|
|m_axi_gmem_WID         |  out|    1|          m_axi|             gmem|       pointer|
|m_axi_gmem_WUSER       |  out|    1|          m_axi|             gmem|       pointer|
|m_axi_gmem_ARVALID     |  out|    1|          m_axi|             gmem|       pointer|
|m_axi_gmem_ARREADY     |   in|    1|          m_axi|             gmem|       pointer|
|m_axi_gmem_ARADDR      |  out|   64|          m_axi|             gmem|       pointer|
|m_axi_gmem_ARID        |  out|    1|          m_axi|             gmem|       pointer|
|m_axi_gmem_ARLEN       |  out|    8|          m_axi|             gmem|       pointer|
|m_axi_gmem_ARSIZE      |  out|    3|          m_axi|             gmem|       pointer|
|m_axi_gmem_ARBURST     |  out|    2|          m_axi|             gmem|       pointer|
|m_axi_gmem_ARLOCK      |  out|    2|          m_axi|             gmem|       pointer|
|m_axi_gmem_ARCACHE     |  out|    4|          m_axi|             gmem|       pointer|
|m_axi_gmem_ARPROT      |  out|    3|          m_axi|             gmem|       pointer|
|m_axi_gmem_ARQOS       |  out|    4|          m_axi|             gmem|       pointer|
|m_axi_gmem_ARREGION    |  out|    4|          m_axi|             gmem|       pointer|
|m_axi_gmem_ARUSER      |  out|    1|          m_axi|             gmem|       pointer|
|m_axi_gmem_RVALID      |   in|    1|          m_axi|             gmem|       pointer|
|m_axi_gmem_RREADY      |  out|    1|          m_axi|             gmem|       pointer|
|m_axi_gmem_RDATA       |   in|   32|          m_axi|             gmem|       pointer|
|m_axi_gmem_RLAST       |   in|    1|          m_axi|             gmem|       pointer|
|m_axi_gmem_RID         |   in|    1|          m_axi|             gmem|       pointer|
|m_axi_gmem_RUSER       |   in|    1|          m_axi|             gmem|       pointer|
|m_axi_gmem_RRESP       |   in|    2|          m_axi|             gmem|       pointer|
|m_axi_gmem_BVALID      |   in|    1|          m_axi|             gmem|       pointer|
|m_axi_gmem_BREADY      |  out|    1|          m_axi|             gmem|       pointer|
|m_axi_gmem_BRESP       |   in|    2|          m_axi|             gmem|       pointer|
|m_axi_gmem_BID         |   in|    1|          m_axi|             gmem|       pointer|
|m_axi_gmem_BUSER       |   in|    1|          m_axi|             gmem|       pointer|
+-----------------------+-----+-----+---------------+-----------------+--------------+

