==============================================================
Vitis HLS - High-Level Synthesis from C, C++ and OpenCL v2020.2 (64-bit)
Copyright 1986-2020 Xilinx, Inc. All Rights Reserved.
==============================================================
INFO: [SYN 201-201] Setting up clock 'default' with a period of 6.667ns.
INFO: [HLS 200-10] Setting target device to 'xczu3eg-sbva484-1-i'
INFO: [HLS 200-1505] Using flow_target 'vitis'
INFO: [HLS 200-435] Setting 'open_solution -flow_target vitis' configuration: config_interface -m_axi_latency=64
INFO: [HLS 200-435] Setting 'open_solution -flow_target vitis' configuration: config_interface -m_axi_alignment_byte_size=64
INFO: [HLS 200-435] Setting 'open_solution -flow_target vitis' configuration: config_interface -m_axi_max_widen_bitwidth=512
INFO: [HLS 200-435] Setting 'open_solution -flow_target vitis' configuration: config_interface -m_axi_offset=slave
INFO: [HLS 200-435] Setting 'open_solution -flow_target vitis' configuration: config_rtl -register_reset_num=3
INFO: [HLS 200-1510] Running: set_part xczu3eg-sbva484-1-i 
INFO: [HLS 200-1510] Running: create_clock -period 150MHz -name default 
INFO: [SYN 201-201] Setting up clock 'default' with a period of 6.667ns.
INFO: [HLS 200-1510] Running: csynth_design 
INFO: [HLS 200-111] Finished File checks and directory preparation: CPU user time: 0.01 seconds. CPU system time: 0 seconds. Elapsed time: 0.02 seconds; current allocated memory: 207.960 MB.
INFO: [HLS 200-10] Analyzing design file 'Server/lzw.cpp' ... 
INFO: [HLS 200-111] Finished Source Code Analysis and Preprocessing: CPU user time: 1.07 seconds. CPU system time: 0.15 seconds. Elapsed time: 3.58 seconds; current allocated memory: 209.151 MB.
INFO: [HLS 200-777] Using interface defaults for 'Vitis' flow target.
INFO: [HLS 214-178] Inlining function 'my_hash(unsigned long)' into 'hash_lookup(unsigned long*, unsigned int, bool*, unsigned int*)' (Server/lzw.cpp:26:0)
INFO: [HLS 214-178] Inlining function 'hash_lookup(unsigned long*, unsigned int, bool*, unsigned int*)' into 'lookup(unsigned long*, assoc_mem*, unsigned int, bool*, unsigned int*)' (Server/lzw.cpp:158:0)
INFO: [HLS 214-178] Inlining function 'assoc_lookup(assoc_mem*, unsigned int, bool*, unsigned int*)' into 'lookup(unsigned long*, assoc_mem*, unsigned int, bool*, unsigned int*)' (Server/lzw.cpp:158:0)
INFO: [HLS 214-178] Inlining function 'my_hash(unsigned long)' into 'hash_insert(unsigned long*, unsigned int, unsigned int, bool*)' (Server/lzw.cpp:53:0)
INFO: [HLS 214-178] Inlining function 'hash_insert(unsigned long*, unsigned int, unsigned int, bool*)' into 'insert(unsigned long*, assoc_mem*, unsigned int, unsigned int, bool*)' (Server/lzw.cpp:149:0)
INFO: [HLS 214-178] Inlining function 'assoc_insert(assoc_mem*, unsigned int, unsigned int, bool*)' into 'insert(unsigned long*, assoc_mem*, unsigned int, unsigned int, bool*)' (Server/lzw.cpp:149:0)
INFO: [HLS 214-178] Inlining function 'lookup(unsigned long*, assoc_mem*, unsigned int, bool*, unsigned int*)' into 'lzw_compress_hw(unsigned char*, int*, unsigned char, int, unsigned char*, unsigned int*)' (Server/lzw.cpp:340:0)
INFO: [HLS 214-178] Inlining function 'insert(unsigned long*, assoc_mem*, unsigned int, unsigned int, bool*)' into 'lzw_compress_hw(unsigned char*, int*, unsigned char, int, unsigned char*, unsigned int*)' (Server/lzw.cpp:340:0)
INFO: [HLS 200-111] Finished Compiling Optimization and Transform: CPU user time: 2.71 seconds. CPU system time: 0.26 seconds. Elapsed time: 4.51 seconds; current allocated memory: 211.494 MB.
INFO: [HLS 200-111] Finished Checking Pragmas: CPU user time: 0 seconds. CPU system time: 0 seconds. Elapsed time: 0.01 seconds; current allocated memory: 211.495 MB.
INFO: [HLS 200-10] Starting code transformations ...
INFO: [HLS 200-111] Finished Standard Transforms: CPU user time: 0.03 seconds. CPU system time: 0.01 seconds. Elapsed time: 0.36 seconds; current allocated memory: 214.159 MB.
INFO: [HLS 200-10] Checking synthesizability ...
INFO: [HLS 200-111] Finished Checking Synthesizability: CPU user time: 0.06 seconds. CPU system time: 0 seconds. Elapsed time: 0.08 seconds; current allocated memory: 214.097 MB.
INFO: [XFORM 203-510] Pipelining loop 'VITIS_LOOP_348_1' (Server/lzw.cpp:348) in function 'lzw_compress_hw' automatically.
INFO: [XFORM 203-510] Pipelining loop 'VITIS_LOOP_353_2' (Server/lzw.cpp:353) in function 'lzw_compress_hw' automatically.
INFO: [XFORM 203-510] Pipelining loop 'VITIS_LOOP_367_3' (Server/lzw.cpp:344) in function 'lzw_compress_hw' automatically.
INFO: [XFORM 203-510] Pipelining loop 'VITIS_LOOP_400_4' (Server/lzw.cpp:400) in function 'lzw_compress_hw' automatically.
INFO: [XFORM 203-502] Unrolling all sub-loops inside loop 'VITIS_LOOP_367_3' (Server/lzw.cpp:344) in function 'lzw_compress_hw' for pipelining.
INFO: [HLS 200-489] Unrolling loop 'VITIS_LOOP_12_1' (Server/lzw.cpp:12) in function 'lzw_compress_hw' completely with a factor of 20.
INFO: [HLS 200-489] Unrolling loop 'VITIS_LOOP_127_1' (Server/lzw.cpp:126) in function 'lzw_compress_hw' completely with a factor of 64.
INFO: [HLS 200-111] Finished Loop, function and other optimizations: CPU user time: 0.34 seconds. CPU system time: 0.01 seconds. Elapsed time: 0.43 seconds; current allocated memory: 237.568 MB.
INFO: [HLS 200-472] Inferring partial write operation for 'hash_table' (Server/lzw.cpp:350:27)
INFO: [HLS 200-472] Inferring partial write operation for 'my_assoc_mem.upper_key_mem' (Server/lzw.cpp:355:43)
INFO: [HLS 200-472] Inferring partial write operation for 'my_assoc_mem.middle_key_mem' (Server/lzw.cpp:356:44)
INFO: [HLS 200-472] Inferring partial write operation for 'my_assoc_mem.lower_key_mem' (Server/lzw.cpp:357:43)
INFO: [HLS 200-472] Inferring partial write operation for 'out_code' (Server/lzw.cpp:375:31)
INFO: [HLS 200-472] Inferring partial write operation for 'hash_table' (Server/lzw.cpp:68:34)
INFO: [HLS 200-472] Inferring partial write operation for 'my_assoc_mem.upper_key_mem' (Server/lzw.cpp:99:45)
INFO: [HLS 200-472] Inferring partial write operation for 'my_assoc_mem.middle_key_mem' (Server/lzw.cpp:100:45)
INFO: [HLS 200-472] Inferring partial write operation for 'my_assoc_mem.lower_key_mem' (Server/lzw.cpp:101:44)
INFO: [HLS 200-472] Inferring partial write operation for 'my_assoc_mem.value' (Server/lzw.cpp:102:31)
INFO: [HLS 200-472] Inferring partial write operation for 'out_code' (Server/lzw.cpp:390:35)
INFO: [HLS 200-111] Finished Architecture Synthesis: CPU user time: 1.18 seconds. CPU system time: 0.03 seconds. Elapsed time: 1.36 seconds; current allocated memory: 263.626 MB.
INFO: [HLS 200-10] Starting hardware synthesis ...
INFO: [HLS 200-10] Synthesizing 'lzw_compress_hw' ...
WARNING: [SYN 201-107] Renaming port name 'lzw_compress_hw/length' to 'lzw_compress_hw/length_r' to avoid the conflict with HDL keywords or other object names.
INFO: [HLS 200-10] ----------------------------------------------------------------
INFO: [HLS 200-42] -- Implementing module 'lzw_compress_hw' 
INFO: [HLS 200-10] ----------------------------------------------------------------
INFO: [SCHED 204-11] Starting scheduling ...
INFO: [SCHED 204-61] Pipelining loop 'VITIS_LOOP_348_1'.
INFO: [HLS 200-1470] Pipelining result : Target II = 1, Final II = 1, Depth = 1, loop 'VITIS_LOOP_348_1'
INFO: [SCHED 204-61] Pipelining loop 'VITIS_LOOP_353_2'.
INFO: [HLS 200-1470] Pipelining result : Target II = 1, Final II = 1, Depth = 1, loop 'VITIS_LOOP_353_2'
INFO: [SCHED 204-61] Pipelining loop 'VITIS_LOOP_367_3'.
WARNING: [HLS 200-878] Unable to schedule the loop exit test ('icmp' operation ('icmp_ln97', Server/lzw.cpp:97)) in the first pipeline iteration (II = 1 cycles).
WARNING: [HLS 200-878] Unable to schedule the loop exit test ('icmp' operation ('icmp_ln97', Server/lzw.cpp:97)) in the first pipeline iteration (II = 2 cycles).
WARNING: [HLS 200-878] Unable to schedule the loop exit test ('icmp' operation ('icmp_ln97', Server/lzw.cpp:97)) in the first pipeline iteration (II = 3 cycles).
WARNING: [HLS 200-878] Unable to schedule the loop exit test ('icmp' operation ('icmp_ln97', Server/lzw.cpp:97)) in the first pipeline iteration (II = 4 cycles).
WARNING: [HLS 200-878] Unable to schedule the loop exit test ('icmp' operation ('icmp_ln97', Server/lzw.cpp:97)) in the first pipeline iteration (II = 67 cycles).
WARNING: [HLS 200-878] Unable to schedule the loop exit test ('icmp' operation ('icmp_ln97', Server/lzw.cpp:97)) in the first pipeline iteration (II = 82 cycles).
==============================================================
Vitis HLS - High-Level Synthesis from C, C++ and OpenCL v2020.2 (64-bit)
Copyright 1986-2020 Xilinx, Inc. All Rights Reserved.
==============================================================
==============================================================
Vitis HLS - High-Level Synthesis from C, C++ and OpenCL v2020.2 (64-bit)
Copyright 1986-2020 Xilinx, Inc. All Rights Reserved.
==============================================================
INFO: [SYN 201-201] Setting up clock 'default' with a period of 6.667ns.
INFO: [HLS 200-10] Setting target device to 'xczu3eg-sbva484-1-i'
INFO: [HLS 200-1505] Using flow_target 'vitis'
INFO: [HLS 200-435] Setting 'open_solution -flow_target vitis' configuration: config_interface -m_axi_latency=64
INFO: [HLS 200-435] Setting 'open_solution -flow_target vitis' configuration: config_interface -m_axi_alignment_byte_size=64
INFO: [HLS 200-435] Setting 'open_solution -flow_target vitis' configuration: config_interface -m_axi_max_widen_bitwidth=512
INFO: [HLS 200-435] Setting 'open_solution -flow_target vitis' configuration: config_interface -m_axi_offset=slave
INFO: [HLS 200-435] Setting 'open_solution -flow_target vitis' configuration: config_rtl -register_reset_num=3
INFO: [HLS 200-1464] Running solution command: config_export -format=xo
INFO: [HLS 200-1464] Running solution command: config_export -output=/home1/s/swang01/Documents/lzw_compress_hw.xo
INFO: [HLS 200-1464] Running solution command: config_export -rtl=verilog
INFO: [HLS 200-1510] Running: set_part xczu3eg-sbva484-1-i 
INFO: [HLS 200-1510] Running: create_clock -period 150MHz -name default 
INFO: [SYN 201-201] Setting up clock 'default' with a period of 6.667ns.
INFO: [HLS 200-1510] Running: config_export -format xo -output /home1/s/swang01/Documents/lzw_compress_hw.xo -rtl verilog 
INFO: [HLS 200-1510] Running: set_directive_top -name lzw_compress_hw lzw_compress_hw 
INFO: [HLS 200-1510] Running: csynth_design 
INFO: [HLS 200-111] Finished File checks and directory preparation: CPU user time: 0.01 seconds. CPU system time: 0.01 seconds. Elapsed time: 0.02 seconds; current allocated memory: 208.114 MB.
INFO: [HLS 200-10] Analyzing design file 'Server/lzw.cpp' ... 
INFO: [HLS 200-111] Finished Source Code Analysis and Preprocessing: CPU user time: 0.95 seconds. CPU system time: 0.19 seconds. Elapsed time: 1.47 seconds; current allocated memory: 209.397 MB.
INFO: [HLS 200-777] Using interface defaults for 'Vitis' flow target.
INFO: [HLS 214-178] Inlining function 'my_hash(unsigned long)' into 'hash_lookup(unsigned long*, unsigned int, bool*, unsigned int*)' (Server/lzw.cpp:26:0)
INFO: [HLS 214-178] Inlining function 'hash_lookup(unsigned long*, unsigned int, bool*, unsigned int*)' into 'lookup(unsigned long*, assoc_mem*, unsigned int, bool*, unsigned int*)' (Server/lzw.cpp:158:0)
INFO: [HLS 214-178] Inlining function 'assoc_lookup(assoc_mem*, unsigned int, bool*, unsigned int*)' into 'lookup(unsigned long*, assoc_mem*, unsigned int, bool*, unsigned int*)' (Server/lzw.cpp:158:0)
INFO: [HLS 214-178] Inlining function 'my_hash(unsigned long)' into 'hash_insert(unsigned long*, unsigned int, unsigned int, bool*)' (Server/lzw.cpp:53:0)
INFO: [HLS 214-178] Inlining function 'hash_insert(unsigned long*, unsigned int, unsigned int, bool*)' into 'insert(unsigned long*, assoc_mem*, unsigned int, unsigned int, bool*)' (Server/lzw.cpp:149:0)
INFO: [HLS 214-178] Inlining function 'assoc_insert(assoc_mem*, unsigned int, unsigned int, bool*)' into 'insert(unsigned long*, assoc_mem*, unsigned int, unsigned int, bool*)' (Server/lzw.cpp:149:0)
INFO: [HLS 214-178] Inlining function 'lookup(unsigned long*, assoc_mem*, unsigned int, bool*, unsigned int*)' into 'lzw_compress_hw(unsigned char*, int*, int*, int*, unsigned char*, unsigned int*)' (Server/lzw.cpp:342:0)
INFO: [HLS 214-178] Inlining function 'insert(unsigned long*, assoc_mem*, unsigned int, unsigned int, bool*)' into 'lzw_compress_hw(unsigned char*, int*, int*, int*, unsigned char*, unsigned int*)' (Server/lzw.cpp:342:0)
INFO: [HLS 200-111] Finished Compiling Optimization and Transform: CPU user time: 2.59 seconds. CPU system time: 0.27 seconds. Elapsed time: 3.47 seconds; current allocated memory: 211.683 MB.
INFO: [HLS 200-111] Finished Checking Pragmas: CPU user time: 0 seconds. CPU system time: 0 seconds. Elapsed time: 0 seconds; current allocated memory: 211.684 MB.
INFO: [HLS 200-10] Starting code transformations ...
INFO: [HLS 200-111] Finished Standard Transforms: CPU user time: 0.04 seconds. CPU system time: 0 seconds. Elapsed time: 0.07 seconds; current allocated memory: 214.349 MB.
INFO: [HLS 200-10] Checking synthesizability ...
INFO: [HLS 200-111] Finished Checking Synthesizability: CPU user time: 0.06 seconds. CPU system time: 0.01 seconds. Elapsed time: 0.1 seconds; current allocated memory: 214.283 MB.
INFO: [XFORM 203-510] Pipelining loop 'VITIS_LOOP_350_1' (Server/lzw.cpp:350) in function 'lzw_compress_hw' automatically.
INFO: [XFORM 203-510] Pipelining loop 'VITIS_LOOP_355_2' (Server/lzw.cpp:355) in function 'lzw_compress_hw' automatically.
INFO: [XFORM 203-510] Pipelining loop 'VITIS_LOOP_369_3' (Server/lzw.cpp:346) in function 'lzw_compress_hw' automatically.
INFO: [XFORM 203-510] Pipelining loop 'VITIS_LOOP_402_4' (Server/lzw.cpp:402) in function 'lzw_compress_hw' automatically.
INFO: [XFORM 203-502] Unrolling all sub-loops inside loop 'VITIS_LOOP_369_3' (Server/lzw.cpp:346) in function 'lzw_compress_hw' for pipelining.
INFO: [HLS 200-489] Unrolling loop 'VITIS_LOOP_12_1' (Server/lzw.cpp:12) in function 'lzw_compress_hw' completely with a factor of 20.
INFO: [HLS 200-489] Unrolling loop 'VITIS_LOOP_127_1' (Server/lzw.cpp:126) in function 'lzw_compress_hw' completely with a factor of 64.
INFO: [HLS 200-111] Finished Loop, function and other optimizations: CPU user time: 0.32 seconds. CPU system time: 0.01 seconds. Elapsed time: 0.41 seconds; current allocated memory: 237.765 MB.
INFO: [HLS 200-472] Inferring partial write operation for 'hash_table' (Server/lzw.cpp:352:27)
INFO: [HLS 200-472] Inferring partial write operation for 'my_assoc_mem.upper_key_mem' (Server/lzw.cpp:357:43)
INFO: [HLS 200-472] Inferring partial write operation for 'my_assoc_mem.middle_key_mem' (Server/lzw.cpp:358:44)
INFO: [HLS 200-472] Inferring partial write operation for 'my_assoc_mem.lower_key_mem' (Server/lzw.cpp:359:43)
INFO: [HLS 200-472] Inferring partial write operation for 'out_code' (Server/lzw.cpp:377:31)
INFO: [HLS 200-472] Inferring partial write operation for 'hash_table' (Server/lzw.cpp:68:34)
INFO: [HLS 200-472] Inferring partial write operation for 'my_assoc_mem.upper_key_mem' (Server/lzw.cpp:99:45)
INFO: [HLS 200-472] Inferring partial write operation for 'my_assoc_mem.middle_key_mem' (Server/lzw.cpp:100:45)
INFO: [HLS 200-472] Inferring partial write operation for 'my_assoc_mem.lower_key_mem' (Server/lzw.cpp:101:44)
INFO: [HLS 200-472] Inferring partial write operation for 'my_assoc_mem.value' (Server/lzw.cpp:102:31)
INFO: [HLS 200-472] Inferring partial write operation for 'out_code' (Server/lzw.cpp:392:35)
INFO: [HLS 200-111] Finished Architecture Synthesis: CPU user time: 0.63 seconds. CPU system time: 0.02 seconds. Elapsed time: 0.88 seconds; current allocated memory: 237.701 MB.
INFO: [HLS 200-10] Starting hardware synthesis ...
INFO: [HLS 200-10] Synthesizing 'lzw_compress_hw' ...
WARNING: [SYN 201-107] Renaming port name 'lzw_compress_hw/length' to 'lzw_compress_hw/length_r' to avoid the conflict with HDL keywords or other object names.
INFO: [HLS 200-10] ----------------------------------------------------------------
INFO: [HLS 200-42] -- Implementing module 'lzw_compress_hw' 
INFO: [HLS 200-10] ----------------------------------------------------------------
INFO: [SCHED 204-11] Starting scheduling ...
INFO: [SCHED 204-61] Pipelining loop 'VITIS_LOOP_350_1'.
INFO: [HLS 200-1470] Pipelining result : Target II = 1, Final II = 1, Depth = 1, loop 'VITIS_LOOP_350_1'
INFO: [SCHED 204-61] Pipelining loop 'VITIS_LOOP_355_2'.
INFO: [HLS 200-1470] Pipelining result : Target II = 1, Final II = 1, Depth = 1, loop 'VITIS_LOOP_355_2'
INFO: [SCHED 204-61] Pipelining loop 'VITIS_LOOP_369_3'.
WARNING: [HLS 200-878] Unable to schedule the loop exit test ('icmp' operation ('icmp_ln97', Server/lzw.cpp:97)) in the first pipeline iteration (II = 1 cycles).
WARNING: [HLS 200-878] Unable to schedule the loop exit test ('icmp' operation ('icmp_ln97', Server/lzw.cpp:97)) in the first pipeline iteration (II = 2 cycles).
WARNING: [HLS 200-878] Unable to schedule the loop exit test ('icmp' operation ('icmp_ln97', Server/lzw.cpp:97)) in the first pipeline iteration (II = 3 cycles).
==============================================================
Vitis HLS - High-Level Synthesis from C, C++ and OpenCL v2020.2 (64-bit)
Copyright 1986-2020 Xilinx, Inc. All Rights Reserved.
==============================================================
==============================================================
Vitis HLS - High-Level Synthesis from C, C++ and OpenCL v2020.2 (64-bit)
Copyright 1986-2020 Xilinx, Inc. All Rights Reserved.
==============================================================
