

================================================================
== Vitis HLS Report for 'lzw_compress_hw'
================================================================
* Date:           Sat Dec  7 19:00:14 2024

* Version:        2020.2 (Build 3064766 on Wed Nov 18 09:12:47 MST 2020)
* Project:        lzw_compress
* Solution:       solution1 (Vitis Kernel Flow Target)
* Product family: zynquplus
* Target device:  xczu3eg-sbva484-1-i


================================================================
== Performance Estimates
================================================================
+ Timing: 
    * Summary: 
    +--------+---------+----------+------------+
    |  Clock |  Target | Estimated| Uncertainty|
    +--------+---------+----------+------------+
    |ap_clk  |  6.67 ns|  4.867 ns|     1.80 ns|
    +--------+---------+----------+------------+

+ Latency: 
    * Summary: 
    +---------+---------+----------+----------+-----+-----+---------+
    |  Latency (cycles) |  Latency (absolute) |  Interval | Pipeline|
    |   min   |   max   |    min   |    max   | min | max |   Type  |
    +---------+---------+----------+----------+-----+-----+---------+
    |        ?|        ?|         ?|         ?|    ?|    ?|     none|
    +---------+---------+----------+----------+-----+-----+---------+

    + Detail: 
        * Instance: 
        N/A

        * Loop: 
        +--------------------+---------+---------+----------+-----------+-----------+-------+----------+
        |                    |  Latency (cycles) | Iteration|  Initiation Interval  |  Trip |          |
        |      Loop Name     |   min   |   max   |  Latency |  achieved |   target  | Count | Pipelined|
        +--------------------+---------+---------+----------+-----------+-----------+-------+----------+
        |- VITIS_LOOP_350_1  |    32768|    32768|         1|          1|          1|  32768|       yes|
        |- VITIS_LOOP_355_2  |      512|      512|         1|          1|          1|    512|       yes|
        |- VITIS_LOOP_369_3  |        ?|        ?|        86|         85|          1|      ?|       yes|
        |- VITIS_LOOP_402_4  |       72|        ?|        73|          3|          1|  1 ~ ?|       yes|
        +--------------------+---------+---------+----------+-----------+-----------+-------+----------+



================================================================
== Utilization Estimates
================================================================
* Summary: 
+-----------------+---------+-----+--------+-------+-----+
|       Name      | BRAM_18K| DSP |   FF   |  LUT  | URAM|
+-----------------+---------+-----+--------+-------+-----+
|DSP              |        -|    -|       -|      -|    -|
|Expression       |        -|    -|       0|   9060|    -|
|FIFO             |        -|    -|       -|      -|    -|
|Instance         |        2|    -|     968|   1388|    -|
|Memory           |       88|    -|      24|     12|    -|
|Multiplexer      |        -|    -|       -|   3467|    -|
|Register         |        -|    -|    3302|     32|    -|
+-----------------+---------+-----+--------+-------+-----+
|Total            |       90|    0|    4294|  13959|    0|
+-----------------+---------+-----+--------+-------+-----+
|Available        |      432|  360|  141120|  70560|    0|
+-----------------+---------+-----+--------+-------+-----+
|Utilization (%)  |       20|    0|       3|     19|    0|
+-----------------+---------+-----+--------+-------+-----+

+ Detail: 
    * Instance: 
    +-----------------+---------------+---------+----+-----+-----+-----+
    |     Instance    |     Module    | BRAM_18K| DSP|  FF | LUT | URAM|
    +-----------------+---------------+---------+----+-----+-----+-----+
    |control_s_axi_U  |control_s_axi  |        0|   0|  456|  808|    0|
    |gmem_m_axi_U     |gmem_m_axi     |        2|   0|  512|  580|    0|
    +-----------------+---------------+---------+----+-----+-----+-----+
    |Total            |               |        2|   0|  968| 1388|    0|
    +-----------------+---------------+---------+----+-----+-----+-----+

    * DSP: 
    N/A

    * Memory: 
    +-------------------------------+----------------------------+---------+----+----+-----+-------+-----+------+-------------+
    |             Memory            |           Module           | BRAM_18K| FF | LUT| URAM| Words | Bits| Banks| W*Bits*Banks|
    +-------------------------------+----------------------------+---------+----+----+-----+-------+-----+------+-------------+
    |hash_table_U                   |hash_table                  |       60|   0|   0|    0|  32768|   33|     1|      1081344|
    |my_assoc_mem_upper_key_mem_U   |my_assoc_mem_upper_key_mem  |        2|   0|   0|    0|    512|   64|     1|        32768|
    |my_assoc_mem_middle_key_mem_U  |my_assoc_mem_upper_key_mem  |        2|   0|   0|    0|    512|   64|     1|        32768|
    |my_assoc_mem_lower_key_mem_U   |my_assoc_mem_upper_key_mem  |        2|   0|   0|    0|    512|   64|     1|        32768|
    |my_assoc_mem_value_U           |my_assoc_mem_value          |        0|  24|  12|    0|     64|   12|     1|          768|
    |out_code_U                     |out_code                    |       22|   0|   0|    0|  32768|   12|     1|       393216|
    +-------------------------------+----------------------------+---------+----+----+-----+-------+-----+------+-------------+
    |Total                          |                            |       88|  24|  12|    0|  67136|  249|     6|      1573632|
    +-------------------------------+----------------------------+---------+----+----+-----+-------+-----+------+-------------+

    * FIFO: 
    N/A

    * Expression: 
    +----------------------------------------+----------+----+---+-----+------------+------------+
    |              Variable Name             | Operation| DSP| FF| LUT | Bitwidth P0| Bitwidth P1|
    +----------------------------------------+----------+----+---+-----+------------+------------+
    |add_ln10_fu_3938_p2                     |         +|   0|  0|   22|          15|          15|
    |add_ln14_10_fu_2684_p2                  |         +|   0|  0|   39|          32|          32|
    |add_ln14_11_fu_2850_p2                  |         +|   0|  0|   39|          32|          32|
    |add_ln14_12_fu_2974_p2                  |         +|   0|  0|   39|          32|          32|
    |add_ln14_13_fu_3140_p2                  |         +|   0|  0|   39|          32|          32|
    |add_ln14_14_fu_3264_p2                  |         +|   0|  0|   39|          32|          32|
    |add_ln14_15_fu_3409_p2                  |         +|   0|  0|   39|          32|          32|
    |add_ln14_16_fu_3524_p2                  |         +|   0|  0|   39|          32|          32|
    |add_ln14_17_fu_3686_p2                  |         +|   0|  0|   39|          32|          32|
    |add_ln14_18_fu_3810_p2                  |         +|   0|  0|   39|          32|          32|
    |add_ln14_19_fu_1613_p2                  |         +|   0|  0|   22|          15|          15|
    |add_ln14_1_fu_1489_p2                   |         +|   0|  0|   30|          23|          23|
    |add_ln14_20_fu_1729_p2                  |         +|   0|  0|   32|          15|          15|
    |add_ln14_21_fu_1840_p2                  |         +|   0|  0|   32|          15|          15|
    |add_ln14_22_fu_1957_p2                  |         +|   0|  0|   32|          15|          15|
    |add_ln14_23_fu_2068_p2                  |         +|   0|  0|   32|          15|          15|
    |add_ln14_24_fu_2150_p2                  |         +|   0|  0|   32|          15|          15|
    |add_ln14_25_fu_2370_p2                  |         +|   0|  0|   32|          15|          15|
    |add_ln14_26_fu_2534_p2                  |         +|   0|  0|   32|          15|          15|
    |add_ln14_27_fu_2662_p2                  |         +|   0|  0|   32|          15|          15|
    |add_ln14_28_fu_2824_p2                  |         +|   0|  0|   32|          15|          15|
    |add_ln14_29_fu_2952_p2                  |         +|   0|  0|   32|          15|          15|
    |add_ln14_2_fu_1637_p2                   |         +|   0|  0|   39|          32|          32|
    |add_ln14_30_fu_3114_p2                  |         +|   0|  0|   32|          15|          15|
    |add_ln14_31_fu_3242_p2                  |         +|   0|  0|   32|          15|          15|
    |add_ln14_32_fu_3383_p2                  |         +|   0|  0|   32|          15|          15|
    |add_ln14_33_fu_3502_p2                  |         +|   0|  0|   32|          15|          15|
    |add_ln14_34_fu_3660_p2                  |         +|   0|  0|   32|          15|          15|
    |add_ln14_35_fu_3788_p2                  |         +|   0|  0|   32|          15|          15|
    |add_ln14_3_fu_1751_p2                   |         +|   0|  0|   39|          32|          32|
    |add_ln14_4_fu_1865_p2                   |         +|   0|  0|   39|          32|          32|
    |add_ln14_5_fu_1979_p2                   |         +|   0|  0|   39|          32|          32|
    |add_ln14_6_fu_2093_p2                   |         +|   0|  0|   39|          32|          32|
    |add_ln14_7_fu_2259_p2                   |         +|   0|  0|   39|          32|          32|
    |add_ln14_8_fu_2392_p2                   |         +|   0|  0|   39|          32|          32|
    |add_ln14_9_fu_2560_p2                   |         +|   0|  0|   39|          32|          32|
    |add_ln14_fu_1429_p2                     |         +|   0|  0|   19|          12|          12|
    |add_ln157_1_fu_3299_p2                  |         +|   0|  0|   24|          17|          17|
    |add_ln157_2_fu_3024_p2                  |         +|   0|  0|   23|          16|          16|
    |add_ln157_3_fu_3030_p2                  |         +|   0|  0|   22|          15|          15|
    |add_ln157_4_fu_2734_p2                  |         +|   0|  0|   21|          14|          14|
    |add_ln157_5_fu_2740_p2                  |         +|   0|  0|   20|          13|          13|
    |add_ln157_6_fu_2444_p2                  |         +|   0|  0|   19|          12|          12|
    |add_ln157_7_fu_2450_p2                  |         +|   0|  0|   18|          11|          11|
    |add_ln157_8_fu_2186_p2                  |         +|   0|  0|   25|          18|          18|
    |add_ln157_9_fu_2192_p2                  |         +|   0|  0|   16|           9|           9|
    |add_ln157_fu_3576_p2                    |         +|   0|  0|   26|          19|          19|
    |add_ln15_10_fu_2769_p2                  |         +|   0|  0|   39|          32|          32|
    |add_ln15_11_fu_2890_p2                  |         +|   0|  0|   39|          32|          32|
    |add_ln15_12_fu_3059_p2                  |         +|   0|  0|   39|          32|          32|
    |add_ln15_13_fu_3180_p2                  |         +|   0|  0|   39|          32|          32|
    |add_ln15_14_fu_3328_p2                  |         +|   0|  0|   39|          32|          32|
    |add_ln15_15_fu_3449_p2                  |         +|   0|  0|   39|          32|          32|
    |add_ln15_16_fu_3605_p2                  |         +|   0|  0|   39|          32|          32|
    |add_ln15_17_fu_3726_p2                  |         +|   0|  0|   39|          32|          32|
    |add_ln15_18_fu_3853_p2                  |         +|   0|  0|   39|          32|          32|
    |add_ln15_19_fu_1658_p2                  |         +|   0|  0|   32|          26|          26|
    |add_ln15_1_fu_1571_p2                   |         +|   0|  0|   39|          32|          32|
    |add_ln15_20_fu_1782_p2                  |         +|   0|  0|   32|          26|          26|
    |add_ln15_21_fu_1886_p2                  |         +|   0|  0|   32|          26|          26|
    |add_ln15_22_fu_2010_p2                  |         +|   0|  0|   32|          26|          26|
    |add_ln15_23_fu_2108_p2                  |         +|   0|  0|   32|          26|          26|
    |add_ln15_24_fu_2280_p2                  |         +|   0|  0|   32|          26|          26|
    |add_ln15_25_fu_2467_p2                  |         +|   0|  0|   32|          26|          26|
    |add_ln15_26_fu_2582_p2                  |         +|   0|  0|   32|          26|          26|
    |add_ln15_27_fu_2757_p2                  |         +|   0|  0|   32|          26|          26|
    |add_ln15_28_fu_2872_p2                  |         +|   0|  0|   32|          26|          26|
    |add_ln15_29_fu_3047_p2                  |         +|   0|  0|   32|          26|          26|
    |add_ln15_2_fu_1676_p2                   |         +|   0|  0|   39|          32|          32|
    |add_ln15_30_fu_3162_p2                  |         +|   0|  0|   32|          26|          26|
    |add_ln15_31_fu_3316_p2                  |         +|   0|  0|   32|          26|          26|
    |add_ln15_32_fu_3431_p2                  |         +|   0|  0|   32|          26|          26|
    |add_ln15_33_fu_3593_p2                  |         +|   0|  0|   32|          26|          26|
    |add_ln15_34_fu_3708_p2                  |         +|   0|  0|   32|          26|          26|
    |add_ln15_35_fu_3841_p2                  |         +|   0|  0|   32|          26|          26|
    |add_ln15_3_fu_1794_p2                   |         +|   0|  0|   39|          32|          32|
    |add_ln15_4_fu_1904_p2                   |         +|   0|  0|   39|          32|          32|
    |add_ln15_5_fu_2022_p2                   |         +|   0|  0|   39|          32|          32|
    |add_ln15_6_fu_2203_p2                   |         +|   0|  0|   39|          32|          32|
    |add_ln15_7_fu_2298_p2                   |         +|   0|  0|   39|          32|          32|
    |add_ln15_8_fu_2479_p2                   |         +|   0|  0|   39|          32|          32|
    |add_ln15_9_fu_2600_p2                   |         +|   0|  0|   39|          32|          32|
    |add_ln15_fu_1447_p2                     |         +|   0|  0|   29|          22|          22|
    |add_ln16_10_fu_2144_p2                  |         +|   0|  0|   32|          26|          26|
    |add_ln16_11_fu_2318_p2                  |         +|   0|  0|   32|          15|          15|
    |add_ln16_12_fu_2336_p2                  |         +|   0|  0|   32|          26|          26|
    |add_ln16_13_fu_2498_p2                  |         +|   0|  0|   32|          15|          15|
    |add_ln16_14_fu_2510_p2                  |         +|   0|  0|   32|          26|          26|
    |add_ln16_15_fu_2620_p2                  |         +|   0|  0|   32|          15|          15|
    |add_ln16_16_fu_2638_p2                  |         +|   0|  0|   32|          26|          26|
    |add_ln16_17_fu_2788_p2                  |         +|   0|  0|   32|          15|          15|
    |add_ln16_18_fu_2800_p2                  |         +|   0|  0|   32|          26|          26|
    |add_ln16_19_fu_2910_p2                  |         +|   0|  0|   32|          15|          15|
    |add_ln16_1_fu_1696_p2                   |         +|   0|  0|   32|          15|          15|
    |add_ln16_20_fu_2928_p2                  |         +|   0|  0|   32|          26|          26|
    |add_ln16_21_fu_3078_p2                  |         +|   0|  0|   32|          15|          15|
    |add_ln16_22_fu_3090_p2                  |         +|   0|  0|   32|          26|          26|
    |add_ln16_23_fu_3200_p2                  |         +|   0|  0|   32|          15|          15|
    |add_ln16_24_fu_3218_p2                  |         +|   0|  0|   32|          26|          26|
    |add_ln16_25_fu_3347_p2                  |         +|   0|  0|   32|          15|          15|
    |add_ln16_26_fu_3359_p2                  |         +|   0|  0|   32|          26|          26|
    |add_ln16_27_fu_3469_p2                  |         +|   0|  0|   32|          15|          15|
    |add_ln16_28_fu_3487_p2                  |         +|   0|  0|   32|          26|          26|
    |add_ln16_29_fu_3624_p2                  |         +|   0|  0|   32|          15|          15|
    |add_ln16_2_fu_1714_p2                   |         +|   0|  0|   32|          26|          26|
    |add_ln16_30_fu_3636_p2                  |         +|   0|  0|   32|          26|          26|
    |add_ln16_31_fu_3746_p2                  |         +|   0|  0|   32|          15|          15|
    |add_ln16_32_fu_3764_p2                  |         +|   0|  0|   32|          26|          26|
    |add_ln16_33_fu_3858_p2                  |         +|   0|  0|   32|          15|          15|
    |add_ln16_34_fu_3870_p2                  |         +|   0|  0|   32|          26|          26|
    |add_ln16_35_fu_3886_p2                  |         +|   0|  0|   32|          15|          15|
    |add_ln16_3_fu_1813_p2                   |         +|   0|  0|   32|          15|          15|
    |add_ln16_4_fu_1825_p2                   |         +|   0|  0|   32|          26|          26|
    |add_ln16_5_fu_1924_p2                   |         +|   0|  0|   32|          15|          15|
    |add_ln16_6_fu_1942_p2                   |         +|   0|  0|   32|          26|          26|
    |add_ln16_7_fu_2041_p2                   |         +|   0|  0|   32|          15|          15|
    |add_ln16_8_fu_2053_p2                   |         +|   0|  0|   32|          26|          26|
    |add_ln16_9_fu_2126_p2                   |         +|   0|  0|   32|          15|          15|
    |add_ln16_fu_1598_p2                     |         +|   0|  0|   33|          26|          26|
    |add_ln350_fu_1208_p2                    |         +|   0|  0|   23|          16|           1|
    |add_ln355_fu_1225_p2                    |         +|   0|  0|   17|          10|           1|
    |add_ln371_1_fu_1345_p2                  |         +|   0|  0|   71|          64|          64|
    |add_ln371_2_fu_1298_p2                  |         +|   0|  0|    9|           2|           1|
    |add_ln371_3_fu_1370_p2                  |         +|   0|  0|    9|           2|           2|
    |add_ln371_fu_1331_p2                    |         +|   0|  0|   38|          31|           1|
    |add_ln402_1_fu_5242_p2                  |         +|   0|  0|   38|          31|           1|
    |add_ln402_2_fu_5577_p2                  |         +|   0|  0|   32|          32|           2|
    |add_ln402_3_fu_5571_p2                  |         +|   0|  0|   39|          32|           2|
    |add_ln402_4_fu_5265_p2                  |         +|   0|  0|   38|          31|           1|
    |add_ln402_fu_5222_p2                    |         +|   0|  0|   38|          31|           2|
    |add_ln411_1_fu_5330_p2                  |         +|   0|  0|   41|          34|           3|
    |add_ln411_2_fu_5462_p2                  |         +|   0|  0|   71|          64|          64|
    |add_ln411_3_fu_5345_p2                  |         +|   0|  0|    9|           2|           2|
    |add_ln411_4_fu_5517_p2                  |         +|   0|  0|   71|          64|          64|
    |add_ln411_5_fu_5453_p2                  |         +|   0|  0|   41|          34|           3|
    |add_ln411_6_fu_5380_p2                  |         +|   0|  0|   32|           2|           1|
    |add_ln411_7_fu_5386_p2                  |         +|   0|  0|   32|           2|           2|
    |add_ln411_8_fu_5401_p2                  |         +|   0|  0|    9|           2|           2|
    |add_ln411_9_fu_5508_p2                  |         +|   0|  0|   41|          34|           3|
    |add_ln411_fu_5340_p2                    |         +|   0|  0|   71|          64|          64|
    |add_ln413_fu_5626_p2                    |         +|   0|  0|   32|          32|           2|
    |add_ln414_1_fu_5651_p2                  |         +|   0|  0|   71|          64|          64|
    |add_ln414_fu_5641_p2                    |         +|   0|  0|   39|          32|           3|
    |add_ln417_1_fu_5717_p2                  |         +|   0|  0|    9|           2|           2|
    |add_ln417_2_fu_5762_p2                  |         +|   0|  0|    9|           2|           1|
    |add_ln417_fu_5676_p2                    |         +|   0|  0|   71|          64|           1|
    |add_ln425_fu_5829_p2                    |         +|   0|  0|   39|          32|           3|
    |grp_fu_1091_p2                          |         +|   0|  0|   39|          32|           1|
    |hashed_fu_3932_p2                       |         +|   0|  0|   33|          26|          26|
    |key_fu_3570_p2                          |         +|   0|  0|   27|          20|          20|
    |my_assoc_mem_fill_1_fu_5124_p2          |         +|   0|  0|   39|          32|           1|
    |next_code_fu_5138_p2                    |         +|   0|  0|   39|          32|           1|
    |output_size_fu_5795_p2                  |         +|   0|  0|   39|          32|           2|
    |adjusted_input_size_fu_5201_p2          |         -|   0|  0|   39|          32|          32|
    |sub_ln401_fu_5183_p2                    |         -|   0|  0|   39|           1|          32|
    |sub_ln402_fu_5583_p2                    |         -|   0|  0|   32|          32|          32|
    |sub_ln403_fu_5305_p2                    |         -|   0|  0|   40|          33|          33|
    |sub_ln413_fu_5620_p2                    |         -|   0|  0|   32|          32|          32|
    |and_ln124_10_fu_4399_p2                 |       and|   0|  0|   10|          10|          10|
    |and_ln124_11_fu_4409_p2                 |       and|   0|  0|   11|          11|          11|
    |and_ln124_12_fu_4419_p2                 |       and|   0|  0|   12|          12|          12|
    |and_ln124_13_fu_4429_p2                 |       and|   0|  0|   13|          13|          13|
    |and_ln124_14_fu_4439_p2                 |       and|   0|  0|   14|          14|          14|
    |and_ln124_15_fu_4449_p2                 |       and|   0|  0|   15|          15|          15|
    |and_ln124_16_fu_4459_p2                 |       and|   0|  0|   16|          16|          16|
    |and_ln124_17_fu_4469_p2                 |       and|   0|  0|   17|          17|          17|
    |and_ln124_18_fu_4479_p2                 |       and|   0|  0|   18|          18|          18|
    |and_ln124_19_fu_4489_p2                 |       and|   0|  0|   19|          19|          19|
    |and_ln124_1_fu_4309_p2                  |       and|   0|  0|    2|           1|           1|
    |and_ln124_20_fu_4499_p2                 |       and|   0|  0|   20|          20|          20|
    |and_ln124_21_fu_4509_p2                 |       and|   0|  0|   21|          21|          21|
    |and_ln124_22_fu_4519_p2                 |       and|   0|  0|   22|          22|          22|
    |and_ln124_23_fu_4529_p2                 |       and|   0|  0|   23|          23|          23|
    |and_ln124_24_fu_4539_p2                 |       and|   0|  0|   24|          24|          24|
    |and_ln124_25_fu_4549_p2                 |       and|   0|  0|   25|          25|          25|
    |and_ln124_26_fu_4559_p2                 |       and|   0|  0|   26|          26|          26|
    |and_ln124_27_fu_4569_p2                 |       and|   0|  0|   27|          27|          27|
    |and_ln124_28_fu_4579_p2                 |       and|   0|  0|   28|          28|          28|
    |and_ln124_29_fu_4589_p2                 |       and|   0|  0|   29|          29|          29|
    |and_ln124_2_fu_4319_p2                  |       and|   0|  0|    2|           2|           2|
    |and_ln124_30_fu_4599_p2                 |       and|   0|  0|   30|          30|          30|
    |and_ln124_31_fu_4609_p2                 |       and|   0|  0|   31|          31|          31|
    |and_ln124_33_fu_4621_p2                 |       and|   0|  0|   31|          31|          31|
    |and_ln124_34_fu_4627_p2                 |       and|   0|  0|   30|          30|          30|
    |and_ln124_35_fu_4633_p2                 |       and|   0|  0|   29|          29|          29|
    |and_ln124_36_fu_4639_p2                 |       and|   0|  0|   28|          28|          28|
    |and_ln124_37_fu_4645_p2                 |       and|   0|  0|   27|          27|          27|
    |and_ln124_38_fu_4651_p2                 |       and|   0|  0|   26|          26|          26|
    |and_ln124_39_fu_4657_p2                 |       and|   0|  0|   25|          25|          25|
    |and_ln124_3_fu_4329_p2                  |       and|   0|  0|    3|           3|           3|
    |and_ln124_40_fu_4663_p2                 |       and|   0|  0|   24|          24|          24|
    |and_ln124_41_fu_4669_p2                 |       and|   0|  0|   23|          23|          23|
    |and_ln124_42_fu_4675_p2                 |       and|   0|  0|   22|          22|          22|
    |and_ln124_43_fu_4681_p2                 |       and|   0|  0|   21|          21|          21|
    |and_ln124_44_fu_4687_p2                 |       and|   0|  0|   20|          20|          20|
    |and_ln124_45_fu_4693_p2                 |       and|   0|  0|   19|          19|          19|
    |and_ln124_46_fu_4699_p2                 |       and|   0|  0|   18|          18|          18|
    |and_ln124_47_fu_4705_p2                 |       and|   0|  0|   17|          17|          17|
    |and_ln124_48_fu_4711_p2                 |       and|   0|  0|   16|          16|          16|
    |and_ln124_49_fu_4717_p2                 |       and|   0|  0|   15|          15|          15|
    |and_ln124_4_fu_4339_p2                  |       and|   0|  0|    4|           4|           4|
    |and_ln124_50_fu_4723_p2                 |       and|   0|  0|   14|          14|          14|
    |and_ln124_51_fu_4729_p2                 |       and|   0|  0|   13|          13|          13|
    |and_ln124_52_fu_4735_p2                 |       and|   0|  0|   12|          12|          12|
    |and_ln124_53_fu_4741_p2                 |       and|   0|  0|   11|          11|          11|
    |and_ln124_54_fu_4747_p2                 |       and|   0|  0|   10|          10|          10|
    |and_ln124_55_fu_4753_p2                 |       and|   0|  0|    9|           9|           9|
    |and_ln124_56_fu_4759_p2                 |       and|   0|  0|    8|           8|           8|
    |and_ln124_57_fu_4765_p2                 |       and|   0|  0|    7|           7|           7|
    |and_ln124_58_fu_4771_p2                 |       and|   0|  0|    6|           6|           6|
    |and_ln124_59_fu_4777_p2                 |       and|   0|  0|    5|           5|           5|
    |and_ln124_5_fu_4349_p2                  |       and|   0|  0|    5|           5|           5|
    |and_ln124_60_fu_4783_p2                 |       and|   0|  0|    4|           4|           4|
    |and_ln124_61_fu_4789_p2                 |       and|   0|  0|    3|           3|           3|
    |and_ln124_62_fu_4795_p2                 |       and|   0|  0|    2|           2|           2|
    |and_ln124_63_fu_4801_p2                 |       and|   0|  0|    2|           1|           1|
    |and_ln124_6_fu_4359_p2                  |       and|   0|  0|    6|           6|           6|
    |and_ln124_7_fu_4369_p2                  |       and|   0|  0|    7|           7|           7|
    |and_ln124_8_fu_4379_p2                  |       and|   0|  0|    8|           8|           8|
    |and_ln124_9_fu_4389_p2                  |       and|   0|  0|    9|           9|           9|
    |and_ln124_fu_4299_p2                    |       and|   0|  0|   32|          32|          32|
    |ap_block_pp2_stage1_11001               |       and|   0|  0|    2|           1|           1|
    |ap_block_pp2_stage71_11001              |       and|   0|  0|    2|           1|           1|
    |ap_block_pp3_stage0_01001               |       and|   0|  0|    2|           1|           1|
    |ap_block_pp3_stage1_01001               |       and|   0|  0|    2|           1|           1|
    |ap_block_state292_io                    |       and|   0|  0|    2|           1|           1|
    |ap_block_state362_pp2_stage71_iter0     |       and|   0|  0|    2|           1|           1|
    |ap_block_state381_io                    |       and|   0|  0|    2|           1|           1|
    |ap_block_state384_io                    |       and|   0|  0|    2|           1|           1|
    |ap_block_state450_pp3_stage1_iter23     |       and|   0|  0|    2|           1|           1|
    |ap_block_state525                       |       and|   0|  0|    2|           1|           1|
    |ap_block_state595                       |       and|   0|  0|    2|           1|           1|
    |ap_condition_2309                       |       and|   0|  0|    2|           1|           1|
    |ap_condition_2669                       |       and|   0|  0|    2|           1|           1|
    |ap_condition_2673                       |       and|   0|  0|    2|           1|           1|
    |ap_condition_8961                       |       and|   0|  0|    2|           1|           1|
    |ap_condition_8966                       |       and|   0|  0|    2|           1|           1|
    |ap_condition_8972                       |       and|   0|  0|    2|           1|           1|
    |ap_condition_8979                       |       and|   0|  0|    2|           1|           1|
    |ap_condition_8987                       |       and|   0|  0|    2|           1|           1|
    |ap_condition_8996                       |       and|   0|  0|    2|           1|           1|
    |ap_condition_9006                       |       and|   0|  0|    2|           1|           1|
    |ap_condition_9017                       |       and|   0|  0|    2|           1|           1|
    |ap_condition_9029                       |       and|   0|  0|    2|           1|           1|
    |ap_condition_9042                       |       and|   0|  0|    2|           1|           1|
    |ap_condition_9056                       |       and|   0|  0|    2|           1|           1|
    |ap_condition_9071                       |       and|   0|  0|    2|           1|           1|
    |ap_condition_9087                       |       and|   0|  0|    2|           1|           1|
    |ap_condition_9104                       |       and|   0|  0|    2|           1|           1|
    |ap_condition_9122                       |       and|   0|  0|    2|           1|           1|
    |ap_condition_9141                       |       and|   0|  0|    2|           1|           1|
    |ap_condition_9161                       |       and|   0|  0|    2|           1|           1|
    |ap_condition_9182                       |       and|   0|  0|    2|           1|           1|
    |ap_condition_9204                       |       and|   0|  0|    2|           1|           1|
    |ap_condition_9227                       |       and|   0|  0|    2|           1|           1|
    |ap_condition_9251                       |       and|   0|  0|    2|           1|           1|
    |ap_condition_9276                       |       and|   0|  0|    2|           1|           1|
    |ap_condition_9302                       |       and|   0|  0|    2|           1|           1|
    |ap_condition_9329                       |       and|   0|  0|    2|           1|           1|
    |ap_condition_9357                       |       and|   0|  0|    2|           1|           1|
    |ap_condition_9386                       |       and|   0|  0|    2|           1|           1|
    |ap_condition_9416                       |       and|   0|  0|    2|           1|           1|
    |ap_condition_9447                       |       and|   0|  0|    2|           1|           1|
    |ap_condition_9479                       |       and|   0|  0|    2|           1|           1|
    |ap_condition_9512                       |       and|   0|  0|    2|           1|           1|
    |ap_predicate_tran375to376_state375      |       and|   0|  0|    2|           1|           1|
    |hit_fu_3992_p2                          |       and|   0|  0|    2|           1|           1|
    |match_fu_4615_p2                        |       and|   0|  0|   32|          32|          32|
    |icmp_ln350_fu_1214_p2                   |      icmp|   0|  0|   13|          16|          17|
    |icmp_ln355_fu_1231_p2                   |      icmp|   0|  0|   11|          10|          11|
    |icmp_ln369_1_fu_1326_p2                 |      icmp|   0|  0|   20|          32|          32|
    |icmp_ln369_fu_1290_p2                   |      icmp|   0|  0|   20|          32|           1|
    |icmp_ln37_fu_3987_p2                    |      icmp|   0|  0|   14|          20|          20|
    |icmp_ln391_fu_5154_p2                   |      icmp|   0|  0|   20|          32|          32|
    |icmp_ln402_1_fu_5216_p2                 |      icmp|   0|  0|   20|          32|           2|
    |icmp_ln402_2_fu_5271_p2                 |      icmp|   0|  0|   19|          31|          31|
    |icmp_ln402_fu_5206_p2                   |      icmp|   0|  0|   20|          32|           1|
    |icmp_ln413_fu_5632_p2                   |      icmp|   0|  0|    8|           2|           1|
    |icmp_ln97_fu_5082_p2                    |      icmp|   0|  0|   17|          26|           1|
    |lshr_ln371_fu_1386_p2                   |      lshr|   0|  0|  100|          32|          32|
    |ap_block_pp3_stage0_11001               |        or|   0|  0|    2|           1|           1|
    |ap_block_pp3_stage1_11001               |        or|   0|  0|    2|           1|           1|
    |ap_block_pp3_stage2_11001               |        or|   0|  0|    2|           1|           1|
    |ap_block_state1                         |        or|   0|  0|    2|           1|           1|
    |ap_block_state145_io                    |        or|   0|  0|    2|           1|           1|
    |ap_block_state382_io                    |        or|   0|  0|    2|           1|           1|
    |ap_condition_1623                       |        or|   0|  0|    2|           1|           1|
    |ap_condition_2548                       |        or|   0|  0|    2|           1|           1|
    |ap_predicate_op2582_writeresp_state595  |        or|   0|  0|    2|           1|           1|
    |or_ln100_fu_5105_p2                     |        or|   0|  0|   64|          64|          64|
    |or_ln101_fu_5112_p2                     |        or|   0|  0|   64|          64|          64|
    |or_ln406_fu_5315_p2                     |        or|   0|  0|   15|          15|           1|
    |or_ln434_fu_1183_p2                     |        or|   0|  0|    8|           8|           1|
    |or_ln99_fu_5098_p2                      |        or|   0|  0|   64|          64|          64|
    |code_fu_3998_p3                         |    select|   0|  0|   12|           1|          12|
    |select_ln401_fu_5189_p3                 |    select|   0|  0|   32|           1|          32|
    |select_ln402_fu_5248_p3                 |    select|   0|  0|   30|           1|          31|
    |shl_ln411_2_fu_5447_p2                  |       shl|   0|  0|  100|          32|          32|
    |shl_ln411_3_fu_5395_p2                  |       shl|   0|  0|    9|           1|           4|
    |shl_ln411_5_fu_5482_p2                  |       shl|   0|  0|  100|          32|          32|
    |shl_ln411_6_fu_5548_p2                  |       shl|   0|  0|    9|           1|           4|
    |shl_ln411_8_fu_5565_p2                  |       shl|   0|  0|  100|          32|          32|
    |shl_ln411_fu_5354_p2                    |       shl|   0|  0|    9|           1|           4|
    |shl_ln417_2_fu_5745_p2                  |       shl|   0|  0|  100|          32|          32|
    |shl_ln417_3_fu_5771_p2                  |       shl|   0|  0|    9|           1|           4|
    |shl_ln417_5_fu_5789_p2                  |       shl|   0|  0|  100|          32|          32|
    |shl_ln417_fu_5727_p2                    |       shl|   0|  0|    9|           1|           4|
    |shl_ln99_fu_5088_p2                     |       shl|   0|  0|  100|           1|          32|
    |ap_enable_pp2                           |       xor|   0|  0|    2|           1|           2|
    |ap_enable_pp3                           |       xor|   0|  0|    2|           1|           2|
    |ap_enable_reg_pp2_iter1                 |       xor|   0|  0|    2|           2|           1|
    |hashed_1_fu_3954_p2                     |       xor|   0|  0|   15|          15|          15|
    |xor_ln14_10_fu_2968_p2                  |       xor|   0|  0|   26|          26|          26|
    |xor_ln14_11_fu_3130_p2                  |       xor|   0|  0|   26|          26|          26|
    |xor_ln14_12_fu_3258_p2                  |       xor|   0|  0|   26|          26|          26|
    |xor_ln14_13_fu_3399_p2                  |       xor|   0|  0|   26|          26|          26|
    |xor_ln14_14_fu_3518_p2                  |       xor|   0|  0|   26|          26|          26|
    |xor_ln14_15_fu_3676_p2                  |       xor|   0|  0|   26|          26|          26|
    |xor_ln14_16_fu_3804_p2                  |       xor|   0|  0|   26|          26|          26|
    |xor_ln14_1_fu_1745_p2                   |       xor|   0|  0|   26|          26|          26|
    |xor_ln14_2_fu_1856_p2                   |       xor|   0|  0|   26|          26|          26|
    |xor_ln14_3_fu_1973_p2                   |       xor|   0|  0|   26|          26|          26|
    |xor_ln14_4_fu_2084_p2                   |       xor|   0|  0|   26|          26|          26|
    |xor_ln14_5_fu_2250_p2                   |       xor|   0|  0|   26|          26|          26|
    |xor_ln14_6_fu_2386_p2                   |       xor|   0|  0|   26|          26|          26|
    |xor_ln14_7_fu_2550_p2                   |       xor|   0|  0|   26|          26|          26|
    |xor_ln14_8_fu_2678_p2                   |       xor|   0|  0|   26|          26|          26|
    |xor_ln14_9_fu_2840_p2                   |       xor|   0|  0|   26|          26|          26|
    |xor_ln14_fu_1628_p2                     |       xor|   0|  0|   26|          26|          26|
    |xor_ln15_10_fu_2980_p2                  |       xor|   0|  0|   15|          15|          15|
    |xor_ln15_11_fu_3152_p2                  |       xor|   0|  0|   15|          15|          15|
    |xor_ln15_12_fu_3270_p2                  |       xor|   0|  0|   15|          15|          15|
    |xor_ln15_13_fu_3421_p2                  |       xor|   0|  0|   15|          15|          15|
    |xor_ln15_14_fu_3530_p2                  |       xor|   0|  0|   15|          15|          15|
    |xor_ln15_15_fu_3698_p2                  |       xor|   0|  0|   15|          15|          15|
    |xor_ln15_16_fu_3816_p2                  |       xor|   0|  0|   15|          15|          15|
    |xor_ln15_1_fu_1757_p2                   |       xor|   0|  0|   15|          15|          15|
    |xor_ln15_2_fu_1877_p2                   |       xor|   0|  0|   15|          15|          15|
    |xor_ln15_3_fu_1985_p2                   |       xor|   0|  0|   15|          15|          15|
    |xor_ln15_4_fu_2099_p2                   |       xor|   0|  0|   15|          15|          15|
    |xor_ln15_5_fu_2271_p2                   |       xor|   0|  0|   15|          15|          15|
    |xor_ln15_6_fu_2398_p2                   |       xor|   0|  0|   15|          15|          15|
    |xor_ln15_7_fu_2572_p2                   |       xor|   0|  0|   15|          15|          15|
    |xor_ln15_8_fu_2690_p2                   |       xor|   0|  0|   15|          15|          15|
    |xor_ln15_9_fu_2862_p2                   |       xor|   0|  0|   15|          15|          15|
    |xor_ln15_fu_1649_p2                     |       xor|   0|  0|   15|          15|          15|
    |xor_ln16_10_fu_2806_p2                  |       xor|   0|  0|   32|          32|          32|
    |xor_ln16_11_fu_2934_p2                  |       xor|   0|  0|   32|          32|          32|
    |xor_ln16_12_fu_3096_p2                  |       xor|   0|  0|   32|          32|          32|
    |xor_ln16_13_fu_3224_p2                  |       xor|   0|  0|   32|          32|          32|
    |xor_ln16_14_fu_3365_p2                  |       xor|   0|  0|   32|          32|          32|
    |xor_ln16_15_fu_3493_p2                  |       xor|   0|  0|   32|          32|          32|
    |xor_ln16_16_fu_3642_p2                  |       xor|   0|  0|   32|          32|          32|
    |xor_ln16_17_fu_3770_p2                  |       xor|   0|  0|   32|          32|          32|
    |xor_ln16_18_fu_3902_p2                  |       xor|   0|  0|   26|          26|          26|
    |xor_ln16_1_fu_1604_p2                   |       xor|   0|  0|   32|          32|          32|
    |xor_ln16_2_fu_1720_p2                   |       xor|   0|  0|   32|          32|          32|
    |xor_ln16_3_fu_1831_p2                   |       xor|   0|  0|   32|          32|          32|
    |xor_ln16_4_fu_1948_p2                   |       xor|   0|  0|   32|          32|          32|
    |xor_ln16_5_fu_2059_p2                   |       xor|   0|  0|   32|          32|          32|
    |xor_ln16_6_fu_2222_p2                   |       xor|   0|  0|   32|          32|          32|
    |xor_ln16_7_fu_2342_p2                   |       xor|   0|  0|   32|          32|          32|
    |xor_ln16_8_fu_2516_p2                   |       xor|   0|  0|   32|          32|          32|
    |xor_ln16_9_fu_2644_p2                   |       xor|   0|  0|   32|          32|          32|
    |xor_ln16_fu_1467_p2                     |       xor|   0|  0|   22|          22|          22|
    |xor_ln18_fu_3914_p2                     |       xor|   0|  0|   15|          15|          15|
    |xor_ln411_fu_5259_p2                    |       xor|   0|  0|    3|           2|           3|
    +----------------------------------------+----------+----+---+-----+------------+------------+
    |Total                                   |          |   0|  0| 9060|        7004|        6445|
    +----------------------------------------+----------+----+---+-----+------------+------------+

    * Multiplexer: 
    +---------------------------------------------+------+-----------+-----+-----------+
    |                     Name                    |  LUT | Input Size| Bits| Total Bits|
    +---------------------------------------------+------+-----------+-----+-----------+
    |ap_NS_fsm                                    |  2693|        525|    1|        525|
    |ap_done                                      |     9|          2|    1|          2|
    |ap_enable_reg_pp2_iter1                      |    14|          3|    1|          3|
    |ap_enable_reg_pp3_iter24                     |     9|          2|    1|          2|
    |ap_phi_mux_address_lcssa4_phi_fu_892_p64     |   152|         33|    5|        165|
    |ap_phi_mux_i_2_phi_fu_871_p4                 |     9|          2|   31|         62|
    |ap_phi_mux_i_3_phi_fu_1043_p4                |     9|          2|   32|         64|
    |ap_phi_mux_indvar_phi_fu_1032_p4             |     9|          2|   31|         62|
    |ap_phi_mux_j_0_lcssa_phi_fu_1020_p4          |     9|          2|   32|         64|
    |ap_phi_mux_phi_ln392_phi_fu_993_p4           |     9|          2|   12|         24|
    |ap_phi_mux_prefix_code_1_phi_fu_1005_p6      |     9|          2|   12|         24|
    |ap_phi_reg_pp2_iter1_prefix_code_1_reg_1001  |     9|          2|   12|         24|
    |gmem_ARADDR                                  |    31|          6|   64|        384|
    |gmem_AWADDR                                  |    54|         10|   64|        640|
    |gmem_WDATA                                   |    54|         10|   32|        320|
    |gmem_WSTRB                                   |    37|          7|    4|         28|
    |gmem_blk_n_AR                                |     9|          2|    1|          2|
    |gmem_blk_n_AW                                |     9|          2|    1|          2|
    |gmem_blk_n_B                                 |     9|          2|    1|          2|
    |gmem_blk_n_R                                 |     9|          2|    1|          2|
    |gmem_blk_n_W                                 |     9|          2|    1|          2|
    |hash_table_address0                          |    20|          4|   15|         60|
    |hash_table_d0                                |    14|          3|   33|         99|
    |i_1_reg_856                                  |     9|          2|   10|         20|
    |i_2_reg_867                                  |     9|          2|   31|         62|
    |i_3_reg_1039                                 |     9|          2|   32|         64|
    |i_reg_845                                    |     9|          2|   16|         32|
    |indvar_reg_1028                              |     9|          2|   31|         62|
    |j_0_lcssa_reg_1016                           |     9|          2|   32|         64|
    |j_fu_462                                     |     9|          2|   32|         64|
    |my_assoc_mem_fill_fu_454                     |     9|          2|   32|         64|
    |my_assoc_mem_lower_key_mem_address0          |    20|          4|    9|         36|
    |my_assoc_mem_lower_key_mem_d0                |    14|          3|   64|        192|
    |my_assoc_mem_middle_key_mem_address0         |    20|          4|    9|         36|
    |my_assoc_mem_middle_key_mem_d0               |    14|          3|   64|        192|
    |my_assoc_mem_upper_key_mem_address0          |    20|          4|    9|         36|
    |my_assoc_mem_upper_key_mem_d0                |    14|          3|   64|        192|
    |my_assoc_mem_value_address0                  |    14|          3|    6|         18|
    |out_code_address0                            |    20|          4|   15|         60|
    |out_code_address1                            |    14|          3|   15|         45|
    |out_code_d0                                  |    14|          3|   12|         36|
    |output_size_0_lcssa_reg_1051                 |     9|          2|   32|         64|
    |output_size_1_reg_1063                       |     9|          2|   32|         64|
    |prefix_code_2_reg_878                        |     9|          2|   12|         24|
    |value_1_fu_458                               |     9|          2|   32|         64|
    +---------------------------------------------+------+-----------+-----+-----------+
    |Total                                        |  3467|        687|  979|       4053|
    +---------------------------------------------+------+-----------+-----+-----------+

    * Register: 
    +---------------------------------------------+-----+----+-----+-----------+
    |                     Name                    |  FF | LUT| Bits| Const Bits|
    +---------------------------------------------+-----+----+-----+-----------+
    |add_ln14_10_reg_6220                         |   32|   0|   32|          0|
    |add_ln14_12_reg_6252                         |   32|   0|   32|          0|
    |add_ln14_14_reg_6284                         |   32|   0|   32|          0|
    |add_ln14_16_reg_6310                         |   32|   0|   32|          0|
    |add_ln14_18_reg_6349                         |   32|   0|   32|          0|
    |add_ln14_1_reg_6026                          |   23|   0|   23|          0|
    |add_ln14_24_reg_6150                         |   15|   0|   15|          0|
    |add_ln14_3_reg_6092                          |   32|   0|   32|          0|
    |add_ln14_5_reg_6118                          |   32|   0|   32|          0|
    |add_ln14_6_reg_6139                          |   32|   0|   32|          0|
    |add_ln14_8_reg_6176                          |   32|   0|   32|          0|
    |add_ln157_9_reg_6155                         |    9|   0|    9|          0|
    |add_ln16_10_reg_6145                         |   26|   0|   26|          0|
    |add_ln371_2_reg_5972                         |    2|   0|    2|          0|
    |add_ln371_3_reg_6001                         |    2|   0|    2|          0|
    |add_ln371_reg_5989                           |   31|   0|   31|          0|
    |add_ln402_3_reg_6674                         |   32|   0|   32|          0|
    |add_ln402_4_reg_6580                         |   31|   0|   31|          0|
    |add_ln411_3_reg_6605                         |    2|   0|    2|          0|
    |add_ln411_7_reg_6621                         |    2|   0|    2|          0|
    |add_ln411_8_reg_6631                         |    2|   0|    2|          0|
    |add_ln417_1_reg_6710                         |    2|   0|    2|          0|
    |add_ln425_reg_6752                           |   32|   0|   32|          0|
    |adjusted_input_size_reg_6555                 |   32|   0|   32|          0|
    |and_ln124_63_reg_6403                        |    1|   0|    1|          0|
    |ap_CS_fsm                                    |  524|   0|  524|          0|
    |ap_done_reg                                  |    1|   0|    1|          0|
    |ap_enable_reg_pp2_iter0                      |    1|   0|    1|          0|
    |ap_enable_reg_pp2_iter1                      |    1|   0|    1|          0|
    |ap_enable_reg_pp3_iter0                      |    1|   0|    1|          0|
    |ap_enable_reg_pp3_iter1                      |    1|   0|    1|          0|
    |ap_enable_reg_pp3_iter10                     |    1|   0|    1|          0|
    |ap_enable_reg_pp3_iter11                     |    1|   0|    1|          0|
    |ap_enable_reg_pp3_iter12                     |    1|   0|    1|          0|
    |ap_enable_reg_pp3_iter13                     |    1|   0|    1|          0|
    |ap_enable_reg_pp3_iter14                     |    1|   0|    1|          0|
    |ap_enable_reg_pp3_iter15                     |    1|   0|    1|          0|
    |ap_enable_reg_pp3_iter16                     |    1|   0|    1|          0|
    |ap_enable_reg_pp3_iter17                     |    1|   0|    1|          0|
    |ap_enable_reg_pp3_iter18                     |    1|   0|    1|          0|
    |ap_enable_reg_pp3_iter19                     |    1|   0|    1|          0|
    |ap_enable_reg_pp3_iter2                      |    1|   0|    1|          0|
    |ap_enable_reg_pp3_iter20                     |    1|   0|    1|          0|
    |ap_enable_reg_pp3_iter21                     |    1|   0|    1|          0|
    |ap_enable_reg_pp3_iter22                     |    1|   0|    1|          0|
    |ap_enable_reg_pp3_iter23                     |    1|   0|    1|          0|
    |ap_enable_reg_pp3_iter24                     |    1|   0|    1|          0|
    |ap_enable_reg_pp3_iter3                      |    1|   0|    1|          0|
    |ap_enable_reg_pp3_iter4                      |    1|   0|    1|          0|
    |ap_enable_reg_pp3_iter5                      |    1|   0|    1|          0|
    |ap_enable_reg_pp3_iter6                      |    1|   0|    1|          0|
    |ap_enable_reg_pp3_iter7                      |    1|   0|    1|          0|
    |ap_enable_reg_pp3_iter8                      |    1|   0|    1|          0|
    |ap_enable_reg_pp3_iter9                      |    1|   0|    1|          0|
    |ap_phi_reg_pp2_iter0_phi_ln392_reg_990       |   12|   0|   12|          0|
    |ap_phi_reg_pp2_iter1_phi_ln392_reg_990       |   12|   0|   12|          0|
    |ap_phi_reg_pp2_iter1_prefix_code_1_reg_1001  |   12|   0|   12|          0|
    |ap_rst_n_inv                                 |    1|   0|    1|          0|
    |ap_rst_reg_1                                 |    1|   0|    1|          0|
    |ap_rst_reg_2                                 |    1|   0|    1|          0|
    |gmem_addr_10_reg_6693                        |   64|   0|   64|          0|
    |gmem_addr_11_reg_6699                        |   64|   0|   64|          0|
    |gmem_addr_13_reg_6746                        |   64|   0|   64|          0|
    |gmem_addr_1_reg_5873                         |   64|   0|   64|          0|
    |gmem_addr_5_read_reg_5934                    |   32|   0|   32|          0|
    |gmem_addr_5_reg_5923                         |   64|   0|   64|          0|
    |gmem_addr_6_read_reg_6006                    |   32|   0|   32|          0|
    |gmem_addr_6_reg_5995                         |   64|   0|   64|          0|
    |gmem_addr_7_reg_6615                         |   64|   0|   64|          0|
    |gmem_addr_8_reg_6652                         |   64|   0|   64|          0|
    |gmem_addr_9_reg_6658                         |   64|   0|   64|          0|
    |gmem_addr_read_reg_5841                      |   32|   0|   32|          0|
    |gmem_addr_reg_5835                           |   64|   0|   64|          0|
    |hash_table_addr_1_reg_6370                   |   15|   0|   15|          0|
    |hit_reg_6379                                 |    1|   0|    1|          0|
    |i_1_reg_856                                  |   10|   0|   10|          0|
    |i_2_reg_867                                  |   31|   0|   31|          0|
    |i_3_reg_1039                                 |   32|   0|   32|          0|
    |i_reg_845                                    |   16|   0|   16|          0|
    |icmp_ln369_1_reg_5985                        |    1|   0|    1|          0|
    |icmp_ln369_reg_5946                          |    1|   0|    1|          0|
    |icmp_ln391_reg_6540                          |    1|   0|    1|          0|
    |icmp_ln402_2_reg_6585                        |    1|   0|    1|          0|
    |icmp_ln402_reg_6560                          |    1|   0|    1|          0|
    |icmp_ln413_reg_6684                          |    1|   0|    1|          0|
    |icmp_ln97_reg_6531                           |    1|   0|    1|          0|
    |indvar_reg_1028                              |   31|   0|   31|          0|
    |j_0_lcssa_reg_1016                           |   32|   0|   32|          0|
    |j_1_reg_5977                                 |   32|   0|   32|          0|
    |j_fu_462                                     |   32|   0|   32|          0|
    |key_reg_6331                                 |   20|   0|   20|          0|
    |mem_lower_key_mem_addr_reg_6398              |    9|   0|    9|          0|
    |mem_middle_key_mem_addr_reg_6393             |    9|   0|    9|          0|
    |mem_upper_key_mem_addr_reg_6388              |    2|   0|    9|          7|
    |my_assoc_mem_fill_fu_454                     |   32|   0|   32|          0|
    |next_char_reg_6011                           |    8|   0|    8|          0|
    |output_size_0_lcssa_reg_1051                 |   32|   0|   32|          0|
    |output_size_1_reg_1063                       |   32|   0|   32|          0|
    |prefix_code_2_reg_878                        |   12|   0|   12|          0|
    |prefix_code_reg_5929                         |    8|   0|    8|          0|
    |select_ln401_reg_6544                        |   32|   0|   32|          0|
    |select_ln402_reg_6564                        |   31|   0|   31|          0|
    |sext_ln374_reg_6204                          |   12|   0|   12|          0|
    |sext_ln403_reg_6589                          |   34|   0|   34|          0|
    |shl_ln411_2_reg_6642                         |   32|   0|   32|          0|
    |shl_ln411_3_reg_6626                         |    4|   0|    4|          0|
    |shl_ln411_5_reg_6647                         |   32|   0|   32|          0|
    |shl_ln411_6_reg_6664                         |    4|   0|    4|          0|
    |shl_ln411_8_reg_6669                         |   32|   0|   32|          0|
    |shl_ln411_reg_6610                           |    4|   0|    4|          0|
    |shl_ln417_2_reg_6720                         |   32|   0|   32|          0|
    |shl_ln417_3_reg_6725                         |    4|   0|    4|          0|
    |shl_ln417_5_reg_6730                         |   32|   0|   32|          0|
    |shl_ln417_reg_6715                           |    4|   0|    4|          0|
    |tmp_11_reg_6209                              |    1|   0|    1|          0|
    |tmp_13_reg_6241                              |    1|   0|    1|          0|
    |tmp_15_reg_6273                              |    1|   0|    1|          0|
    |tmp_17_reg_6197                              |    1|   0|    1|          0|
    |tmp_19_reg_6338                              |    1|   0|    1|          0|
    |tmp_22_reg_6407                              |    1|   0|    1|          0|
    |tmp_23_reg_6411                              |    1|   0|    1|          0|
    |tmp_24_reg_6415                              |    1|   0|    1|          0|
    |tmp_25_reg_6419                              |    1|   0|    1|          0|
    |tmp_26_reg_6423                              |    1|   0|    1|          0|
    |tmp_27_reg_6427                              |    1|   0|    1|          0|
    |tmp_28_reg_6431                              |    1|   0|    1|          0|
    |tmp_29_reg_6435                              |    1|   0|    1|          0|
    |tmp_2_reg_5884                               |   24|   0|   24|          0|
    |tmp_30_reg_6439                              |    1|   0|    1|          0|
    |tmp_31_reg_6443                              |    1|   0|    1|          0|
    |tmp_32_reg_6447                              |    1|   0|    1|          0|
    |tmp_33_reg_6451                              |    1|   0|    1|          0|
    |tmp_34_reg_6455                              |    1|   0|    1|          0|
    |tmp_35_reg_6459                              |    1|   0|    1|          0|
    |tmp_36_reg_6463                              |    1|   0|    1|          0|
    |tmp_37_reg_6467                              |    1|   0|    1|          0|
    |tmp_38_reg_6471                              |    1|   0|    1|          0|
    |tmp_39_reg_6475                              |    1|   0|    1|          0|
    |tmp_3_reg_6052                               |    1|   0|    1|          0|
    |tmp_40_reg_6479                              |    1|   0|    1|          0|
    |tmp_41_reg_6483                              |    1|   0|    1|          0|
    |tmp_42_reg_6487                              |    1|   0|    1|          0|
    |tmp_43_reg_6491                              |    1|   0|    1|          0|
    |tmp_44_reg_6495                              |    1|   0|    1|          0|
    |tmp_45_reg_6499                              |    1|   0|    1|          0|
    |tmp_46_reg_6503                              |    1|   0|    1|          0|
    |tmp_47_reg_6507                              |    1|   0|    1|          0|
    |tmp_48_reg_6511                              |    1|   0|    1|          0|
    |tmp_49_reg_6515                              |    1|   0|    1|          0|
    |tmp_4_reg_6059                               |    1|   0|    1|          0|
    |tmp_50_reg_6519                              |    1|   0|    1|          0|
    |tmp_51_reg_6523                              |    1|   0|    1|          0|
    |tmp_52_reg_6527                              |    1|   0|    1|          0|
    |tmp_5_reg_6066                               |    1|   0|    1|          0|
    |tmp_6_reg_6073                               |    1|   0|    1|          0|
    |tmp_7_reg_6080                               |    1|   0|    1|          0|
    |tmp_9_reg_6165                               |    1|   0|    1|          0|
    |trunc_ln14_2_reg_6160                        |    9|   0|    9|          0|
    |trunc_ln15_17_reg_6037                       |   16|   0|   16|          0|
    |trunc_ln15_19_reg_6103                       |   16|   0|   16|          0|
    |trunc_ln15_21_reg_6129                       |   16|   0|   16|          0|
    |trunc_ln15_24_reg_6187                       |   16|   0|   16|          0|
    |trunc_ln15_26_reg_6231                       |   16|   0|   16|          0|
    |trunc_ln15_28_reg_6263                       |   16|   0|   16|          0|
    |trunc_ln15_30_reg_6295                       |   16|   0|   16|          0|
    |trunc_ln15_32_reg_6321                       |   16|   0|   16|          0|
    |trunc_ln15_34_reg_6360                       |   16|   0|   16|          0|
    |trunc_ln15_reg_6032                          |   22|   0|   22|          0|
    |trunc_ln16_13_reg_6134                       |    5|   0|    5|          0|
    |trunc_ln16_19_reg_6192                       |    5|   0|    5|          0|
    |trunc_ln16_23_reg_6236                       |    5|   0|    5|          0|
    |trunc_ln16_27_reg_6268                       |    5|   0|    5|          0|
    |trunc_ln16_2_reg_6042                        |   15|   0|   15|          0|
    |trunc_ln16_31_reg_6300                       |    5|   0|    5|          0|
    |trunc_ln16_37_reg_6326                       |    5|   0|    5|          0|
    |trunc_ln16_39_reg_6365                       |    5|   0|    5|          0|
    |trunc_ln16_4_reg_6047                        |    5|   0|    5|          0|
    |trunc_ln16_8_reg_6108                        |    5|   0|    5|          0|
    |trunc_ln401_1_reg_6550                       |    2|   0|    2|          0|
    |trunc_ln402_1_reg_6569                       |    2|   0|    2|          0|
    |trunc_ln409_reg_6637                         |    8|   0|    8|          0|
    |trunc_ln416_reg_6705                         |    4|   0|    4|          0|
    |trunc_ln430_reg_5879                         |    7|   0|    7|          0|
    |valid_reg_6375                               |    1|   0|    1|          0|
    |value_1_fu_458                               |   32|   0|   32|          0|
    |xor_ln14_10_reg_6247                         |   26|   0|   26|          0|
    |xor_ln14_12_reg_6279                         |   26|   0|   26|          0|
    |xor_ln14_14_reg_6305                         |   26|   0|   26|          0|
    |xor_ln14_16_reg_6344                         |   26|   0|   26|          0|
    |xor_ln14_1_reg_6087                          |   26|   0|   26|          0|
    |xor_ln14_3_reg_6113                          |   26|   0|   26|          0|
    |xor_ln14_6_reg_6171                          |   26|   0|   26|          0|
    |xor_ln14_8_reg_6215                          |   26|   0|   26|          0|
    |xor_ln15_10_reg_6258                         |   15|   0|   15|          0|
    |xor_ln15_12_reg_6290                         |   15|   0|   15|          0|
    |xor_ln15_14_reg_6316                         |   15|   0|   15|          0|
    |xor_ln15_16_reg_6355                         |   15|   0|   15|          0|
    |xor_ln15_1_reg_6098                          |   15|   0|   15|          0|
    |xor_ln15_3_reg_6124                          |   15|   0|   15|          0|
    |xor_ln15_6_reg_6182                          |   15|   0|   15|          0|
    |xor_ln15_8_reg_6226                          |   15|   0|   15|          0|
    |xor_ln411_reg_6575                           |    2|   0|    2|          0|
    |icmp_ln402_2_reg_6585                        |   64|  32|    1|          0|
    +---------------------------------------------+-----+----+-----+-----------+
    |Total                                        | 3302|  32| 3246|          7|
    +---------------------------------------------+-----+----+-----+-----------+



================================================================
== Interface
================================================================
* Summary: 
+-----------------------+-----+-----+---------------+-----------------+--------------+
|       RTL Ports       | Dir | Bits|    Protocol   |  Source Object  |    C Type    |
+-----------------------+-----+-----+---------------+-----------------+--------------+
|s_axi_control_AWVALID  |   in|    1|          s_axi|          control|        scalar|
|s_axi_control_AWREADY  |  out|    1|          s_axi|          control|        scalar|
|s_axi_control_AWADDR   |   in|    7|          s_axi|          control|        scalar|
|s_axi_control_WVALID   |   in|    1|          s_axi|          control|        scalar|
|s_axi_control_WREADY   |  out|    1|          s_axi|          control|        scalar|
|s_axi_control_WDATA    |   in|   32|          s_axi|          control|        scalar|
|s_axi_control_WSTRB    |   in|    4|          s_axi|          control|        scalar|
|s_axi_control_ARVALID  |   in|    1|          s_axi|          control|        scalar|
|s_axi_control_ARREADY  |  out|    1|          s_axi|          control|        scalar|
|s_axi_control_ARADDR   |   in|    7|          s_axi|          control|        scalar|
|s_axi_control_RVALID   |  out|    1|          s_axi|          control|        scalar|
|s_axi_control_RREADY   |   in|    1|          s_axi|          control|        scalar|
|s_axi_control_RDATA    |  out|   32|          s_axi|          control|        scalar|
|s_axi_control_RRESP    |  out|    2|          s_axi|          control|        scalar|
|s_axi_control_BVALID   |  out|    1|          s_axi|          control|        scalar|
|s_axi_control_BREADY   |   in|    1|          s_axi|          control|        scalar|
|s_axi_control_BRESP    |  out|    2|          s_axi|          control|        scalar|
|ap_clk                 |   in|    1|  ap_ctrl_chain|  lzw_compress_hw|  return value|
|ap_rst_n               |   in|    1|  ap_ctrl_chain|  lzw_compress_hw|  return value|
|interrupt              |  out|    1|  ap_ctrl_chain|  lzw_compress_hw|  return value|
|m_axi_gmem_AWVALID     |  out|    1|          m_axi|             gmem|       pointer|
|m_axi_gmem_AWREADY     |   in|    1|          m_axi|             gmem|       pointer|
|m_axi_gmem_AWADDR      |  out|   64|          m_axi|             gmem|       pointer|
|m_axi_gmem_AWID        |  out|    1|          m_axi|             gmem|       pointer|
|m_axi_gmem_AWLEN       |  out|    8|          m_axi|             gmem|       pointer|
|m_axi_gmem_AWSIZE      |  out|    3|          m_axi|             gmem|       pointer|
|m_axi_gmem_AWBURST     |  out|    2|          m_axi|             gmem|       pointer|
|m_axi_gmem_AWLOCK      |  out|    2|          m_axi|             gmem|       pointer|
|m_axi_gmem_AWCACHE     |  out|    4|          m_axi|             gmem|       pointer|
|m_axi_gmem_AWPROT      |  out|    3|          m_axi|             gmem|       pointer|
|m_axi_gmem_AWQOS       |  out|    4|          m_axi|             gmem|       pointer|
|m_axi_gmem_AWREGION    |  out|    4|          m_axi|             gmem|       pointer|
|m_axi_gmem_AWUSER      |  out|    1|          m_axi|             gmem|       pointer|
|m_axi_gmem_WVALID      |  out|    1|          m_axi|             gmem|       pointer|
|m_axi_gmem_WREADY      |   in|    1|          m_axi|             gmem|       pointer|
|m_axi_gmem_WDATA       |  out|   32|          m_axi|             gmem|       pointer|
|m_axi_gmem_WSTRB       |  out|    4|          m_axi|             gmem|       pointer|
|m_axi_gmem_WLAST       |  out|    1|          m_axi|             gmem|       pointer|
|m_axi_gmem_WID         |  out|    1|          m_axi|             gmem|       pointer|
|m_axi_gmem_WUSER       |  out|    1|          m_axi|             gmem|       pointer|
|m_axi_gmem_ARVALID     |  out|    1|          m_axi|             gmem|       pointer|
|m_axi_gmem_ARREADY     |   in|    1|          m_axi|             gmem|       pointer|
|m_axi_gmem_ARADDR      |  out|   64|          m_axi|             gmem|       pointer|
|m_axi_gmem_ARID        |  out|    1|          m_axi|             gmem|       pointer|
|m_axi_gmem_ARLEN       |  out|    8|          m_axi|             gmem|       pointer|
|m_axi_gmem_ARSIZE      |  out|    3|          m_axi|             gmem|       pointer|
|m_axi_gmem_ARBURST     |  out|    2|          m_axi|             gmem|       pointer|
|m_axi_gmem_ARLOCK      |  out|    2|          m_axi|             gmem|       pointer|
|m_axi_gmem_ARCACHE     |  out|    4|          m_axi|             gmem|       pointer|
|m_axi_gmem_ARPROT      |  out|    3|          m_axi|             gmem|       pointer|
|m_axi_gmem_ARQOS       |  out|    4|          m_axi|             gmem|       pointer|
|m_axi_gmem_ARREGION    |  out|    4|          m_axi|             gmem|       pointer|
|m_axi_gmem_ARUSER      |  out|    1|          m_axi|             gmem|       pointer|
|m_axi_gmem_RVALID      |   in|    1|          m_axi|             gmem|       pointer|
|m_axi_gmem_RREADY      |  out|    1|          m_axi|             gmem|       pointer|
|m_axi_gmem_RDATA       |   in|   32|          m_axi|             gmem|       pointer|
|m_axi_gmem_RLAST       |   in|    1|          m_axi|             gmem|       pointer|
|m_axi_gmem_RID         |   in|    1|          m_axi|             gmem|       pointer|
|m_axi_gmem_RUSER       |   in|    1|          m_axi|             gmem|       pointer|
|m_axi_gmem_RRESP       |   in|    2|          m_axi|             gmem|       pointer|
|m_axi_gmem_BVALID      |   in|    1|          m_axi|             gmem|       pointer|
|m_axi_gmem_BREADY      |  out|    1|          m_axi|             gmem|       pointer|
|m_axi_gmem_BRESP       |   in|    2|          m_axi|             gmem|       pointer|
|m_axi_gmem_BID         |   in|    1|          m_axi|             gmem|       pointer|
|m_axi_gmem_BUSER       |   in|    1|          m_axi|             gmem|       pointer|
+-----------------------+-----+-----+---------------+-----------------+--------------+

