

================================================================
== Vitis HLS Report for 'lzw_compress_hw'
================================================================
* Date:           Mon Dec  9 10:33:57 2024

* Version:        2020.2 (Build 3064766 on Wed Nov 18 09:12:47 MST 2020)
* Project:        lzw_co
* Solution:       solution1 (Vitis Kernel Flow Target)
* Product family: zynquplus
* Target device:  xczu3eg-sbva484-1-i


================================================================
== Performance Estimates
================================================================
+ Timing: 
    * Summary: 
    +--------+---------+----------+------------+
    |  Clock |  Target | Estimated| Uncertainty|
    +--------+---------+----------+------------+
    |ap_clk  |  6.67 ns|  4.867 ns|     1.80 ns|
    +--------+---------+----------+------------+

+ Latency: 
    * Summary: 
    +---------+---------+----------+----------+-----+-----+---------+
    |  Latency (cycles) |  Latency (absolute) |  Interval | Pipeline|
    |   min   |   max   |    min   |    max   | min | max |   Type  |
    +---------+---------+----------+----------+-----+-----+---------+
    |        ?|        ?|         ?|         ?|    ?|    ?|     none|
    +---------+---------+----------+----------+-----+-----+---------+

    + Detail: 
        * Instance: 
        N/A

        * Loop: 
        +--------------------+---------+---------+----------+-----------+-----------+-------+----------+
        |                    |  Latency (cycles) | Iteration|  Initiation Interval  |  Trip |          |
        |      Loop Name     |   min   |   max   |  Latency |  achieved |   target  | Count | Pipelined|
        +--------------------+---------+---------+----------+-----------+-----------+-------+----------+
        |- loop_copy_in      |     2049|     2049|         3|          1|          1|   2048|       yes|
        |- VITIS_LOOP_386_1  |    32768|    32768|         1|          1|          1|  32768|       yes|
        |- VITIS_LOOP_391_2  |      512|      512|         1|          1|          1|    512|       yes|
        |- VITIS_LOOP_405_3  |        ?|        ?|        15|         14|          1|      ?|       yes|
        |- VITIS_LOOP_438_4  |        ?|        ?|         3|          2|          1|      ?|       yes|
        |- loop_copy_out     |     2049|     2049|         3|          1|          1|   2048|       yes|
        +--------------------+---------+---------+----------+-----------+-----------+-------+----------+



================================================================
== Utilization Estimates
================================================================
* Summary: 
+-----------------+---------+-----+--------+-------+-----+
|       Name      | BRAM_18K| DSP |   FF   |  LUT  | URAM|
+-----------------+---------+-----+--------+-------+-----+
|DSP              |        -|    -|       -|      -|    -|
|Expression       |        -|    -|       0|   8281|    -|
|FIFO             |        -|    -|       -|      -|    -|
|Instance         |       30|    -|    1871|   2393|    -|
|Memory           |       90|    -|      24|     12|    -|
|Multiplexer      |        -|    -|       -|   3683|    -|
|Register         |        -|    -|    4124|      -|    -|
+-----------------+---------+-----+--------+-------+-----+
|Total            |      120|    0|    6019|  14369|    0|
+-----------------+---------+-----+--------+-------+-----+
|Available        |      432|  360|  141120|  70560|    0|
+-----------------+---------+-----+--------+-------+-----+
|Utilization (%)  |       27|    0|       4|     20|    0|
+-----------------+---------+-----+--------+-------+-----+

+ Detail: 
    * Instance: 
    +-----------------+---------------+---------+----+------+------+-----+
    |     Instance    |     Module    | BRAM_18K| DSP|  FF  |  LUT | URAM|
    +-----------------+---------------+---------+----+------+------+-----+
    |control_s_axi_U  |control_s_axi  |        0|   0|   456|   808|    0|
    |gmem_m_axi_U     |gmem_m_axi     |       30|   0|  1415|  1585|    0|
    +-----------------+---------------+---------+----+------+------+-----+
    |Total            |               |       30|   0|  1871|  2393|    0|
    +-----------------+---------------+---------+----+------+------+-----+

    * DSP: 
    N/A

    * Memory: 
    +-------------------------------+----------------------------+---------+----+----+-----+-------+-----+------+-------------+
    |             Memory            |           Module           | BRAM_18K| FF | LUT| URAM| Words | Bits| Banks| W*Bits*Banks|
    +-------------------------------+----------------------------+---------+----+----+-----+-------+-----+------+-------------+
    |hash_table_U                   |hash_table                  |       60|   0|   0|    0|  32768|   33|     1|      1081344|
    |my_assoc_mem_upper_key_mem_U   |my_assoc_mem_upper_key_mem  |        2|   0|   0|    0|    512|   64|     1|        32768|
    |my_assoc_mem_middle_key_mem_U  |my_assoc_mem_upper_key_mem  |        2|   0|   0|    0|    512|   64|     1|        32768|
    |my_assoc_mem_lower_key_mem_U   |my_assoc_mem_upper_key_mem  |        2|   0|   0|    0|    512|   64|     1|        32768|
    |my_assoc_mem_value_U           |my_assoc_mem_value          |        0|  24|  12|    0|     64|   12|     1|          768|
    |out_code_U                     |out_code                    |       22|   0|   0|    0|  32768|   12|     1|       393216|
    |s1_local_U                     |s1_local                    |        1|   0|   0|    0|   2048|    8|     1|        16384|
    |temp_out_buffer_local_U        |temp_out_buffer_local       |        1|   0|   0|    0|   2048|    8|     1|        16384|
    +-------------------------------+----------------------------+---------+----+----+-----+-------+-----+------+-------------+
    |Total                          |                            |       90|  24|  12|    0|  71232|  265|     8|      1606400|
    +-------------------------------+----------------------------+---------+----+----+-----+-------+-----+------+-------------+

    * FIFO: 
    N/A

    * Expression: 
    +----------------------------------------+----------+----+---+-----+------------+------------+
    |              Variable Name             | Operation| DSP| FF| LUT | Bitwidth P0| Bitwidth P1|
    +----------------------------------------+----------+----+---+-----+------------+------------+
    |add_ln10_fu_4048_p2                     |         +|   0|  0|   22|          15|          15|
    |add_ln14_10_fu_2794_p2                  |         +|   0|  0|   39|          32|          32|
    |add_ln14_11_fu_2960_p2                  |         +|   0|  0|   39|          32|          32|
    |add_ln14_12_fu_3084_p2                  |         +|   0|  0|   39|          32|          32|
    |add_ln14_13_fu_3250_p2                  |         +|   0|  0|   39|          32|          32|
    |add_ln14_14_fu_3374_p2                  |         +|   0|  0|   39|          32|          32|
    |add_ln14_15_fu_3519_p2                  |         +|   0|  0|   39|          32|          32|
    |add_ln14_16_fu_3634_p2                  |         +|   0|  0|   39|          32|          32|
    |add_ln14_17_fu_3796_p2                  |         +|   0|  0|   39|          32|          32|
    |add_ln14_18_fu_3920_p2                  |         +|   0|  0|   39|          32|          32|
    |add_ln14_19_fu_1723_p2                  |         +|   0|  0|   22|          15|          15|
    |add_ln14_1_fu_1599_p2                   |         +|   0|  0|   30|          23|          23|
    |add_ln14_20_fu_1839_p2                  |         +|   0|  0|   32|          15|          15|
    |add_ln14_21_fu_1950_p2                  |         +|   0|  0|   32|          15|          15|
    |add_ln14_22_fu_2067_p2                  |         +|   0|  0|   32|          15|          15|
    |add_ln14_23_fu_2178_p2                  |         +|   0|  0|   32|          15|          15|
    |add_ln14_24_fu_2260_p2                  |         +|   0|  0|   32|          15|          15|
    |add_ln14_25_fu_2480_p2                  |         +|   0|  0|   32|          15|          15|
    |add_ln14_26_fu_2644_p2                  |         +|   0|  0|   32|          15|          15|
    |add_ln14_27_fu_2772_p2                  |         +|   0|  0|   32|          15|          15|
    |add_ln14_28_fu_2934_p2                  |         +|   0|  0|   32|          15|          15|
    |add_ln14_29_fu_3062_p2                  |         +|   0|  0|   32|          15|          15|
    |add_ln14_2_fu_1747_p2                   |         +|   0|  0|   39|          32|          32|
    |add_ln14_30_fu_3224_p2                  |         +|   0|  0|   32|          15|          15|
    |add_ln14_31_fu_3352_p2                  |         +|   0|  0|   32|          15|          15|
    |add_ln14_32_fu_3493_p2                  |         +|   0|  0|   32|          15|          15|
    |add_ln14_33_fu_3612_p2                  |         +|   0|  0|   32|          15|          15|
    |add_ln14_34_fu_3770_p2                  |         +|   0|  0|   32|          15|          15|
    |add_ln14_35_fu_3898_p2                  |         +|   0|  0|   32|          15|          15|
    |add_ln14_3_fu_1861_p2                   |         +|   0|  0|   39|          32|          32|
    |add_ln14_4_fu_1975_p2                   |         +|   0|  0|   39|          32|          32|
    |add_ln14_5_fu_2089_p2                   |         +|   0|  0|   39|          32|          32|
    |add_ln14_6_fu_2203_p2                   |         +|   0|  0|   39|          32|          32|
    |add_ln14_7_fu_2369_p2                   |         +|   0|  0|   39|          32|          32|
    |add_ln14_8_fu_2502_p2                   |         +|   0|  0|   39|          32|          32|
    |add_ln14_9_fu_2670_p2                   |         +|   0|  0|   39|          32|          32|
    |add_ln14_fu_1539_p2                     |         +|   0|  0|   19|          12|          12|
    |add_ln157_1_fu_3409_p2                  |         +|   0|  0|   24|          17|          17|
    |add_ln157_2_fu_3134_p2                  |         +|   0|  0|   23|          16|          16|
    |add_ln157_3_fu_3140_p2                  |         +|   0|  0|   22|          15|          15|
    |add_ln157_4_fu_2844_p2                  |         +|   0|  0|   21|          14|          14|
    |add_ln157_5_fu_2850_p2                  |         +|   0|  0|   20|          13|          13|
    |add_ln157_6_fu_2554_p2                  |         +|   0|  0|   19|          12|          12|
    |add_ln157_7_fu_2560_p2                  |         +|   0|  0|   18|          11|          11|
    |add_ln157_8_fu_2296_p2                  |         +|   0|  0|   25|          18|          18|
    |add_ln157_9_fu_2302_p2                  |         +|   0|  0|   16|           9|           9|
    |add_ln157_fu_3686_p2                    |         +|   0|  0|   26|          19|          19|
    |add_ln15_10_fu_2879_p2                  |         +|   0|  0|   39|          32|          32|
    |add_ln15_11_fu_3000_p2                  |         +|   0|  0|   39|          32|          32|
    |add_ln15_12_fu_3169_p2                  |         +|   0|  0|   39|          32|          32|
    |add_ln15_13_fu_3290_p2                  |         +|   0|  0|   39|          32|          32|
    |add_ln15_14_fu_3438_p2                  |         +|   0|  0|   39|          32|          32|
    |add_ln15_15_fu_3559_p2                  |         +|   0|  0|   39|          32|          32|
    |add_ln15_16_fu_3715_p2                  |         +|   0|  0|   39|          32|          32|
    |add_ln15_17_fu_3836_p2                  |         +|   0|  0|   39|          32|          32|
    |add_ln15_18_fu_3963_p2                  |         +|   0|  0|   39|          32|          32|
    |add_ln15_19_fu_1768_p2                  |         +|   0|  0|   32|          26|          26|
    |add_ln15_1_fu_1681_p2                   |         +|   0|  0|   39|          32|          32|
    |add_ln15_20_fu_1892_p2                  |         +|   0|  0|   32|          26|          26|
    |add_ln15_21_fu_1996_p2                  |         +|   0|  0|   32|          26|          26|
    |add_ln15_22_fu_2120_p2                  |         +|   0|  0|   32|          26|          26|
    |add_ln15_23_fu_2218_p2                  |         +|   0|  0|   32|          26|          26|
    |add_ln15_24_fu_2390_p2                  |         +|   0|  0|   32|          26|          26|
    |add_ln15_25_fu_2577_p2                  |         +|   0|  0|   32|          26|          26|
    |add_ln15_26_fu_2692_p2                  |         +|   0|  0|   32|          26|          26|
    |add_ln15_27_fu_2867_p2                  |         +|   0|  0|   32|          26|          26|
    |add_ln15_28_fu_2982_p2                  |         +|   0|  0|   32|          26|          26|
    |add_ln15_29_fu_3157_p2                  |         +|   0|  0|   32|          26|          26|
    |add_ln15_2_fu_1786_p2                   |         +|   0|  0|   39|          32|          32|
    |add_ln15_30_fu_3272_p2                  |         +|   0|  0|   32|          26|          26|
    |add_ln15_31_fu_3426_p2                  |         +|   0|  0|   32|          26|          26|
    |add_ln15_32_fu_3541_p2                  |         +|   0|  0|   32|          26|          26|
    |add_ln15_33_fu_3703_p2                  |         +|   0|  0|   32|          26|          26|
    |add_ln15_34_fu_3818_p2                  |         +|   0|  0|   32|          26|          26|
    |add_ln15_35_fu_3951_p2                  |         +|   0|  0|   32|          26|          26|
    |add_ln15_3_fu_1904_p2                   |         +|   0|  0|   39|          32|          32|
    |add_ln15_4_fu_2014_p2                   |         +|   0|  0|   39|          32|          32|
    |add_ln15_5_fu_2132_p2                   |         +|   0|  0|   39|          32|          32|
    |add_ln15_6_fu_2313_p2                   |         +|   0|  0|   39|          32|          32|
    |add_ln15_7_fu_2408_p2                   |         +|   0|  0|   39|          32|          32|
    |add_ln15_8_fu_2589_p2                   |         +|   0|  0|   39|          32|          32|
    |add_ln15_9_fu_2710_p2                   |         +|   0|  0|   39|          32|          32|
    |add_ln15_fu_1557_p2                     |         +|   0|  0|   29|          22|          22|
    |add_ln16_10_fu_2254_p2                  |         +|   0|  0|   32|          26|          26|
    |add_ln16_11_fu_2428_p2                  |         +|   0|  0|   32|          15|          15|
    |add_ln16_12_fu_2446_p2                  |         +|   0|  0|   32|          26|          26|
    |add_ln16_13_fu_2608_p2                  |         +|   0|  0|   32|          15|          15|
    |add_ln16_14_fu_2620_p2                  |         +|   0|  0|   32|          26|          26|
    |add_ln16_15_fu_2730_p2                  |         +|   0|  0|   32|          15|          15|
    |add_ln16_16_fu_2748_p2                  |         +|   0|  0|   32|          26|          26|
    |add_ln16_17_fu_2898_p2                  |         +|   0|  0|   32|          15|          15|
    |add_ln16_18_fu_2910_p2                  |         +|   0|  0|   32|          26|          26|
    |add_ln16_19_fu_3020_p2                  |         +|   0|  0|   32|          15|          15|
    |add_ln16_1_fu_1806_p2                   |         +|   0|  0|   32|          15|          15|
    |add_ln16_20_fu_3038_p2                  |         +|   0|  0|   32|          26|          26|
    |add_ln16_21_fu_3188_p2                  |         +|   0|  0|   32|          15|          15|
    |add_ln16_22_fu_3200_p2                  |         +|   0|  0|   32|          26|          26|
    |add_ln16_23_fu_3310_p2                  |         +|   0|  0|   32|          15|          15|
    |add_ln16_24_fu_3328_p2                  |         +|   0|  0|   32|          26|          26|
    |add_ln16_25_fu_3457_p2                  |         +|   0|  0|   32|          15|          15|
    |add_ln16_26_fu_3469_p2                  |         +|   0|  0|   32|          26|          26|
    |add_ln16_27_fu_3579_p2                  |         +|   0|  0|   32|          15|          15|
    |add_ln16_28_fu_3597_p2                  |         +|   0|  0|   32|          26|          26|
    |add_ln16_29_fu_3734_p2                  |         +|   0|  0|   32|          15|          15|
    |add_ln16_2_fu_1824_p2                   |         +|   0|  0|   32|          26|          26|
    |add_ln16_30_fu_3746_p2                  |         +|   0|  0|   32|          26|          26|
    |add_ln16_31_fu_3856_p2                  |         +|   0|  0|   32|          15|          15|
    |add_ln16_32_fu_3874_p2                  |         +|   0|  0|   32|          26|          26|
    |add_ln16_33_fu_3968_p2                  |         +|   0|  0|   32|          15|          15|
    |add_ln16_34_fu_3980_p2                  |         +|   0|  0|   32|          26|          26|
    |add_ln16_35_fu_3996_p2                  |         +|   0|  0|   32|          15|          15|
    |add_ln16_3_fu_1923_p2                   |         +|   0|  0|   32|          15|          15|
    |add_ln16_4_fu_1935_p2                   |         +|   0|  0|   32|          26|          26|
    |add_ln16_5_fu_2034_p2                   |         +|   0|  0|   32|          15|          15|
    |add_ln16_6_fu_2052_p2                   |         +|   0|  0|   32|          26|          26|
    |add_ln16_7_fu_2151_p2                   |         +|   0|  0|   32|          15|          15|
    |add_ln16_8_fu_2163_p2                   |         +|   0|  0|   32|          26|          26|
    |add_ln16_9_fu_2236_p2                   |         +|   0|  0|   32|          15|          15|
    |add_ln16_fu_1708_p2                     |         +|   0|  0|   33|          26|          26|
    |add_ln375_fu_1248_p2                    |         +|   0|  0|   19|          12|           1|
    |add_ln386_fu_1398_p2                    |         +|   0|  0|   23|          16|           1|
    |add_ln391_fu_1415_p2                    |         +|   0|  0|   17|          10|           1|
    |add_ln407_fu_1494_p2                    |         +|   0|  0|   38|          31|           1|
    |add_ln438_1_fu_5420_p2                  |         +|   0|  0|   32|          32|           2|
    |add_ln438_fu_5404_p2                    |         +|   0|  0|   71|          64|           2|
    |add_ln439_fu_5361_p2                    |         +|   0|  0|   18|          11|           3|
    |add_ln442_fu_5390_p2                    |         +|   0|  0|   18|          11|           3|
    |add_ln445_fu_5410_p2                    |         +|   0|  0|   18|          11|           3|
    |add_ln447_fu_5351_p2                    |         +|   0|  0|   71|          64|           2|
    |add_ln449_fu_5469_p2                    |         +|   0|  0|   32|          32|           2|
    |add_ln450_fu_5489_p2                    |         +|   0|  0|   18|          11|           3|
    |add_ln452_fu_5512_p2                    |         +|   0|  0|   18|          11|           3|
    |add_ln461_fu_5563_p2                    |         +|   0|  0|   39|          32|           3|
    |add_ln473_fu_5612_p2                    |         +|   0|  0|   19|          12|           1|
    |grp_fu_1207_p2                          |         +|   0|  0|   39|          32|           1|
    |hashed_fu_4042_p2                       |         +|   0|  0|   33|          26|          26|
    |key_fu_3680_p2                          |         +|   0|  0|   27|          20|          20|
    |my_assoc_mem_fill_1_fu_5234_p2          |         +|   0|  0|   39|          32|           1|
    |next_code_fu_5248_p2                    |         +|   0|  0|   39|          32|           1|
    |output_size_2_fu_5522_p2                |         +|   0|  0|   39|          32|           2|
    |adjusted_input_size_fu_5311_p2          |         -|   0|  0|   39|          32|          32|
    |sub_ln437_fu_5293_p2                    |         -|   0|  0|   39|           1|          32|
    |sub_ln438_fu_5426_p2                    |         -|   0|  0|   32|          32|          32|
    |sub_ln449_fu_5463_p2                    |         -|   0|  0|   32|          32|          32|
    |and_ln124_10_fu_4509_p2                 |       and|   0|  0|   10|          10|          10|
    |and_ln124_11_fu_4519_p2                 |       and|   0|  0|   11|          11|          11|
    |and_ln124_12_fu_4529_p2                 |       and|   0|  0|   12|          12|          12|
    |and_ln124_13_fu_4539_p2                 |       and|   0|  0|   13|          13|          13|
    |and_ln124_14_fu_4549_p2                 |       and|   0|  0|   14|          14|          14|
    |and_ln124_15_fu_4559_p2                 |       and|   0|  0|   15|          15|          15|
    |and_ln124_16_fu_4569_p2                 |       and|   0|  0|   16|          16|          16|
    |and_ln124_17_fu_4579_p2                 |       and|   0|  0|   17|          17|          17|
    |and_ln124_18_fu_4589_p2                 |       and|   0|  0|   18|          18|          18|
    |and_ln124_19_fu_4599_p2                 |       and|   0|  0|   19|          19|          19|
    |and_ln124_1_fu_4419_p2                  |       and|   0|  0|    2|           1|           1|
    |and_ln124_20_fu_4609_p2                 |       and|   0|  0|   20|          20|          20|
    |and_ln124_21_fu_4619_p2                 |       and|   0|  0|   21|          21|          21|
    |and_ln124_22_fu_4629_p2                 |       and|   0|  0|   22|          22|          22|
    |and_ln124_23_fu_4639_p2                 |       and|   0|  0|   23|          23|          23|
    |and_ln124_24_fu_4649_p2                 |       and|   0|  0|   24|          24|          24|
    |and_ln124_25_fu_4659_p2                 |       and|   0|  0|   25|          25|          25|
    |and_ln124_26_fu_4669_p2                 |       and|   0|  0|   26|          26|          26|
    |and_ln124_27_fu_4679_p2                 |       and|   0|  0|   27|          27|          27|
    |and_ln124_28_fu_4689_p2                 |       and|   0|  0|   28|          28|          28|
    |and_ln124_29_fu_4699_p2                 |       and|   0|  0|   29|          29|          29|
    |and_ln124_2_fu_4429_p2                  |       and|   0|  0|    2|           2|           2|
    |and_ln124_30_fu_4709_p2                 |       and|   0|  0|   30|          30|          30|
    |and_ln124_31_fu_4719_p2                 |       and|   0|  0|   31|          31|          31|
    |and_ln124_33_fu_4731_p2                 |       and|   0|  0|   31|          31|          31|
    |and_ln124_34_fu_4737_p2                 |       and|   0|  0|   30|          30|          30|
    |and_ln124_35_fu_4743_p2                 |       and|   0|  0|   29|          29|          29|
    |and_ln124_36_fu_4749_p2                 |       and|   0|  0|   28|          28|          28|
    |and_ln124_37_fu_4755_p2                 |       and|   0|  0|   27|          27|          27|
    |and_ln124_38_fu_4761_p2                 |       and|   0|  0|   26|          26|          26|
    |and_ln124_39_fu_4767_p2                 |       and|   0|  0|   25|          25|          25|
    |and_ln124_3_fu_4439_p2                  |       and|   0|  0|    3|           3|           3|
    |and_ln124_40_fu_4773_p2                 |       and|   0|  0|   24|          24|          24|
    |and_ln124_41_fu_4779_p2                 |       and|   0|  0|   23|          23|          23|
    |and_ln124_42_fu_4785_p2                 |       and|   0|  0|   22|          22|          22|
    |and_ln124_43_fu_4791_p2                 |       and|   0|  0|   21|          21|          21|
    |and_ln124_44_fu_4797_p2                 |       and|   0|  0|   20|          20|          20|
    |and_ln124_45_fu_4803_p2                 |       and|   0|  0|   19|          19|          19|
    |and_ln124_46_fu_4809_p2                 |       and|   0|  0|   18|          18|          18|
    |and_ln124_47_fu_4815_p2                 |       and|   0|  0|   17|          17|          17|
    |and_ln124_48_fu_4821_p2                 |       and|   0|  0|   16|          16|          16|
    |and_ln124_49_fu_4827_p2                 |       and|   0|  0|   15|          15|          15|
    |and_ln124_4_fu_4449_p2                  |       and|   0|  0|    4|           4|           4|
    |and_ln124_50_fu_4833_p2                 |       and|   0|  0|   14|          14|          14|
    |and_ln124_51_fu_4839_p2                 |       and|   0|  0|   13|          13|          13|
    |and_ln124_52_fu_4845_p2                 |       and|   0|  0|   12|          12|          12|
    |and_ln124_53_fu_4851_p2                 |       and|   0|  0|   11|          11|          11|
    |and_ln124_54_fu_4857_p2                 |       and|   0|  0|   10|          10|          10|
    |and_ln124_55_fu_4863_p2                 |       and|   0|  0|    9|           9|           9|
    |and_ln124_56_fu_4869_p2                 |       and|   0|  0|    8|           8|           8|
    |and_ln124_57_fu_4875_p2                 |       and|   0|  0|    7|           7|           7|
    |and_ln124_58_fu_4881_p2                 |       and|   0|  0|    6|           6|           6|
    |and_ln124_59_fu_4887_p2                 |       and|   0|  0|    5|           5|           5|
    |and_ln124_5_fu_4459_p2                  |       and|   0|  0|    5|           5|           5|
    |and_ln124_60_fu_4893_p2                 |       and|   0|  0|    4|           4|           4|
    |and_ln124_61_fu_4899_p2                 |       and|   0|  0|    3|           3|           3|
    |and_ln124_62_fu_4905_p2                 |       and|   0|  0|    2|           2|           2|
    |and_ln124_63_fu_4911_p2                 |       and|   0|  0|    2|           1|           1|
    |and_ln124_6_fu_4469_p2                  |       and|   0|  0|    6|           6|           6|
    |and_ln124_7_fu_4479_p2                  |       and|   0|  0|    7|           7|           7|
    |and_ln124_8_fu_4489_p2                  |       and|   0|  0|    8|           8|           8|
    |and_ln124_9_fu_4499_p2                  |       and|   0|  0|    9|           9|           9|
    |and_ln124_fu_4409_p2                    |       and|   0|  0|   32|          32|          32|
    |ap_block_pp0_stage0_11001               |       and|   0|  0|    2|           1|           1|
    |ap_block_pp5_stage0_11001               |       and|   0|  0|    2|           1|           1|
    |ap_block_state146_io                    |       and|   0|  0|    2|           1|           1|
    |ap_block_state450                       |       and|   0|  0|    2|           1|           1|
    |ap_block_state453_io                    |       and|   0|  0|    2|           1|           1|
    |ap_block_state521                       |       and|   0|  0|    2|           1|           1|
    |ap_block_state73_pp0_stage0_iter1       |       and|   0|  0|    2|           1|           1|
    |ap_condition_2060                       |       and|   0|  0|    2|           1|           1|
    |ap_condition_2461                       |       and|   0|  0|    2|           1|           1|
    |ap_condition_2465                       |       and|   0|  0|    2|           1|           1|
    |ap_condition_8445                       |       and|   0|  0|    2|           1|           1|
    |ap_condition_8450                       |       and|   0|  0|    2|           1|           1|
    |ap_condition_8456                       |       and|   0|  0|    2|           1|           1|
    |ap_condition_8463                       |       and|   0|  0|    2|           1|           1|
    |ap_condition_8471                       |       and|   0|  0|    2|           1|           1|
    |ap_condition_8480                       |       and|   0|  0|    2|           1|           1|
    |ap_condition_8490                       |       and|   0|  0|    2|           1|           1|
    |ap_condition_8501                       |       and|   0|  0|    2|           1|           1|
    |ap_condition_8513                       |       and|   0|  0|    2|           1|           1|
    |ap_condition_8526                       |       and|   0|  0|    2|           1|           1|
    |ap_condition_8540                       |       and|   0|  0|    2|           1|           1|
    |ap_condition_8555                       |       and|   0|  0|    2|           1|           1|
    |ap_condition_8571                       |       and|   0|  0|    2|           1|           1|
    |ap_condition_8588                       |       and|   0|  0|    2|           1|           1|
    |ap_condition_8606                       |       and|   0|  0|    2|           1|           1|
    |ap_condition_8625                       |       and|   0|  0|    2|           1|           1|
    |ap_condition_8645                       |       and|   0|  0|    2|           1|           1|
    |ap_condition_8666                       |       and|   0|  0|    2|           1|           1|
    |ap_condition_8688                       |       and|   0|  0|    2|           1|           1|
    |ap_condition_8711                       |       and|   0|  0|    2|           1|           1|
    |ap_condition_8735                       |       and|   0|  0|    2|           1|           1|
    |ap_condition_8760                       |       and|   0|  0|    2|           1|           1|
    |ap_condition_8786                       |       and|   0|  0|    2|           1|           1|
    |ap_condition_8813                       |       and|   0|  0|    2|           1|           1|
    |ap_condition_8841                       |       and|   0|  0|    2|           1|           1|
    |ap_condition_8870                       |       and|   0|  0|    2|           1|           1|
    |ap_condition_8900                       |       and|   0|  0|    2|           1|           1|
    |ap_condition_8931                       |       and|   0|  0|    2|           1|           1|
    |ap_condition_8963                       |       and|   0|  0|    2|           1|           1|
    |ap_condition_8996                       |       and|   0|  0|    2|           1|           1|
    |ap_predicate_op635_read_state73         |       and|   0|  0|    2|           1|           1|
    |ap_predicate_tran372to373_state372      |       and|   0|  0|    2|           1|           1|
    |hit_fu_4102_p2                          |       and|   0|  0|    2|           1|           1|
    |match_fu_4725_p2                        |       and|   0|  0|   32|          32|          32|
    |icmp_ln375_fu_1254_p2                   |      icmp|   0|  0|   12|          12|          13|
    |icmp_ln377_fu_1264_p2                   |      icmp|   0|  0|   10|           6|           1|
    |icmp_ln37_fu_4097_p2                    |      icmp|   0|  0|   14|          20|          20|
    |icmp_ln386_fu_1404_p2                   |      icmp|   0|  0|   13|          16|          17|
    |icmp_ln391_fu_1421_p2                   |      icmp|   0|  0|   11|          10|          11|
    |icmp_ln405_1_fu_1489_p2                 |      icmp|   0|  0|   20|          32|          32|
    |icmp_ln405_fu_1462_p2                   |      icmp|   0|  0|   20|          32|           1|
    |icmp_ln427_fu_5264_p2                   |      icmp|   0|  0|   20|          32|          32|
    |icmp_ln438_1_fu_5327_p2                 |      icmp|   0|  0|   29|          64|          64|
    |icmp_ln438_fu_5317_p2                   |      icmp|   0|  0|   20|          32|           1|
    |icmp_ln449_fu_5480_p2                   |      icmp|   0|  0|    8|           2|           1|
    |icmp_ln473_fu_5618_p2                   |      icmp|   0|  0|   12|          12|          13|
    |icmp_ln475_fu_5633_p2                   |      icmp|   0|  0|   10|           6|           2|
    |icmp_ln97_fu_5192_p2                    |      icmp|   0|  0|   17|          26|           1|
    |ap_block_state1                         |        or|   0|  0|    2|           1|           1|
    |ap_condition_1543                       |        or|   0|  0|    2|           1|           1|
    |ap_condition_2299                       |        or|   0|  0|    2|           1|           1|
    |ap_predicate_op2016_writeresp_state521  |        or|   0|  0|    2|           1|           1|
    |or_ln100_fu_5215_p2                     |        or|   0|  0|   64|          64|          64|
    |or_ln101_fu_5222_p2                     |        or|   0|  0|   64|          64|          64|
    |or_ln442_fu_5340_p2                     |        or|   0|  0|   15|          15|           1|
    |or_ln466_fu_1391_p2                     |        or|   0|  0|    8|           8|           1|
    |or_ln99_fu_5208_p2                      |        or|   0|  0|   64|          64|          64|
    |code_fu_4108_p3                         |    select|   0|  0|   12|           1|          12|
    |select_ln437_fu_5299_p3                 |    select|   0|  0|   32|           1|          32|
    |select_ln475_fu_5664_p3                 |    select|   0|  0|  502|           1|           1|
    |shl_ln99_fu_5198_p2                     |       shl|   0|  0|  100|           1|          32|
    |ap_enable_pp0                           |       xor|   0|  0|    2|           1|           2|
    |ap_enable_pp3                           |       xor|   0|  0|    2|           1|           2|
    |ap_enable_pp4                           |       xor|   0|  0|    2|           1|           2|
    |ap_enable_pp5                           |       xor|   0|  0|    2|           1|           2|
    |ap_enable_reg_pp0_iter1                 |       xor|   0|  0|    2|           2|           1|
    |ap_enable_reg_pp3_iter1                 |       xor|   0|  0|    2|           2|           1|
    |ap_enable_reg_pp5_iter1                 |       xor|   0|  0|    2|           2|           1|
    |hashed_1_fu_4064_p2                     |       xor|   0|  0|   15|          15|          15|
    |xor_ln14_10_fu_3078_p2                  |       xor|   0|  0|   26|          26|          26|
    |xor_ln14_11_fu_3240_p2                  |       xor|   0|  0|   26|          26|          26|
    |xor_ln14_12_fu_3368_p2                  |       xor|   0|  0|   26|          26|          26|
    |xor_ln14_13_fu_3509_p2                  |       xor|   0|  0|   26|          26|          26|
    |xor_ln14_14_fu_3628_p2                  |       xor|   0|  0|   26|          26|          26|
    |xor_ln14_15_fu_3786_p2                  |       xor|   0|  0|   26|          26|          26|
    |xor_ln14_16_fu_3914_p2                  |       xor|   0|  0|   26|          26|          26|
    |xor_ln14_1_fu_1855_p2                   |       xor|   0|  0|   26|          26|          26|
    |xor_ln14_2_fu_1966_p2                   |       xor|   0|  0|   26|          26|          26|
    |xor_ln14_3_fu_2083_p2                   |       xor|   0|  0|   26|          26|          26|
    |xor_ln14_4_fu_2194_p2                   |       xor|   0|  0|   26|          26|          26|
    |xor_ln14_5_fu_2360_p2                   |       xor|   0|  0|   26|          26|          26|
    |xor_ln14_6_fu_2496_p2                   |       xor|   0|  0|   26|          26|          26|
    |xor_ln14_7_fu_2660_p2                   |       xor|   0|  0|   26|          26|          26|
    |xor_ln14_8_fu_2788_p2                   |       xor|   0|  0|   26|          26|          26|
    |xor_ln14_9_fu_2950_p2                   |       xor|   0|  0|   26|          26|          26|
    |xor_ln14_fu_1738_p2                     |       xor|   0|  0|   26|          26|          26|
    |xor_ln15_10_fu_3090_p2                  |       xor|   0|  0|   15|          15|          15|
    |xor_ln15_11_fu_3262_p2                  |       xor|   0|  0|   15|          15|          15|
    |xor_ln15_12_fu_3380_p2                  |       xor|   0|  0|   15|          15|          15|
    |xor_ln15_13_fu_3531_p2                  |       xor|   0|  0|   15|          15|          15|
    |xor_ln15_14_fu_3640_p2                  |       xor|   0|  0|   15|          15|          15|
    |xor_ln15_15_fu_3808_p2                  |       xor|   0|  0|   15|          15|          15|
    |xor_ln15_16_fu_3926_p2                  |       xor|   0|  0|   15|          15|          15|
    |xor_ln15_1_fu_1867_p2                   |       xor|   0|  0|   15|          15|          15|
    |xor_ln15_2_fu_1987_p2                   |       xor|   0|  0|   15|          15|          15|
    |xor_ln15_3_fu_2095_p2                   |       xor|   0|  0|   15|          15|          15|
    |xor_ln15_4_fu_2209_p2                   |       xor|   0|  0|   15|          15|          15|
    |xor_ln15_5_fu_2381_p2                   |       xor|   0|  0|   15|          15|          15|
    |xor_ln15_6_fu_2508_p2                   |       xor|   0|  0|   15|          15|          15|
    |xor_ln15_7_fu_2682_p2                   |       xor|   0|  0|   15|          15|          15|
    |xor_ln15_8_fu_2800_p2                   |       xor|   0|  0|   15|          15|          15|
    |xor_ln15_9_fu_2972_p2                   |       xor|   0|  0|   15|          15|          15|
    |xor_ln15_fu_1759_p2                     |       xor|   0|  0|   15|          15|          15|
    |xor_ln16_10_fu_2916_p2                  |       xor|   0|  0|   32|          32|          32|
    |xor_ln16_11_fu_3044_p2                  |       xor|   0|  0|   32|          32|          32|
    |xor_ln16_12_fu_3206_p2                  |       xor|   0|  0|   32|          32|          32|
    |xor_ln16_13_fu_3334_p2                  |       xor|   0|  0|   32|          32|          32|
    |xor_ln16_14_fu_3475_p2                  |       xor|   0|  0|   32|          32|          32|
    |xor_ln16_15_fu_3603_p2                  |       xor|   0|  0|   32|          32|          32|
    |xor_ln16_16_fu_3752_p2                  |       xor|   0|  0|   32|          32|          32|
    |xor_ln16_17_fu_3880_p2                  |       xor|   0|  0|   32|          32|          32|
    |xor_ln16_18_fu_4012_p2                  |       xor|   0|  0|   26|          26|          26|
    |xor_ln16_1_fu_1714_p2                   |       xor|   0|  0|   32|          32|          32|
    |xor_ln16_2_fu_1830_p2                   |       xor|   0|  0|   32|          32|          32|
    |xor_ln16_3_fu_1941_p2                   |       xor|   0|  0|   32|          32|          32|
    |xor_ln16_4_fu_2058_p2                   |       xor|   0|  0|   32|          32|          32|
    |xor_ln16_5_fu_2169_p2                   |       xor|   0|  0|   32|          32|          32|
    |xor_ln16_6_fu_2332_p2                   |       xor|   0|  0|   32|          32|          32|
    |xor_ln16_7_fu_2452_p2                   |       xor|   0|  0|   32|          32|          32|
    |xor_ln16_8_fu_2626_p2                   |       xor|   0|  0|   32|          32|          32|
    |xor_ln16_9_fu_2754_p2                   |       xor|   0|  0|   32|          32|          32|
    |xor_ln16_fu_1577_p2                     |       xor|   0|  0|   22|          22|          22|
    |xor_ln18_fu_4024_p2                     |       xor|   0|  0|   15|          15|          15|
    +----------------------------------------+----------+----+---+-----+------------+------------+
    |Total                                   |          |   0|  0| 8281|        6355|        5894|
    +----------------------------------------+----------+----+---+-----+------------+------------+

    * Multiplexer: 
    +-----------------------------------------------+------+-----------+-----+-----------+
    |                      Name                     |  LUT | Input Size| Bits| Total Bits|
    +-----------------------------------------------+------+-----------+-----+-----------+
    |ap_NS_fsm                                      |  2693|        516|    1|        516|
    |ap_done                                        |     9|          2|    1|          2|
    |ap_enable_reg_pp0_iter1                        |     9|          2|    1|          2|
    |ap_enable_reg_pp0_iter2                        |     9|          2|    1|          2|
    |ap_enable_reg_pp3_iter1                        |    14|          3|    1|          3|
    |ap_enable_reg_pp4_iter1                        |     9|          2|    1|          2|
    |ap_enable_reg_pp5_iter1                        |     9|          2|    1|          2|
    |ap_enable_reg_pp5_iter2                        |     9|          2|    1|          2|
    |ap_phi_mux_address_lcssa4_phi_fu_992_p64       |   152|         33|    5|        165|
    |ap_phi_mux_empty_45_phi_fu_939_p4              |    14|          3|  512|       1536|
    |ap_phi_mux_i_3_phi_fu_971_p4                   |     9|          2|   31|         62|
    |ap_phi_mux_i_4_phi_fu_1144_p4                  |     9|          2|   64|        128|
    |ap_phi_mux_i_phi_fu_916_p4                     |     9|          2|   12|         24|
    |ap_phi_mux_output_size_0_lcssa_phi_fu_1157_p4  |     9|          2|   32|         64|
    |ap_phi_mux_output_size_1_phi_fu_1168_p4        |     9|          2|   32|         64|
    |ap_phi_mux_output_size_phi_fu_1132_p4          |     9|          2|   64|        128|
    |ap_phi_mux_phi_ln428_phi_fu_1093_p4            |     9|          2|   12|         24|
    |ap_phi_mux_prefix_code_1_phi_fu_1105_p6        |     9|          2|   12|         24|
    |ap_phi_reg_pp3_iter1_prefix_code_1_reg_1101    |     9|          2|   12|         24|
    |gmem_ARADDR                                    |    26|          5|   64|        320|
    |gmem_ARLEN                                     |    14|          3|   32|         96|
    |gmem_AWADDR                                    |    20|          4|   64|        256|
    |gmem_AWLEN                                     |    14|          3|   32|         96|
    |gmem_WDATA                                     |    20|          4|  512|       2048|
    |gmem_WSTRB                                     |    14|          3|   64|        192|
    |gmem_blk_n_AR                                  |     9|          2|    1|          2|
    |gmem_blk_n_AW                                  |     9|          2|    1|          2|
    |gmem_blk_n_B                                   |     9|          2|    1|          2|
    |gmem_blk_n_R                                   |     9|          2|    1|          2|
    |gmem_blk_n_W                                   |     9|          2|    1|          2|
    |hash_table_address0                            |    20|          4|   15|         60|
    |hash_table_d0                                  |    14|          3|   33|         99|
    |i_1_reg_945                                    |     9|          2|   16|         32|
    |i_2_reg_956                                    |     9|          2|   10|         20|
    |i_3_reg_967                                    |     9|          2|   31|         62|
    |i_4_reg_1140                                   |     9|          2|   64|        128|
    |i_5_reg_1175                                   |     9|          2|   12|         24|
    |i_reg_912                                      |     9|          2|   12|         24|
    |j_0_lcssa_reg_1116                             |     9|          2|   32|         64|
    |j_fu_490                                       |     9|          2|   32|         64|
    |my_assoc_mem_fill_fu_482                       |     9|          2|   32|         64|
    |my_assoc_mem_lower_key_mem_address0            |    20|          4|    9|         36|
    |my_assoc_mem_lower_key_mem_d0                  |    14|          3|   64|        192|
    |my_assoc_mem_middle_key_mem_address0           |    20|          4|    9|         36|
    |my_assoc_mem_middle_key_mem_d0                 |    14|          3|   64|        192|
    |my_assoc_mem_upper_key_mem_address0            |    20|          4|    9|         36|
    |my_assoc_mem_upper_key_mem_d0                  |    14|          3|   64|        192|
    |my_assoc_mem_value_address0                    |    14|          3|    6|         18|
    |out_code_address0                              |    20|          4|   15|         60|
    |out_code_address1                              |    14|          3|   15|         45|
    |out_code_d0                                    |    14|          3|   12|         36|
    |output_size_0_lcssa_reg_1153                   |     9|          2|   32|         64|
    |output_size_1_reg_1165                         |     9|          2|   32|         64|
    |output_size_reg_1128                           |     9|          2|   64|        128|
    |phi_ln475_reg_1186                             |     9|          2|  504|       1008|
    |prefix_code_2_reg_978                          |     9|          2|   12|         24|
    |s1_local_address0                              |    20|          4|   11|         44|
    |shiftreg93_reg_924                             |     9|          2|  504|       1008|
    |temp_out_buffer_local_address0                 |    43|          8|   11|         88|
    |temp_out_buffer_local_address1                 |    43|          8|   11|         88|
    |temp_out_buffer_local_d0                       |    37|          7|    8|         56|
    |temp_out_buffer_local_d1                       |    37|          7|    8|         56|
    |value_1_fu_486                                 |     9|          2|   32|         64|
    +-----------------------------------------------+------+-----------+-----+-----------+
    |Total                                          |  3683|        724| 3354|       9968|
    +-----------------------------------------------+------+-----------+-----+-----------+

    * Register: 
    +---------------------------------------------+-----+----+-----+-----------+
    |                     Name                    |  FF | LUT| Bits| Const Bits|
    +---------------------------------------------+-----+----+-----+-----------+
    |add_ln14_10_reg_6069                         |   32|   0|   32|          0|
    |add_ln14_12_reg_6101                         |   32|   0|   32|          0|
    |add_ln14_14_reg_6133                         |   32|   0|   32|          0|
    |add_ln14_16_reg_6159                         |   32|   0|   32|          0|
    |add_ln14_18_reg_6198                         |   32|   0|   32|          0|
    |add_ln14_1_reg_5875                          |   23|   0|   23|          0|
    |add_ln14_24_reg_5999                         |   15|   0|   15|          0|
    |add_ln14_3_reg_5941                          |   32|   0|   32|          0|
    |add_ln14_5_reg_5967                          |   32|   0|   32|          0|
    |add_ln14_6_reg_5988                          |   32|   0|   32|          0|
    |add_ln14_8_reg_6025                          |   32|   0|   32|          0|
    |add_ln157_9_reg_6004                         |    9|   0|    9|          0|
    |add_ln16_10_reg_5994                         |   26|   0|   26|          0|
    |add_ln375_reg_5707                           |   12|   0|   12|          0|
    |add_ln407_reg_5849                           |   31|   0|   31|          0|
    |add_ln438_reg_6448                           |   64|   0|   64|          0|
    |add_ln447_reg_6438                           |   64|   0|   64|          0|
    |add_ln461_reg_6488                           |   32|   0|   32|          0|
    |adjusted_input_size_reg_6403                 |   32|   0|   32|          0|
    |and_ln124_63_reg_6252                        |    1|   0|    1|          0|
    |ap_CS_fsm                                    |  515|   0|  515|          0|
    |ap_done_reg                                  |    1|   0|    1|          0|
    |ap_enable_reg_pp0_iter0                      |    1|   0|    1|          0|
    |ap_enable_reg_pp0_iter1                      |    1|   0|    1|          0|
    |ap_enable_reg_pp0_iter2                      |    1|   0|    1|          0|
    |ap_enable_reg_pp3_iter0                      |    1|   0|    1|          0|
    |ap_enable_reg_pp3_iter1                      |    1|   0|    1|          0|
    |ap_enable_reg_pp4_iter0                      |    1|   0|    1|          0|
    |ap_enable_reg_pp4_iter1                      |    1|   0|    1|          0|
    |ap_enable_reg_pp5_iter0                      |    1|   0|    1|          0|
    |ap_enable_reg_pp5_iter1                      |    1|   0|    1|          0|
    |ap_enable_reg_pp5_iter2                      |    1|   0|    1|          0|
    |ap_phi_reg_pp3_iter0_phi_ln428_reg_1090      |   12|   0|   12|          0|
    |ap_phi_reg_pp3_iter1_phi_ln428_reg_1090      |   12|   0|   12|          0|
    |ap_phi_reg_pp3_iter1_prefix_code_1_reg_1101  |   12|   0|   12|          0|
    |ap_rst_n_inv                                 |    1|   0|    1|          0|
    |ap_rst_reg_1                                 |    1|   0|    1|          0|
    |ap_rst_reg_2                                 |    1|   0|    1|          0|
    |empty_48_reg_5799                            |   32|   0|   32|          0|
    |empty_51_reg_6421                            |   11|   0|   11|          0|
    |gmem_addr_read_reg_5720                      |  512|   0|  512|          0|
    |hash_table_addr_1_reg_6219                   |   15|   0|   15|          0|
    |hit_reg_6228                                 |    1|   0|    1|          0|
    |i_1_reg_945                                  |   16|   0|   16|          0|
    |i_2_reg_956                                  |   10|   0|   10|          0|
    |i_3_reg_967                                  |   31|   0|   31|          0|
    |i_4_reg_1140                                 |   64|   0|   64|          0|
    |i_5_reg_1175                                 |   12|   0|   12|          0|
    |i_reg_912                                    |   12|   0|   12|          0|
    |i_reg_912_pp0_iter1_reg                      |   12|   0|   12|          0|
    |icmp_ln375_reg_5712                          |    1|   0|    1|          0|
    |icmp_ln375_reg_5712_pp0_iter1_reg            |    1|   0|    1|          0|
    |icmp_ln377_reg_5716                          |    1|   0|    1|          0|
    |icmp_ln377_reg_5716_pp0_iter1_reg            |    1|   0|    1|          0|
    |icmp_ln405_1_reg_5845                        |    1|   0|    1|          0|
    |icmp_ln405_reg_5811                          |    1|   0|    1|          0|
    |icmp_ln427_reg_6389                          |    1|   0|    1|          0|
    |icmp_ln438_1_reg_6417                        |    1|   0|    1|          0|
    |icmp_ln438_reg_6408                          |    1|   0|    1|          0|
    |icmp_ln449_reg_6459                          |    1|   0|    1|          0|
    |icmp_ln473_reg_6510                          |    1|   0|    1|          0|
    |icmp_ln473_reg_6510_pp5_iter1_reg            |    1|   0|    1|          0|
    |icmp_ln475_reg_6519                          |    1|   0|    1|          0|
    |icmp_ln475_reg_6519_pp5_iter1_reg            |    1|   0|    1|          0|
    |icmp_ln97_reg_6380                           |    1|   0|    1|          0|
    |j_0_lcssa_reg_1116                           |   32|   0|   32|          0|
    |j_1_reg_5837                                 |   32|   0|   32|          0|
    |j_fu_490                                     |   32|   0|   32|          0|
    |key_reg_6180                                 |   20|   0|   20|          0|
    |mem_lower_key_mem_addr_reg_6247              |    9|   0|    9|          0|
    |mem_middle_key_mem_addr_reg_6242             |    9|   0|    9|          0|
    |mem_upper_key_mem_addr_reg_6237              |    2|   0|    9|          7|
    |my_assoc_mem_fill_fu_482                     |   32|   0|   32|          0|
    |next_char_reg_5860                           |    8|   0|    8|          0|
    |output_size_0_lcssa_reg_1153                 |   32|   0|   32|          0|
    |output_size_1_reg_1165                       |   32|   0|   32|          0|
    |output_size_reg_1128                         |   64|   0|   64|          0|
    |phi_ln475_reg_1186                           |  504|   0|  504|          0|
    |prefix_code_2_reg_978                        |   12|   0|   12|          0|
    |select_ln437_reg_6393                        |   32|   0|   32|          0|
    |sext_ln410_reg_6053                          |   12|   0|   12|          0|
    |shiftreg93_reg_924                           |  504|   0|  504|          0|
    |temp_out_buffer_local_load_reg_6524          |    8|   0|    8|          0|
    |tmp_10_reg_6058                              |    1|   0|    1|          0|
    |tmp_12_reg_6090                              |    1|   0|    1|          0|
    |tmp_14_reg_6122                              |    1|   0|    1|          0|
    |tmp_16_reg_6046                              |    1|   0|    1|          0|
    |tmp_18_reg_6187                              |    1|   0|    1|          0|
    |tmp_21_reg_6256                              |    1|   0|    1|          0|
    |tmp_22_reg_6260                              |    1|   0|    1|          0|
    |tmp_23_reg_6264                              |    1|   0|    1|          0|
    |tmp_24_reg_6268                              |    1|   0|    1|          0|
    |tmp_25_reg_6272                              |    1|   0|    1|          0|
    |tmp_26_reg_6276                              |    1|   0|    1|          0|
    |tmp_27_reg_6280                              |    1|   0|    1|          0|
    |tmp_28_reg_6284                              |    1|   0|    1|          0|
    |tmp_29_reg_6288                              |    1|   0|    1|          0|
    |tmp_2_reg_5901                               |    1|   0|    1|          0|
    |tmp_30_reg_6292                              |    1|   0|    1|          0|
    |tmp_32_reg_6296                              |    1|   0|    1|          0|
    |tmp_33_reg_6300                              |    1|   0|    1|          0|
    |tmp_34_reg_6304                              |    1|   0|    1|          0|
    |tmp_35_reg_6308                              |    1|   0|    1|          0|
    |tmp_36_reg_6312                              |    1|   0|    1|          0|
    |tmp_37_reg_6316                              |    1|   0|    1|          0|
    |tmp_38_reg_6320                              |    1|   0|    1|          0|
    |tmp_39_reg_6324                              |    1|   0|    1|          0|
    |tmp_3_reg_5908                               |    1|   0|    1|          0|
    |tmp_40_reg_6328                              |    1|   0|    1|          0|
    |tmp_41_reg_6332                              |    1|   0|    1|          0|
    |tmp_42_reg_6336                              |    1|   0|    1|          0|
    |tmp_43_reg_6340                              |    1|   0|    1|          0|
    |tmp_44_reg_6344                              |    1|   0|    1|          0|
    |tmp_45_reg_6348                              |    1|   0|    1|          0|
    |tmp_46_reg_6352                              |    1|   0|    1|          0|
    |tmp_47_reg_6356                              |    1|   0|    1|          0|
    |tmp_48_reg_6360                              |    1|   0|    1|          0|
    |tmp_49_reg_6364                              |    1|   0|    1|          0|
    |tmp_4_reg_5915                               |    1|   0|    1|          0|
    |tmp_50_reg_6368                              |    1|   0|    1|          0|
    |tmp_51_reg_6372                              |    1|   0|    1|          0|
    |tmp_52_reg_6376                              |    1|   0|    1|          0|
    |tmp_5_reg_5922                               |    1|   0|    1|          0|
    |tmp_6_reg_5929                               |    1|   0|    1|          0|
    |tmp_8_reg_6014                               |    1|   0|    1|          0|
    |trunc_ln10_reg_6473                          |    8|   0|    8|          0|
    |trunc_ln11_reg_6478                          |    8|   0|    8|          0|
    |trunc_ln12_reg_6483                          |    8|   0|    8|          0|
    |trunc_ln14_2_reg_6009                        |    9|   0|    9|          0|
    |trunc_ln15_17_reg_5886                       |   16|   0|   16|          0|
    |trunc_ln15_19_reg_5952                       |   16|   0|   16|          0|
    |trunc_ln15_21_reg_5978                       |   16|   0|   16|          0|
    |trunc_ln15_24_reg_6036                       |   16|   0|   16|          0|
    |trunc_ln15_26_reg_6080                       |   16|   0|   16|          0|
    |trunc_ln15_28_reg_6112                       |   16|   0|   16|          0|
    |trunc_ln15_30_reg_6144                       |   16|   0|   16|          0|
    |trunc_ln15_32_reg_6170                       |   16|   0|   16|          0|
    |trunc_ln15_34_reg_6209                       |   16|   0|   16|          0|
    |trunc_ln15_reg_5881                          |   22|   0|   22|          0|
    |trunc_ln16_13_reg_5983                       |    5|   0|    5|          0|
    |trunc_ln16_19_reg_6041                       |    5|   0|    5|          0|
    |trunc_ln16_23_reg_6085                       |    5|   0|    5|          0|
    |trunc_ln16_27_reg_6117                       |    5|   0|    5|          0|
    |trunc_ln16_2_reg_5891                        |   15|   0|   15|          0|
    |trunc_ln16_31_reg_6149                       |    5|   0|    5|          0|
    |trunc_ln16_37_reg_6175                       |    5|   0|    5|          0|
    |trunc_ln16_39_reg_6214                       |    5|   0|    5|          0|
    |trunc_ln16_4_reg_5896                        |    5|   0|    5|          0|
    |trunc_ln16_8_reg_5957                        |    5|   0|    5|          0|
    |trunc_ln2_reg_5757                           |    8|   0|    8|          0|
    |trunc_ln380_reg_5736                         |   32|   0|   32|          0|
    |trunc_ln3_reg_5762                           |    8|   0|    8|          0|
    |trunc_ln437_1_reg_6398                       |    2|   0|    2|          0|
    |trunc_ln445_reg_6443                         |    8|   0|    8|          0|
    |trunc_ln449_reg_6453                         |   11|   0|   11|          0|
    |trunc_ln457_reg_6468                         |    7|   0|    7|          0|
    |trunc_ln466_reg_5752                         |    7|   0|    7|          0|
    |trunc_ln4_reg_5767                           |    8|   0|    8|          0|
    |trunc_ln_reg_5671                            |   58|   0|   58|          0|
    |valid_reg_6224                               |    1|   0|    1|          0|
    |value_1_fu_486                               |   32|   0|   32|          0|
    |xor_ln14_10_reg_6096                         |   26|   0|   26|          0|
    |xor_ln14_12_reg_6128                         |   26|   0|   26|          0|
    |xor_ln14_14_reg_6154                         |   26|   0|   26|          0|
    |xor_ln14_16_reg_6193                         |   26|   0|   26|          0|
    |xor_ln14_1_reg_5936                          |   26|   0|   26|          0|
    |xor_ln14_3_reg_5962                          |   26|   0|   26|          0|
    |xor_ln14_6_reg_6020                          |   26|   0|   26|          0|
    |xor_ln14_8_reg_6064                          |   26|   0|   26|          0|
    |xor_ln15_10_reg_6107                         |   15|   0|   15|          0|
    |xor_ln15_12_reg_6139                         |   15|   0|   15|          0|
    |xor_ln15_14_reg_6165                         |   15|   0|   15|          0|
    |xor_ln15_16_reg_6204                         |   15|   0|   15|          0|
    |xor_ln15_1_reg_5947                          |   15|   0|   15|          0|
    |xor_ln15_3_reg_5973                          |   15|   0|   15|          0|
    |xor_ln15_6_reg_6031                          |   15|   0|   15|          0|
    |xor_ln15_8_reg_6075                          |   15|   0|   15|          0|
    |zext_ln438_reg_6412                          |   32|   0|   64|         32|
    +---------------------------------------------+-----+----+-----+-----------+
    |Total                                        | 4124|   0| 4163|         39|
    +---------------------------------------------+-----+----+-----+-----------+



================================================================
== Interface
================================================================
* Summary: 
+-----------------------+-----+-----+---------------+-----------------+--------------+
|       RTL Ports       | Dir | Bits|    Protocol   |  Source Object  |    C Type    |
+-----------------------+-----+-----+---------------+-----------------+--------------+
|s_axi_control_AWVALID  |   in|    1|          s_axi|          control|        scalar|
|s_axi_control_AWREADY  |  out|    1|          s_axi|          control|        scalar|
|s_axi_control_AWADDR   |   in|    7|          s_axi|          control|        scalar|
|s_axi_control_WVALID   |   in|    1|          s_axi|          control|        scalar|
|s_axi_control_WREADY   |  out|    1|          s_axi|          control|        scalar|
|s_axi_control_WDATA    |   in|   32|          s_axi|          control|        scalar|
|s_axi_control_WSTRB    |   in|    4|          s_axi|          control|        scalar|
|s_axi_control_ARVALID  |   in|    1|          s_axi|          control|        scalar|
|s_axi_control_ARREADY  |  out|    1|          s_axi|          control|        scalar|
|s_axi_control_ARADDR   |   in|    7|          s_axi|          control|        scalar|
|s_axi_control_RVALID   |  out|    1|          s_axi|          control|        scalar|
|s_axi_control_RREADY   |   in|    1|          s_axi|          control|        scalar|
|s_axi_control_RDATA    |  out|   32|          s_axi|          control|        scalar|
|s_axi_control_RRESP    |  out|    2|          s_axi|          control|        scalar|
|s_axi_control_BVALID   |  out|    1|          s_axi|          control|        scalar|
|s_axi_control_BREADY   |   in|    1|          s_axi|          control|        scalar|
|s_axi_control_BRESP    |  out|    2|          s_axi|          control|        scalar|
|ap_clk                 |   in|    1|  ap_ctrl_chain|  lzw_compress_hw|  return value|
|ap_rst_n               |   in|    1|  ap_ctrl_chain|  lzw_compress_hw|  return value|
|interrupt              |  out|    1|  ap_ctrl_chain|  lzw_compress_hw|  return value|
|m_axi_gmem_AWVALID     |  out|    1|          m_axi|             gmem|       pointer|
|m_axi_gmem_AWREADY     |   in|    1|          m_axi|             gmem|       pointer|
|m_axi_gmem_AWADDR      |  out|   64|          m_axi|             gmem|       pointer|
|m_axi_gmem_AWID        |  out|    1|          m_axi|             gmem|       pointer|
|m_axi_gmem_AWLEN       |  out|    8|          m_axi|             gmem|       pointer|
|m_axi_gmem_AWSIZE      |  out|    3|          m_axi|             gmem|       pointer|
|m_axi_gmem_AWBURST     |  out|    2|          m_axi|             gmem|       pointer|
|m_axi_gmem_AWLOCK      |  out|    2|          m_axi|             gmem|       pointer|
|m_axi_gmem_AWCACHE     |  out|    4|          m_axi|             gmem|       pointer|
|m_axi_gmem_AWPROT      |  out|    3|          m_axi|             gmem|       pointer|
|m_axi_gmem_AWQOS       |  out|    4|          m_axi|             gmem|       pointer|
|m_axi_gmem_AWREGION    |  out|    4|          m_axi|             gmem|       pointer|
|m_axi_gmem_AWUSER      |  out|    1|          m_axi|             gmem|       pointer|
|m_axi_gmem_WVALID      |  out|    1|          m_axi|             gmem|       pointer|
|m_axi_gmem_WREADY      |   in|    1|          m_axi|             gmem|       pointer|
|m_axi_gmem_WDATA       |  out|  512|          m_axi|             gmem|       pointer|
|m_axi_gmem_WSTRB       |  out|   64|          m_axi|             gmem|       pointer|
|m_axi_gmem_WLAST       |  out|    1|          m_axi|             gmem|       pointer|
|m_axi_gmem_WID         |  out|    1|          m_axi|             gmem|       pointer|
|m_axi_gmem_WUSER       |  out|    1|          m_axi|             gmem|       pointer|
|m_axi_gmem_ARVALID     |  out|    1|          m_axi|             gmem|       pointer|
|m_axi_gmem_ARREADY     |   in|    1|          m_axi|             gmem|       pointer|
|m_axi_gmem_ARADDR      |  out|   64|          m_axi|             gmem|       pointer|
|m_axi_gmem_ARID        |  out|    1|          m_axi|             gmem|       pointer|
|m_axi_gmem_ARLEN       |  out|    8|          m_axi|             gmem|       pointer|
|m_axi_gmem_ARSIZE      |  out|    3|          m_axi|             gmem|       pointer|
|m_axi_gmem_ARBURST     |  out|    2|          m_axi|             gmem|       pointer|
|m_axi_gmem_ARLOCK      |  out|    2|          m_axi|             gmem|       pointer|
|m_axi_gmem_ARCACHE     |  out|    4|          m_axi|             gmem|       pointer|
|m_axi_gmem_ARPROT      |  out|    3|          m_axi|             gmem|       pointer|
|m_axi_gmem_ARQOS       |  out|    4|          m_axi|             gmem|       pointer|
|m_axi_gmem_ARREGION    |  out|    4|          m_axi|             gmem|       pointer|
|m_axi_gmem_ARUSER      |  out|    1|          m_axi|             gmem|       pointer|
|m_axi_gmem_RVALID      |   in|    1|          m_axi|             gmem|       pointer|
|m_axi_gmem_RREADY      |  out|    1|          m_axi|             gmem|       pointer|
|m_axi_gmem_RDATA       |   in|  512|          m_axi|             gmem|       pointer|
|m_axi_gmem_RLAST       |   in|    1|          m_axi|             gmem|       pointer|
|m_axi_gmem_RID         |   in|    1|          m_axi|             gmem|       pointer|
|m_axi_gmem_RUSER       |   in|    1|          m_axi|             gmem|       pointer|
|m_axi_gmem_RRESP       |   in|    2|          m_axi|             gmem|       pointer|
|m_axi_gmem_BVALID      |   in|    1|          m_axi|             gmem|       pointer|
|m_axi_gmem_BREADY      |  out|    1|          m_axi|             gmem|       pointer|
|m_axi_gmem_BRESP       |   in|    2|          m_axi|             gmem|       pointer|
|m_axi_gmem_BID         |   in|    1|          m_axi|             gmem|       pointer|
|m_axi_gmem_BUSER       |   in|    1|          m_axi|             gmem|       pointer|
+-----------------------+-----+-----+---------------+-----------------+--------------+

