

================================================================
== Vitis HLS Report for 'lzw_compress_hw'
================================================================
* Date:           Sun Dec  8 17:14:11 2024

* Version:        2020.2 (Build 3064766 on Wed Nov 18 09:12:47 MST 2020)
* Project:        lzw_co
* Solution:       solution1 (Vitis Kernel Flow Target)
* Product family: zynquplus
* Target device:  xczu3eg-sbva484-1-i


================================================================
== Performance Estimates
================================================================
+ Timing: 
    * Summary: 
    +--------+---------+----------+------------+
    |  Clock |  Target | Estimated| Uncertainty|
    +--------+---------+----------+------------+
    |ap_clk  |  6.67 ns|  4.867 ns|     1.80 ns|
    +--------+---------+----------+------------+

+ Latency: 
    * Summary: 
    +---------+---------+----------+----------+-----+-----+---------+
    |  Latency (cycles) |  Latency (absolute) |  Interval | Pipeline|
    |   min   |   max   |    min   |    max   | min | max |   Type  |
    +---------+---------+----------+----------+-----+-----+---------+
    |        ?|        ?|         ?|         ?|    ?|    ?|     none|
    +---------+---------+----------+----------+-----+-----+---------+

    + Detail: 
        * Instance: 
        N/A

        * Loop: 
        +--------------------+---------+---------+----------+-----------+-----------+-------+----------+
        |                    |  Latency (cycles) | Iteration|  Initiation Interval  |  Trip |          |
        |      Loop Name     |   min   |   max   |  Latency |  achieved |   target  | Count | Pipelined|
        +--------------------+---------+---------+----------+-----------+-----------+-------+----------+
        |- VITIS_LOOP_375_1  |    32768|    32768|         1|          1|          1|  32768|       yes|
        |- VITIS_LOOP_380_2  |      512|      512|         1|          1|          1|    512|       yes|
        |- VITIS_LOOP_394_3  |        ?|        ?|        86|         85|          1|      ?|       yes|
        |- VITIS_LOOP_428_4  |       72|        ?|        73|          3|          1|  1 ~ ?|       yes|
        +--------------------+---------+---------+----------+-----------+-----------+-------+----------+



================================================================
== Utilization Estimates
================================================================
* Summary: 
+-----------------+---------+-----+--------+-------+-----+
|       Name      | BRAM_18K| DSP |   FF   |  LUT  | URAM|
+-----------------+---------+-----+--------+-------+-----+
|DSP              |        -|    -|       -|      -|    -|
|Expression       |        -|    -|       0|   9070|    -|
|FIFO             |        -|    -|       -|      -|    -|
|Instance         |       10|    -|    3016|   3708|    -|
|Memory           |       88|    -|      24|     12|    -|
|Multiplexer      |        -|    -|       -|   3546|    -|
|Register         |        -|    -|    3299|     32|    -|
+-----------------+---------+-----+--------+-------+-----+
|Total            |       98|    0|    6339|  16368|    0|
+-----------------+---------+-----+--------+-------+-----+
|Available        |      432|  360|  141120|  70560|    0|
+-----------------+---------+-----+--------+-------+-----+
|Utilization (%)  |       22|    0|       4|     23|    0|
+-----------------+---------+-----+--------+-------+-----+

+ Detail: 
    * Instance: 
    +-----------------+---------------+---------+----+-----+-----+-----+
    |     Instance    |     Module    | BRAM_18K| DSP|  FF | LUT | URAM|
    +-----------------+---------------+---------+----+-----+-----+-----+
    |control_s_axi_U  |control_s_axi  |        0|   0|  456|  808|    0|
    |gmem0_m_axi_U    |gmem0_m_axi    |        2|   0|  512|  580|    0|
    |gmem1_m_axi_U    |gmem1_m_axi    |        2|   0|  512|  580|    0|
    |gmem2_m_axi_U    |gmem2_m_axi    |        2|   0|  512|  580|    0|
    |gmem3_m_axi_U    |gmem3_m_axi    |        2|   0|  512|  580|    0|
    |gmem_m_axi_U     |gmem_m_axi     |        2|   0|  512|  580|    0|
    +-----------------+---------------+---------+----+-----+-----+-----+
    |Total            |               |       10|   0| 3016| 3708|    0|
    +-----------------+---------------+---------+----+-----+-----+-----+

    * DSP: 
    N/A

    * Memory: 
    +-------------------------------+----------------------------+---------+----+----+-----+-------+-----+------+-------------+
    |             Memory            |           Module           | BRAM_18K| FF | LUT| URAM| Words | Bits| Banks| W*Bits*Banks|
    +-------------------------------+----------------------------+---------+----+----+-----+-------+-----+------+-------------+
    |hash_table_U                   |hash_table                  |       60|   0|   0|    0|  32768|   33|     1|      1081344|
    |my_assoc_mem_upper_key_mem_U   |my_assoc_mem_upper_key_mem  |        2|   0|   0|    0|    512|   64|     1|        32768|
    |my_assoc_mem_middle_key_mem_U  |my_assoc_mem_upper_key_mem  |        2|   0|   0|    0|    512|   64|     1|        32768|
    |my_assoc_mem_lower_key_mem_U   |my_assoc_mem_upper_key_mem  |        2|   0|   0|    0|    512|   64|     1|        32768|
    |my_assoc_mem_value_U           |my_assoc_mem_value          |        0|  24|  12|    0|     64|   12|     1|          768|
    |out_code_U                     |out_code                    |       22|   0|   0|    0|  32768|   12|     1|       393216|
    +-------------------------------+----------------------------+---------+----+----+-----+-------+-----+------+-------------+
    |Total                          |                            |       88|  24|  12|    0|  67136|  249|     6|      1573632|
    +-------------------------------+----------------------------+---------+----+----+-----+-------+-----+------+-------------+

    * FIFO: 
    N/A

    * Expression: 
    +----------------------------------------+----------+----+---+-----+------------+------------+
    |              Variable Name             | Operation| DSP| FF| LUT | Bitwidth P0| Bitwidth P1|
    +----------------------------------------+----------+----+---+-----+------------+------------+
    |add_ln10_fu_3962_p2                     |         +|   0|  0|   22|          15|          15|
    |add_ln14_10_fu_2708_p2                  |         +|   0|  0|   39|          32|          32|
    |add_ln14_11_fu_2874_p2                  |         +|   0|  0|   39|          32|          32|
    |add_ln14_12_fu_2998_p2                  |         +|   0|  0|   39|          32|          32|
    |add_ln14_13_fu_3164_p2                  |         +|   0|  0|   39|          32|          32|
    |add_ln14_14_fu_3288_p2                  |         +|   0|  0|   39|          32|          32|
    |add_ln14_15_fu_3433_p2                  |         +|   0|  0|   39|          32|          32|
    |add_ln14_16_fu_3548_p2                  |         +|   0|  0|   39|          32|          32|
    |add_ln14_17_fu_3710_p2                  |         +|   0|  0|   39|          32|          32|
    |add_ln14_18_fu_3834_p2                  |         +|   0|  0|   39|          32|          32|
    |add_ln14_19_fu_1637_p2                  |         +|   0|  0|   22|          15|          15|
    |add_ln14_1_fu_1513_p2                   |         +|   0|  0|   30|          23|          23|
    |add_ln14_20_fu_1753_p2                  |         +|   0|  0|   32|          15|          15|
    |add_ln14_21_fu_1864_p2                  |         +|   0|  0|   32|          15|          15|
    |add_ln14_22_fu_1981_p2                  |         +|   0|  0|   32|          15|          15|
    |add_ln14_23_fu_2092_p2                  |         +|   0|  0|   32|          15|          15|
    |add_ln14_24_fu_2174_p2                  |         +|   0|  0|   32|          15|          15|
    |add_ln14_25_fu_2394_p2                  |         +|   0|  0|   32|          15|          15|
    |add_ln14_26_fu_2558_p2                  |         +|   0|  0|   32|          15|          15|
    |add_ln14_27_fu_2686_p2                  |         +|   0|  0|   32|          15|          15|
    |add_ln14_28_fu_2848_p2                  |         +|   0|  0|   32|          15|          15|
    |add_ln14_29_fu_2976_p2                  |         +|   0|  0|   32|          15|          15|
    |add_ln14_2_fu_1661_p2                   |         +|   0|  0|   39|          32|          32|
    |add_ln14_30_fu_3138_p2                  |         +|   0|  0|   32|          15|          15|
    |add_ln14_31_fu_3266_p2                  |         +|   0|  0|   32|          15|          15|
    |add_ln14_32_fu_3407_p2                  |         +|   0|  0|   32|          15|          15|
    |add_ln14_33_fu_3526_p2                  |         +|   0|  0|   32|          15|          15|
    |add_ln14_34_fu_3684_p2                  |         +|   0|  0|   32|          15|          15|
    |add_ln14_35_fu_3812_p2                  |         +|   0|  0|   32|          15|          15|
    |add_ln14_3_fu_1775_p2                   |         +|   0|  0|   39|          32|          32|
    |add_ln14_4_fu_1889_p2                   |         +|   0|  0|   39|          32|          32|
    |add_ln14_5_fu_2003_p2                   |         +|   0|  0|   39|          32|          32|
    |add_ln14_6_fu_2117_p2                   |         +|   0|  0|   39|          32|          32|
    |add_ln14_7_fu_2283_p2                   |         +|   0|  0|   39|          32|          32|
    |add_ln14_8_fu_2416_p2                   |         +|   0|  0|   39|          32|          32|
    |add_ln14_9_fu_2584_p2                   |         +|   0|  0|   39|          32|          32|
    |add_ln14_fu_1453_p2                     |         +|   0|  0|   19|          12|          12|
    |add_ln157_1_fu_3323_p2                  |         +|   0|  0|   24|          17|          17|
    |add_ln157_2_fu_3048_p2                  |         +|   0|  0|   23|          16|          16|
    |add_ln157_3_fu_3054_p2                  |         +|   0|  0|   22|          15|          15|
    |add_ln157_4_fu_2758_p2                  |         +|   0|  0|   21|          14|          14|
    |add_ln157_5_fu_2764_p2                  |         +|   0|  0|   20|          13|          13|
    |add_ln157_6_fu_2468_p2                  |         +|   0|  0|   19|          12|          12|
    |add_ln157_7_fu_2474_p2                  |         +|   0|  0|   18|          11|          11|
    |add_ln157_8_fu_2210_p2                  |         +|   0|  0|   25|          18|          18|
    |add_ln157_9_fu_2216_p2                  |         +|   0|  0|   16|           9|           9|
    |add_ln157_fu_3600_p2                    |         +|   0|  0|   26|          19|          19|
    |add_ln15_10_fu_2793_p2                  |         +|   0|  0|   39|          32|          32|
    |add_ln15_11_fu_2914_p2                  |         +|   0|  0|   39|          32|          32|
    |add_ln15_12_fu_3083_p2                  |         +|   0|  0|   39|          32|          32|
    |add_ln15_13_fu_3204_p2                  |         +|   0|  0|   39|          32|          32|
    |add_ln15_14_fu_3352_p2                  |         +|   0|  0|   39|          32|          32|
    |add_ln15_15_fu_3473_p2                  |         +|   0|  0|   39|          32|          32|
    |add_ln15_16_fu_3629_p2                  |         +|   0|  0|   39|          32|          32|
    |add_ln15_17_fu_3750_p2                  |         +|   0|  0|   39|          32|          32|
    |add_ln15_18_fu_3877_p2                  |         +|   0|  0|   39|          32|          32|
    |add_ln15_19_fu_1682_p2                  |         +|   0|  0|   32|          26|          26|
    |add_ln15_1_fu_1595_p2                   |         +|   0|  0|   39|          32|          32|
    |add_ln15_20_fu_1806_p2                  |         +|   0|  0|   32|          26|          26|
    |add_ln15_21_fu_1910_p2                  |         +|   0|  0|   32|          26|          26|
    |add_ln15_22_fu_2034_p2                  |         +|   0|  0|   32|          26|          26|
    |add_ln15_23_fu_2132_p2                  |         +|   0|  0|   32|          26|          26|
    |add_ln15_24_fu_2304_p2                  |         +|   0|  0|   32|          26|          26|
    |add_ln15_25_fu_2491_p2                  |         +|   0|  0|   32|          26|          26|
    |add_ln15_26_fu_2606_p2                  |         +|   0|  0|   32|          26|          26|
    |add_ln15_27_fu_2781_p2                  |         +|   0|  0|   32|          26|          26|
    |add_ln15_28_fu_2896_p2                  |         +|   0|  0|   32|          26|          26|
    |add_ln15_29_fu_3071_p2                  |         +|   0|  0|   32|          26|          26|
    |add_ln15_2_fu_1700_p2                   |         +|   0|  0|   39|          32|          32|
    |add_ln15_30_fu_3186_p2                  |         +|   0|  0|   32|          26|          26|
    |add_ln15_31_fu_3340_p2                  |         +|   0|  0|   32|          26|          26|
    |add_ln15_32_fu_3455_p2                  |         +|   0|  0|   32|          26|          26|
    |add_ln15_33_fu_3617_p2                  |         +|   0|  0|   32|          26|          26|
    |add_ln15_34_fu_3732_p2                  |         +|   0|  0|   32|          26|          26|
    |add_ln15_35_fu_3865_p2                  |         +|   0|  0|   32|          26|          26|
    |add_ln15_3_fu_1818_p2                   |         +|   0|  0|   39|          32|          32|
    |add_ln15_4_fu_1928_p2                   |         +|   0|  0|   39|          32|          32|
    |add_ln15_5_fu_2046_p2                   |         +|   0|  0|   39|          32|          32|
    |add_ln15_6_fu_2227_p2                   |         +|   0|  0|   39|          32|          32|
    |add_ln15_7_fu_2322_p2                   |         +|   0|  0|   39|          32|          32|
    |add_ln15_8_fu_2503_p2                   |         +|   0|  0|   39|          32|          32|
    |add_ln15_9_fu_2624_p2                   |         +|   0|  0|   39|          32|          32|
    |add_ln15_fu_1471_p2                     |         +|   0|  0|   29|          22|          22|
    |add_ln16_10_fu_2168_p2                  |         +|   0|  0|   32|          26|          26|
    |add_ln16_11_fu_2342_p2                  |         +|   0|  0|   32|          15|          15|
    |add_ln16_12_fu_2360_p2                  |         +|   0|  0|   32|          26|          26|
    |add_ln16_13_fu_2522_p2                  |         +|   0|  0|   32|          15|          15|
    |add_ln16_14_fu_2534_p2                  |         +|   0|  0|   32|          26|          26|
    |add_ln16_15_fu_2644_p2                  |         +|   0|  0|   32|          15|          15|
    |add_ln16_16_fu_2662_p2                  |         +|   0|  0|   32|          26|          26|
    |add_ln16_17_fu_2812_p2                  |         +|   0|  0|   32|          15|          15|
    |add_ln16_18_fu_2824_p2                  |         +|   0|  0|   32|          26|          26|
    |add_ln16_19_fu_2934_p2                  |         +|   0|  0|   32|          15|          15|
    |add_ln16_1_fu_1720_p2                   |         +|   0|  0|   32|          15|          15|
    |add_ln16_20_fu_2952_p2                  |         +|   0|  0|   32|          26|          26|
    |add_ln16_21_fu_3102_p2                  |         +|   0|  0|   32|          15|          15|
    |add_ln16_22_fu_3114_p2                  |         +|   0|  0|   32|          26|          26|
    |add_ln16_23_fu_3224_p2                  |         +|   0|  0|   32|          15|          15|
    |add_ln16_24_fu_3242_p2                  |         +|   0|  0|   32|          26|          26|
    |add_ln16_25_fu_3371_p2                  |         +|   0|  0|   32|          15|          15|
    |add_ln16_26_fu_3383_p2                  |         +|   0|  0|   32|          26|          26|
    |add_ln16_27_fu_3493_p2                  |         +|   0|  0|   32|          15|          15|
    |add_ln16_28_fu_3511_p2                  |         +|   0|  0|   32|          26|          26|
    |add_ln16_29_fu_3648_p2                  |         +|   0|  0|   32|          15|          15|
    |add_ln16_2_fu_1738_p2                   |         +|   0|  0|   32|          26|          26|
    |add_ln16_30_fu_3660_p2                  |         +|   0|  0|   32|          26|          26|
    |add_ln16_31_fu_3770_p2                  |         +|   0|  0|   32|          15|          15|
    |add_ln16_32_fu_3788_p2                  |         +|   0|  0|   32|          26|          26|
    |add_ln16_33_fu_3882_p2                  |         +|   0|  0|   32|          15|          15|
    |add_ln16_34_fu_3894_p2                  |         +|   0|  0|   32|          26|          26|
    |add_ln16_35_fu_3910_p2                  |         +|   0|  0|   32|          15|          15|
    |add_ln16_3_fu_1837_p2                   |         +|   0|  0|   32|          15|          15|
    |add_ln16_4_fu_1849_p2                   |         +|   0|  0|   32|          26|          26|
    |add_ln16_5_fu_1948_p2                   |         +|   0|  0|   32|          15|          15|
    |add_ln16_6_fu_1966_p2                   |         +|   0|  0|   32|          26|          26|
    |add_ln16_7_fu_2065_p2                   |         +|   0|  0|   32|          15|          15|
    |add_ln16_8_fu_2077_p2                   |         +|   0|  0|   32|          26|          26|
    |add_ln16_9_fu_2150_p2                   |         +|   0|  0|   32|          15|          15|
    |add_ln16_fu_1622_p2                     |         +|   0|  0|   33|          26|          26|
    |add_ln375_fu_1231_p2                    |         +|   0|  0|   23|          16|           1|
    |add_ln380_fu_1248_p2                    |         +|   0|  0|   17|          10|           1|
    |add_ln396_1_fu_1369_p2                  |         +|   0|  0|   71|          64|          64|
    |add_ln396_2_fu_1322_p2                  |         +|   0|  0|    9|           2|           1|
    |add_ln396_3_fu_1394_p2                  |         +|   0|  0|    9|           2|           2|
    |add_ln396_fu_1355_p2                    |         +|   0|  0|   38|          31|           1|
    |add_ln428_1_fu_5266_p2                  |         +|   0|  0|   38|          31|           1|
    |add_ln428_2_fu_5601_p2                  |         +|   0|  0|   32|          32|           2|
    |add_ln428_3_fu_5595_p2                  |         +|   0|  0|   39|          32|           2|
    |add_ln428_4_fu_5289_p2                  |         +|   0|  0|   38|          31|           1|
    |add_ln428_fu_5246_p2                    |         +|   0|  0|   38|          31|           2|
    |add_ln437_1_fu_5354_p2                  |         +|   0|  0|   41|          34|           3|
    |add_ln437_2_fu_5486_p2                  |         +|   0|  0|   71|          64|          64|
    |add_ln437_3_fu_5369_p2                  |         +|   0|  0|    9|           2|           2|
    |add_ln437_4_fu_5541_p2                  |         +|   0|  0|   71|          64|          64|
    |add_ln437_5_fu_5477_p2                  |         +|   0|  0|   41|          34|           3|
    |add_ln437_6_fu_5404_p2                  |         +|   0|  0|   32|           2|           1|
    |add_ln437_7_fu_5410_p2                  |         +|   0|  0|   32|           2|           2|
    |add_ln437_8_fu_5425_p2                  |         +|   0|  0|    9|           2|           2|
    |add_ln437_9_fu_5532_p2                  |         +|   0|  0|   41|          34|           3|
    |add_ln437_fu_5364_p2                    |         +|   0|  0|   71|          64|          64|
    |add_ln439_fu_5650_p2                    |         +|   0|  0|   32|          32|           2|
    |add_ln440_1_fu_5675_p2                  |         +|   0|  0|   71|          64|          64|
    |add_ln440_fu_5665_p2                    |         +|   0|  0|   39|          32|           3|
    |add_ln443_1_fu_5741_p2                  |         +|   0|  0|    9|           2|           2|
    |add_ln443_2_fu_5786_p2                  |         +|   0|  0|    9|           2|           1|
    |add_ln443_fu_5700_p2                    |         +|   0|  0|   71|          64|           1|
    |add_ln451_fu_5837_p2                    |         +|   0|  0|   39|          32|           3|
    |grp_fu_1114_p2                          |         +|   0|  0|   39|          32|           1|
    |hashed_fu_3956_p2                       |         +|   0|  0|   33|          26|          26|
    |key_fu_3594_p2                          |         +|   0|  0|   27|          20|          20|
    |my_assoc_mem_fill_1_fu_5148_p2          |         +|   0|  0|   39|          32|           1|
    |next_code_fu_5162_p2                    |         +|   0|  0|   39|          32|           1|
    |output_size_fu_5819_p2                  |         +|   0|  0|   39|          32|           2|
    |adjusted_input_size_fu_5225_p2          |         -|   0|  0|   39|          32|          32|
    |sub_ln427_fu_5207_p2                    |         -|   0|  0|   39|           1|          32|
    |sub_ln428_fu_5607_p2                    |         -|   0|  0|   32|          32|          32|
    |sub_ln429_fu_5329_p2                    |         -|   0|  0|   40|          33|          33|
    |sub_ln439_fu_5644_p2                    |         -|   0|  0|   32|          32|          32|
    |and_ln124_10_fu_4423_p2                 |       and|   0|  0|   10|          10|          10|
    |and_ln124_11_fu_4433_p2                 |       and|   0|  0|   11|          11|          11|
    |and_ln124_12_fu_4443_p2                 |       and|   0|  0|   12|          12|          12|
    |and_ln124_13_fu_4453_p2                 |       and|   0|  0|   13|          13|          13|
    |and_ln124_14_fu_4463_p2                 |       and|   0|  0|   14|          14|          14|
    |and_ln124_15_fu_4473_p2                 |       and|   0|  0|   15|          15|          15|
    |and_ln124_16_fu_4483_p2                 |       and|   0|  0|   16|          16|          16|
    |and_ln124_17_fu_4493_p2                 |       and|   0|  0|   17|          17|          17|
    |and_ln124_18_fu_4503_p2                 |       and|   0|  0|   18|          18|          18|
    |and_ln124_19_fu_4513_p2                 |       and|   0|  0|   19|          19|          19|
    |and_ln124_1_fu_4333_p2                  |       and|   0|  0|    2|           1|           1|
    |and_ln124_20_fu_4523_p2                 |       and|   0|  0|   20|          20|          20|
    |and_ln124_21_fu_4533_p2                 |       and|   0|  0|   21|          21|          21|
    |and_ln124_22_fu_4543_p2                 |       and|   0|  0|   22|          22|          22|
    |and_ln124_23_fu_4553_p2                 |       and|   0|  0|   23|          23|          23|
    |and_ln124_24_fu_4563_p2                 |       and|   0|  0|   24|          24|          24|
    |and_ln124_25_fu_4573_p2                 |       and|   0|  0|   25|          25|          25|
    |and_ln124_26_fu_4583_p2                 |       and|   0|  0|   26|          26|          26|
    |and_ln124_27_fu_4593_p2                 |       and|   0|  0|   27|          27|          27|
    |and_ln124_28_fu_4603_p2                 |       and|   0|  0|   28|          28|          28|
    |and_ln124_29_fu_4613_p2                 |       and|   0|  0|   29|          29|          29|
    |and_ln124_2_fu_4343_p2                  |       and|   0|  0|    2|           2|           2|
    |and_ln124_30_fu_4623_p2                 |       and|   0|  0|   30|          30|          30|
    |and_ln124_31_fu_4633_p2                 |       and|   0|  0|   31|          31|          31|
    |and_ln124_33_fu_4645_p2                 |       and|   0|  0|   31|          31|          31|
    |and_ln124_34_fu_4651_p2                 |       and|   0|  0|   30|          30|          30|
    |and_ln124_35_fu_4657_p2                 |       and|   0|  0|   29|          29|          29|
    |and_ln124_36_fu_4663_p2                 |       and|   0|  0|   28|          28|          28|
    |and_ln124_37_fu_4669_p2                 |       and|   0|  0|   27|          27|          27|
    |and_ln124_38_fu_4675_p2                 |       and|   0|  0|   26|          26|          26|
    |and_ln124_39_fu_4681_p2                 |       and|   0|  0|   25|          25|          25|
    |and_ln124_3_fu_4353_p2                  |       and|   0|  0|    3|           3|           3|
    |and_ln124_40_fu_4687_p2                 |       and|   0|  0|   24|          24|          24|
    |and_ln124_41_fu_4693_p2                 |       and|   0|  0|   23|          23|          23|
    |and_ln124_42_fu_4699_p2                 |       and|   0|  0|   22|          22|          22|
    |and_ln124_43_fu_4705_p2                 |       and|   0|  0|   21|          21|          21|
    |and_ln124_44_fu_4711_p2                 |       and|   0|  0|   20|          20|          20|
    |and_ln124_45_fu_4717_p2                 |       and|   0|  0|   19|          19|          19|
    |and_ln124_46_fu_4723_p2                 |       and|   0|  0|   18|          18|          18|
    |and_ln124_47_fu_4729_p2                 |       and|   0|  0|   17|          17|          17|
    |and_ln124_48_fu_4735_p2                 |       and|   0|  0|   16|          16|          16|
    |and_ln124_49_fu_4741_p2                 |       and|   0|  0|   15|          15|          15|
    |and_ln124_4_fu_4363_p2                  |       and|   0|  0|    4|           4|           4|
    |and_ln124_50_fu_4747_p2                 |       and|   0|  0|   14|          14|          14|
    |and_ln124_51_fu_4753_p2                 |       and|   0|  0|   13|          13|          13|
    |and_ln124_52_fu_4759_p2                 |       and|   0|  0|   12|          12|          12|
    |and_ln124_53_fu_4765_p2                 |       and|   0|  0|   11|          11|          11|
    |and_ln124_54_fu_4771_p2                 |       and|   0|  0|   10|          10|          10|
    |and_ln124_55_fu_4777_p2                 |       and|   0|  0|    9|           9|           9|
    |and_ln124_56_fu_4783_p2                 |       and|   0|  0|    8|           8|           8|
    |and_ln124_57_fu_4789_p2                 |       and|   0|  0|    7|           7|           7|
    |and_ln124_58_fu_4795_p2                 |       and|   0|  0|    6|           6|           6|
    |and_ln124_59_fu_4801_p2                 |       and|   0|  0|    5|           5|           5|
    |and_ln124_5_fu_4373_p2                  |       and|   0|  0|    5|           5|           5|
    |and_ln124_60_fu_4807_p2                 |       and|   0|  0|    4|           4|           4|
    |and_ln124_61_fu_4813_p2                 |       and|   0|  0|    3|           3|           3|
    |and_ln124_62_fu_4819_p2                 |       and|   0|  0|    2|           2|           2|
    |and_ln124_63_fu_4825_p2                 |       and|   0|  0|    2|           1|           1|
    |and_ln124_6_fu_4383_p2                  |       and|   0|  0|    6|           6|           6|
    |and_ln124_7_fu_4393_p2                  |       and|   0|  0|    7|           7|           7|
    |and_ln124_8_fu_4403_p2                  |       and|   0|  0|    8|           8|           8|
    |and_ln124_9_fu_4413_p2                  |       and|   0|  0|    9|           9|           9|
    |and_ln124_fu_4323_p2                    |       and|   0|  0|   32|          32|          32|
    |ap_block_pp2_stage1_11001               |       and|   0|  0|    2|           1|           1|
    |ap_block_pp2_stage71_11001              |       and|   0|  0|    2|           1|           1|
    |ap_block_pp3_stage0_01001               |       and|   0|  0|    2|           1|           1|
    |ap_block_pp3_stage1_01001               |       and|   0|  0|    2|           1|           1|
    |ap_block_state290_io                    |       and|   0|  0|    2|           1|           1|
    |ap_block_state360_pp2_stage71_iter0     |       and|   0|  0|    2|           1|           1|
    |ap_block_state379_io                    |       and|   0|  0|    2|           1|           1|
    |ap_block_state382_io                    |       and|   0|  0|    2|           1|           1|
    |ap_block_state448_pp3_stage1_iter23     |       and|   0|  0|    2|           1|           1|
    |ap_block_state523                       |       and|   0|  0|    2|           1|           1|
    |ap_condition_2746                       |       and|   0|  0|    2|           1|           1|
    |ap_condition_3111                       |       and|   0|  0|    2|           1|           1|
    |ap_condition_3115                       |       and|   0|  0|    2|           1|           1|
    |ap_condition_9423                       |       and|   0|  0|    2|           1|           1|
    |ap_condition_9428                       |       and|   0|  0|    2|           1|           1|
    |ap_condition_9434                       |       and|   0|  0|    2|           1|           1|
    |ap_condition_9441                       |       and|   0|  0|    2|           1|           1|
    |ap_condition_9449                       |       and|   0|  0|    2|           1|           1|
    |ap_condition_9458                       |       and|   0|  0|    2|           1|           1|
    |ap_condition_9468                       |       and|   0|  0|    2|           1|           1|
    |ap_condition_9479                       |       and|   0|  0|    2|           1|           1|
    |ap_condition_9491                       |       and|   0|  0|    2|           1|           1|
    |ap_condition_9504                       |       and|   0|  0|    2|           1|           1|
    |ap_condition_9518                       |       and|   0|  0|    2|           1|           1|
    |ap_condition_9533                       |       and|   0|  0|    2|           1|           1|
    |ap_condition_9549                       |       and|   0|  0|    2|           1|           1|
    |ap_condition_9566                       |       and|   0|  0|    2|           1|           1|
    |ap_condition_9584                       |       and|   0|  0|    2|           1|           1|
    |ap_condition_9603                       |       and|   0|  0|    2|           1|           1|
    |ap_condition_9623                       |       and|   0|  0|    2|           1|           1|
    |ap_condition_9644                       |       and|   0|  0|    2|           1|           1|
    |ap_condition_9666                       |       and|   0|  0|    2|           1|           1|
    |ap_condition_9689                       |       and|   0|  0|    2|           1|           1|
    |ap_condition_9713                       |       and|   0|  0|    2|           1|           1|
    |ap_condition_9738                       |       and|   0|  0|    2|           1|           1|
    |ap_condition_9764                       |       and|   0|  0|    2|           1|           1|
    |ap_condition_9791                       |       and|   0|  0|    2|           1|           1|
    |ap_condition_9819                       |       and|   0|  0|    2|           1|           1|
    |ap_condition_9848                       |       and|   0|  0|    2|           1|           1|
    |ap_condition_9878                       |       and|   0|  0|    2|           1|           1|
    |ap_condition_9909                       |       and|   0|  0|    2|           1|           1|
    |ap_condition_9941                       |       and|   0|  0|    2|           1|           1|
    |ap_condition_9974                       |       and|   0|  0|    2|           1|           1|
    |ap_predicate_tran373to374_state373      |       and|   0|  0|    2|           1|           1|
    |hit_fu_4016_p2                          |       and|   0|  0|    2|           1|           1|
    |match_fu_4639_p2                        |       and|   0|  0|   32|          32|          32|
    |icmp_ln375_fu_1237_p2                   |      icmp|   0|  0|   13|          16|          17|
    |icmp_ln37_fu_4011_p2                    |      icmp|   0|  0|   14|          20|          20|
    |icmp_ln380_fu_1254_p2                   |      icmp|   0|  0|   11|          10|          11|
    |icmp_ln394_1_fu_1350_p2                 |      icmp|   0|  0|   20|          32|          32|
    |icmp_ln394_fu_1314_p2                   |      icmp|   0|  0|   20|          32|           1|
    |icmp_ln417_fu_5178_p2                   |      icmp|   0|  0|   20|          32|          32|
    |icmp_ln428_1_fu_5240_p2                 |      icmp|   0|  0|   20|          32|           2|
    |icmp_ln428_2_fu_5295_p2                 |      icmp|   0|  0|   19|          31|          31|
    |icmp_ln428_fu_5230_p2                   |      icmp|   0|  0|   20|          32|           1|
    |icmp_ln439_fu_5656_p2                   |      icmp|   0|  0|    8|           2|           1|
    |icmp_ln97_fu_5106_p2                    |      icmp|   0|  0|   17|          26|           1|
    |lshr_ln396_fu_1410_p2                   |      lshr|   0|  0|  100|          32|          32|
    |ap_block_pp3_stage0_11001               |        or|   0|  0|    2|           1|           1|
    |ap_block_pp3_stage1_11001               |        or|   0|  0|    2|           1|           1|
    |ap_block_pp3_stage2_11001               |        or|   0|  0|    2|           1|           1|
    |ap_block_state1                         |        or|   0|  0|    2|           1|           1|
    |ap_block_state144_io                    |        or|   0|  0|    2|           1|           1|
    |ap_block_state145_io                    |        or|   0|  0|    2|           1|           1|
    |ap_block_state213                       |        or|   0|  0|    2|           1|           1|
    |ap_block_state217_io                    |        or|   0|  0|    2|           1|           1|
    |ap_block_state287                       |        or|   0|  0|    2|           1|           1|
    |ap_block_state380_io                    |        or|   0|  0|    2|           1|           1|
    |ap_block_state454_io                    |        or|   0|  0|    2|           1|           1|
    |ap_block_state592                       |        or|   0|  0|    2|           1|           1|
    |ap_condition_2062                       |        or|   0|  0|    2|           1|           1|
    |ap_condition_2985                       |        or|   0|  0|    2|           1|           1|
    |ap_predicate_op2586_writeresp_state592  |        or|   0|  0|    2|           1|           1|
    |or_ln100_fu_5129_p2                     |        or|   0|  0|   64|          64|          64|
    |or_ln101_fu_5136_p2                     |        or|   0|  0|   64|          64|          64|
    |or_ln432_fu_5339_p2                     |        or|   0|  0|   15|          15|           1|
    |or_ln460_fu_1217_p2                     |        or|   0|  0|    8|           8|           1|
    |or_ln99_fu_5122_p2                      |        or|   0|  0|   64|          64|          64|
    |code_fu_4022_p3                         |    select|   0|  0|   12|           1|          12|
    |select_ln427_fu_5213_p3                 |    select|   0|  0|   32|           1|          32|
    |select_ln428_fu_5272_p3                 |    select|   0|  0|   30|           1|          31|
    |shl_ln437_2_fu_5471_p2                  |       shl|   0|  0|  100|          32|          32|
    |shl_ln437_3_fu_5419_p2                  |       shl|   0|  0|    9|           1|           4|
    |shl_ln437_5_fu_5506_p2                  |       shl|   0|  0|  100|          32|          32|
    |shl_ln437_6_fu_5572_p2                  |       shl|   0|  0|    9|           1|           4|
    |shl_ln437_8_fu_5589_p2                  |       shl|   0|  0|  100|          32|          32|
    |shl_ln437_fu_5378_p2                    |       shl|   0|  0|    9|           1|           4|
    |shl_ln443_2_fu_5769_p2                  |       shl|   0|  0|  100|          32|          32|
    |shl_ln443_3_fu_5795_p2                  |       shl|   0|  0|    9|           1|           4|
    |shl_ln443_5_fu_5813_p2                  |       shl|   0|  0|  100|          32|          32|
    |shl_ln443_fu_5751_p2                    |       shl|   0|  0|    9|           1|           4|
    |shl_ln99_fu_5112_p2                     |       shl|   0|  0|  100|           1|          32|
    |ap_enable_pp2                           |       xor|   0|  0|    2|           1|           2|
    |ap_enable_pp3                           |       xor|   0|  0|    2|           1|           2|
    |ap_enable_reg_pp2_iter1                 |       xor|   0|  0|    2|           2|           1|
    |hashed_1_fu_3978_p2                     |       xor|   0|  0|   15|          15|          15|
    |xor_ln14_10_fu_2992_p2                  |       xor|   0|  0|   26|          26|          26|
    |xor_ln14_11_fu_3154_p2                  |       xor|   0|  0|   26|          26|          26|
    |xor_ln14_12_fu_3282_p2                  |       xor|   0|  0|   26|          26|          26|
    |xor_ln14_13_fu_3423_p2                  |       xor|   0|  0|   26|          26|          26|
    |xor_ln14_14_fu_3542_p2                  |       xor|   0|  0|   26|          26|          26|
    |xor_ln14_15_fu_3700_p2                  |       xor|   0|  0|   26|          26|          26|
    |xor_ln14_16_fu_3828_p2                  |       xor|   0|  0|   26|          26|          26|
    |xor_ln14_1_fu_1769_p2                   |       xor|   0|  0|   26|          26|          26|
    |xor_ln14_2_fu_1880_p2                   |       xor|   0|  0|   26|          26|          26|
    |xor_ln14_3_fu_1997_p2                   |       xor|   0|  0|   26|          26|          26|
    |xor_ln14_4_fu_2108_p2                   |       xor|   0|  0|   26|          26|          26|
    |xor_ln14_5_fu_2274_p2                   |       xor|   0|  0|   26|          26|          26|
    |xor_ln14_6_fu_2410_p2                   |       xor|   0|  0|   26|          26|          26|
    |xor_ln14_7_fu_2574_p2                   |       xor|   0|  0|   26|          26|          26|
    |xor_ln14_8_fu_2702_p2                   |       xor|   0|  0|   26|          26|          26|
    |xor_ln14_9_fu_2864_p2                   |       xor|   0|  0|   26|          26|          26|
    |xor_ln14_fu_1652_p2                     |       xor|   0|  0|   26|          26|          26|
    |xor_ln15_10_fu_3004_p2                  |       xor|   0|  0|   15|          15|          15|
    |xor_ln15_11_fu_3176_p2                  |       xor|   0|  0|   15|          15|          15|
    |xor_ln15_12_fu_3294_p2                  |       xor|   0|  0|   15|          15|          15|
    |xor_ln15_13_fu_3445_p2                  |       xor|   0|  0|   15|          15|          15|
    |xor_ln15_14_fu_3554_p2                  |       xor|   0|  0|   15|          15|          15|
    |xor_ln15_15_fu_3722_p2                  |       xor|   0|  0|   15|          15|          15|
    |xor_ln15_16_fu_3840_p2                  |       xor|   0|  0|   15|          15|          15|
    |xor_ln15_1_fu_1781_p2                   |       xor|   0|  0|   15|          15|          15|
    |xor_ln15_2_fu_1901_p2                   |       xor|   0|  0|   15|          15|          15|
    |xor_ln15_3_fu_2009_p2                   |       xor|   0|  0|   15|          15|          15|
    |xor_ln15_4_fu_2123_p2                   |       xor|   0|  0|   15|          15|          15|
    |xor_ln15_5_fu_2295_p2                   |       xor|   0|  0|   15|          15|          15|
    |xor_ln15_6_fu_2422_p2                   |       xor|   0|  0|   15|          15|          15|
    |xor_ln15_7_fu_2596_p2                   |       xor|   0|  0|   15|          15|          15|
    |xor_ln15_8_fu_2714_p2                   |       xor|   0|  0|   15|          15|          15|
    |xor_ln15_9_fu_2886_p2                   |       xor|   0|  0|   15|          15|          15|
    |xor_ln15_fu_1673_p2                     |       xor|   0|  0|   15|          15|          15|
    |xor_ln16_10_fu_2830_p2                  |       xor|   0|  0|   32|          32|          32|
    |xor_ln16_11_fu_2958_p2                  |       xor|   0|  0|   32|          32|          32|
    |xor_ln16_12_fu_3120_p2                  |       xor|   0|  0|   32|          32|          32|
    |xor_ln16_13_fu_3248_p2                  |       xor|   0|  0|   32|          32|          32|
    |xor_ln16_14_fu_3389_p2                  |       xor|   0|  0|   32|          32|          32|
    |xor_ln16_15_fu_3517_p2                  |       xor|   0|  0|   32|          32|          32|
    |xor_ln16_16_fu_3666_p2                  |       xor|   0|  0|   32|          32|          32|
    |xor_ln16_17_fu_3794_p2                  |       xor|   0|  0|   32|          32|          32|
    |xor_ln16_18_fu_3926_p2                  |       xor|   0|  0|   26|          26|          26|
    |xor_ln16_1_fu_1628_p2                   |       xor|   0|  0|   32|          32|          32|
    |xor_ln16_2_fu_1744_p2                   |       xor|   0|  0|   32|          32|          32|
    |xor_ln16_3_fu_1855_p2                   |       xor|   0|  0|   32|          32|          32|
    |xor_ln16_4_fu_1972_p2                   |       xor|   0|  0|   32|          32|          32|
    |xor_ln16_5_fu_2083_p2                   |       xor|   0|  0|   32|          32|          32|
    |xor_ln16_6_fu_2246_p2                   |       xor|   0|  0|   32|          32|          32|
    |xor_ln16_7_fu_2366_p2                   |       xor|   0|  0|   32|          32|          32|
    |xor_ln16_8_fu_2540_p2                   |       xor|   0|  0|   32|          32|          32|
    |xor_ln16_9_fu_2668_p2                   |       xor|   0|  0|   32|          32|          32|
    |xor_ln16_fu_1491_p2                     |       xor|   0|  0|   22|          22|          22|
    |xor_ln18_fu_3938_p2                     |       xor|   0|  0|   15|          15|          15|
    |xor_ln437_fu_5283_p2                    |       xor|   0|  0|    3|           2|           3|
    +----------------------------------------+----------+----+---+-----+------------+------------+
    |Total                                   |          |   0|  0| 9070|        7009|        6450|
    +----------------------------------------+----------+----+---+-----+------------+------------+

    * Multiplexer: 
    +---------------------------------------------+------+-----------+-----+-----------+
    |                     Name                    |  LUT | Input Size| Bits| Total Bits|
    +---------------------------------------------+------+-----------+-----+-----------+
    |ap_NS_fsm                                    |  2693|        522|    1|        522|
    |ap_done                                      |     9|          2|    1|          2|
    |ap_enable_reg_pp2_iter1                      |    14|          3|    1|          3|
    |ap_enable_reg_pp3_iter24                     |     9|          2|    1|          2|
    |ap_phi_mux_address_lcssa4_phi_fu_914_p64     |   152|         33|    5|        165|
    |ap_phi_mux_i_2_phi_fu_893_p4                 |     9|          2|   31|         62|
    |ap_phi_mux_i_3_phi_fu_1065_p4                |     9|          2|   32|         64|
    |ap_phi_mux_indvar_phi_fu_1054_p4             |     9|          2|   31|         62|
    |ap_phi_mux_j_0_lcssa_phi_fu_1042_p4          |     9|          2|   32|         64|
    |ap_phi_mux_output_size_1_phi_fu_1088_p4      |     9|          2|   32|         64|
    |ap_phi_mux_phi_ln418_phi_fu_1015_p4          |     9|          2|   12|         24|
    |ap_phi_mux_prefix_code_1_phi_fu_1027_p6      |     9|          2|   12|         24|
    |ap_phi_reg_pp2_iter1_prefix_code_1_reg_1023  |     9|          2|   12|         24|
    |gmem0_blk_n_AR                               |     9|          2|    1|          2|
    |gmem0_blk_n_R                                |     9|          2|    1|          2|
    |gmem1_blk_n_AR                               |     9|          2|    1|          2|
    |gmem1_blk_n_R                                |     9|          2|    1|          2|
    |gmem2_blk_n_AR                               |     9|          2|    1|          2|
    |gmem2_blk_n_R                                |     9|          2|    1|          2|
    |gmem3_AWADDR                                 |    14|          3|   64|        192|
    |gmem3_WDATA                                  |    14|          3|   32|         96|
    |gmem3_blk_n_AW                               |     9|          2|    1|          2|
    |gmem3_blk_n_B                                |     9|          2|    1|          2|
    |gmem3_blk_n_W                                |     9|          2|    1|          2|
    |gmem_ARADDR                                  |    14|          3|   64|        192|
    |gmem_AWADDR                                  |    43|          8|   64|        512|
    |gmem_WDATA                                   |    43|          8|   32|        256|
    |gmem_WSTRB                                   |    37|          7|    4|         28|
    |gmem_blk_n_AR                                |     9|          2|    1|          2|
    |gmem_blk_n_AW                                |     9|          2|    1|          2|
    |gmem_blk_n_B                                 |     9|          2|    1|          2|
    |gmem_blk_n_R                                 |     9|          2|    1|          2|
    |gmem_blk_n_W                                 |     9|          2|    1|          2|
    |hash_table_address0                          |    20|          4|   15|         60|
    |hash_table_d0                                |    14|          3|   33|         99|
    |i_1_reg_878                                  |     9|          2|   10|         20|
    |i_2_reg_889                                  |     9|          2|   31|         62|
    |i_3_reg_1061                                 |     9|          2|   32|         64|
    |i_reg_867                                    |     9|          2|   16|         32|
    |indvar_reg_1050                              |     9|          2|   31|         62|
    |j_0_lcssa_reg_1038                           |     9|          2|   32|         64|
    |j_fu_484                                     |     9|          2|   32|         64|
    |my_assoc_mem_fill_fu_476                     |     9|          2|   32|         64|
    |my_assoc_mem_lower_key_mem_address0          |    20|          4|    9|         36|
    |my_assoc_mem_lower_key_mem_d0                |    14|          3|   64|        192|
    |my_assoc_mem_middle_key_mem_address0         |    20|          4|    9|         36|
    |my_assoc_mem_middle_key_mem_d0               |    14|          3|   64|        192|
    |my_assoc_mem_upper_key_mem_address0          |    20|          4|    9|         36|
    |my_assoc_mem_upper_key_mem_d0                |    14|          3|   64|        192|
    |my_assoc_mem_value_address0                  |    14|          3|    6|         18|
    |out_code_address0                            |    20|          4|   15|         60|
    |out_code_address1                            |    14|          3|   15|         45|
    |out_code_d0                                  |    14|          3|   12|         36|
    |output_size_0_lcssa_reg_1073                 |     9|          2|   32|         64|
    |output_size_1_reg_1085                       |     9|          2|   32|         64|
    |prefix_code_2_reg_900                        |     9|          2|   12|         24|
    |value_1_fu_480                               |     9|          2|   32|         64|
    +---------------------------------------------+------+-----------+-----+-----------+
    |Total                                        |  3546|        703| 1116|       4036|
    +---------------------------------------------+------+-----------+-----+-----------+

    * Register: 
    +---------------------------------------------+-----+----+-----+-----------+
    |                     Name                    |  FF | LUT| Bits| Const Bits|
    +---------------------------------------------+-----+----+-----+-----------+
    |add_ln14_10_reg_6246                         |   32|   0|   32|          0|
    |add_ln14_12_reg_6278                         |   32|   0|   32|          0|
    |add_ln14_14_reg_6310                         |   32|   0|   32|          0|
    |add_ln14_16_reg_6336                         |   32|   0|   32|          0|
    |add_ln14_18_reg_6375                         |   32|   0|   32|          0|
    |add_ln14_1_reg_6052                          |   23|   0|   23|          0|
    |add_ln14_24_reg_6176                         |   15|   0|   15|          0|
    |add_ln14_3_reg_6118                          |   32|   0|   32|          0|
    |add_ln14_5_reg_6144                          |   32|   0|   32|          0|
    |add_ln14_6_reg_6165                          |   32|   0|   32|          0|
    |add_ln14_8_reg_6202                          |   32|   0|   32|          0|
    |add_ln157_9_reg_6181                         |    9|   0|    9|          0|
    |add_ln16_10_reg_6171                         |   26|   0|   26|          0|
    |add_ln396_2_reg_5998                         |    2|   0|    2|          0|
    |add_ln396_3_reg_6027                         |    2|   0|    2|          0|
    |add_ln396_reg_6015                           |   31|   0|   31|          0|
    |add_ln428_3_reg_6700                         |   32|   0|   32|          0|
    |add_ln428_4_reg_6606                         |   31|   0|   31|          0|
    |add_ln437_3_reg_6631                         |    2|   0|    2|          0|
    |add_ln437_7_reg_6647                         |    2|   0|    2|          0|
    |add_ln437_8_reg_6657                         |    2|   0|    2|          0|
    |add_ln443_1_reg_6736                         |    2|   0|    2|          0|
    |add_ln451_reg_6767                           |   32|   0|   32|          0|
    |adjusted_input_size_reg_6581                 |   32|   0|   32|          0|
    |and_ln124_63_reg_6429                        |    1|   0|    1|          0|
    |ap_CS_fsm                                    |  521|   0|  521|          0|
    |ap_done_reg                                  |    1|   0|    1|          0|
    |ap_enable_reg_pp2_iter0                      |    1|   0|    1|          0|
    |ap_enable_reg_pp2_iter1                      |    1|   0|    1|          0|
    |ap_enable_reg_pp3_iter0                      |    1|   0|    1|          0|
    |ap_enable_reg_pp3_iter1                      |    1|   0|    1|          0|
    |ap_enable_reg_pp3_iter10                     |    1|   0|    1|          0|
    |ap_enable_reg_pp3_iter11                     |    1|   0|    1|          0|
    |ap_enable_reg_pp3_iter12                     |    1|   0|    1|          0|
    |ap_enable_reg_pp3_iter13                     |    1|   0|    1|          0|
    |ap_enable_reg_pp3_iter14                     |    1|   0|    1|          0|
    |ap_enable_reg_pp3_iter15                     |    1|   0|    1|          0|
    |ap_enable_reg_pp3_iter16                     |    1|   0|    1|          0|
    |ap_enable_reg_pp3_iter17                     |    1|   0|    1|          0|
    |ap_enable_reg_pp3_iter18                     |    1|   0|    1|          0|
    |ap_enable_reg_pp3_iter19                     |    1|   0|    1|          0|
    |ap_enable_reg_pp3_iter2                      |    1|   0|    1|          0|
    |ap_enable_reg_pp3_iter20                     |    1|   0|    1|          0|
    |ap_enable_reg_pp3_iter21                     |    1|   0|    1|          0|
    |ap_enable_reg_pp3_iter22                     |    1|   0|    1|          0|
    |ap_enable_reg_pp3_iter23                     |    1|   0|    1|          0|
    |ap_enable_reg_pp3_iter24                     |    1|   0|    1|          0|
    |ap_enable_reg_pp3_iter3                      |    1|   0|    1|          0|
    |ap_enable_reg_pp3_iter4                      |    1|   0|    1|          0|
    |ap_enable_reg_pp3_iter5                      |    1|   0|    1|          0|
    |ap_enable_reg_pp3_iter6                      |    1|   0|    1|          0|
    |ap_enable_reg_pp3_iter7                      |    1|   0|    1|          0|
    |ap_enable_reg_pp3_iter8                      |    1|   0|    1|          0|
    |ap_enable_reg_pp3_iter9                      |    1|   0|    1|          0|
    |ap_phi_reg_pp2_iter0_phi_ln418_reg_1012      |   12|   0|   12|          0|
    |ap_phi_reg_pp2_iter1_phi_ln418_reg_1012      |   12|   0|   12|          0|
    |ap_phi_reg_pp2_iter1_prefix_code_1_reg_1023  |   12|   0|   12|          0|
    |ap_rst_n_inv                                 |    1|   0|    1|          0|
    |ap_rst_reg_1                                 |    1|   0|    1|          0|
    |ap_rst_reg_2                                 |    1|   0|    1|          0|
    |gmem0_addr_read_reg_5960                     |   32|   0|   32|          0|
    |gmem1_addr_read_reg_5885                     |   32|   0|   32|          0|
    |gmem1_addr_reg_5861                          |   64|   0|   64|          0|
    |gmem2_addr_reg_5899                          |   64|   0|   64|          0|
    |gmem_addr_2_read_reg_6032                    |   32|   0|   32|          0|
    |gmem_addr_2_reg_6021                         |   64|   0|   64|          0|
    |gmem_addr_3_reg_6641                         |   64|   0|   64|          0|
    |gmem_addr_4_reg_6678                         |   64|   0|   64|          0|
    |gmem_addr_5_reg_6684                         |   64|   0|   64|          0|
    |gmem_addr_6_reg_6719                         |   64|   0|   64|          0|
    |gmem_addr_7_reg_6725                         |   64|   0|   64|          0|
    |hash_table_addr_1_reg_6396                   |   15|   0|   15|          0|
    |hit_reg_6405                                 |    1|   0|    1|          0|
    |i_1_reg_878                                  |   10|   0|   10|          0|
    |i_2_reg_889                                  |   31|   0|   31|          0|
    |i_3_reg_1061                                 |   32|   0|   32|          0|
    |i_reg_867                                    |   16|   0|   16|          0|
    |icmp_ln394_1_reg_6011                        |    1|   0|    1|          0|
    |icmp_ln394_reg_5972                          |    1|   0|    1|          0|
    |icmp_ln417_reg_6566                          |    1|   0|    1|          0|
    |icmp_ln428_2_reg_6611                        |    1|   0|    1|          0|
    |icmp_ln428_reg_6586                          |    1|   0|    1|          0|
    |icmp_ln439_reg_6710                          |    1|   0|    1|          0|
    |icmp_ln97_reg_6557                           |    1|   0|    1|          0|
    |indvar_reg_1050                              |   31|   0|   31|          0|
    |j_0_lcssa_reg_1038                           |   32|   0|   32|          0|
    |j_1_reg_6003                                 |   32|   0|   32|          0|
    |j_fu_484                                     |   32|   0|   32|          0|
    |key_reg_6357                                 |   20|   0|   20|          0|
    |mem_lower_key_mem_addr_reg_6424              |    9|   0|    9|          0|
    |mem_middle_key_mem_addr_reg_6419             |    9|   0|    9|          0|
    |mem_upper_key_mem_addr_reg_6414              |    2|   0|    9|          7|
    |my_assoc_mem_fill_fu_476                     |   32|   0|   32|          0|
    |next_char_reg_6037                           |    8|   0|    8|          0|
    |output_size_0_lcssa_reg_1073                 |   32|   0|   32|          0|
    |output_size_1_reg_1085                       |   32|   0|   32|          0|
    |prefix_code_2_reg_900                        |   12|   0|   12|          0|
    |prefix_code_reg_5955                         |    8|   0|    8|          0|
    |s1_read_reg_5878                             |   64|   0|   64|          0|
    |select_ln427_reg_6570                        |   32|   0|   32|          0|
    |select_ln428_reg_6590                        |   31|   0|   31|          0|
    |sext_ln400_reg_6230                          |   12|   0|   12|          0|
    |sext_ln429_reg_6615                          |   34|   0|   34|          0|
    |shl_ln437_2_reg_6668                         |   32|   0|   32|          0|
    |shl_ln437_3_reg_6652                         |    4|   0|    4|          0|
    |shl_ln437_5_reg_6673                         |   32|   0|   32|          0|
    |shl_ln437_6_reg_6690                         |    4|   0|    4|          0|
    |shl_ln437_8_reg_6695                         |   32|   0|   32|          0|
    |shl_ln437_reg_6636                           |    4|   0|    4|          0|
    |shl_ln443_2_reg_6746                         |   32|   0|   32|          0|
    |shl_ln443_3_reg_6751                         |    4|   0|    4|          0|
    |shl_ln443_5_reg_6756                         |   32|   0|   32|          0|
    |shl_ln443_reg_6741                           |    4|   0|    4|          0|
    |temp_out_buffer_read_reg_5867                |   64|   0|   64|          0|
    |tmp_11_reg_6235                              |    1|   0|    1|          0|
    |tmp_13_reg_6267                              |    1|   0|    1|          0|
    |tmp_15_reg_6299                              |    1|   0|    1|          0|
    |tmp_17_reg_6223                              |    1|   0|    1|          0|
    |tmp_19_reg_6364                              |    1|   0|    1|          0|
    |tmp_22_reg_6433                              |    1|   0|    1|          0|
    |tmp_23_reg_6437                              |    1|   0|    1|          0|
    |tmp_24_reg_6441                              |    1|   0|    1|          0|
    |tmp_25_reg_6445                              |    1|   0|    1|          0|
    |tmp_26_reg_6449                              |    1|   0|    1|          0|
    |tmp_27_reg_6453                              |    1|   0|    1|          0|
    |tmp_28_reg_6457                              |    1|   0|    1|          0|
    |tmp_29_reg_6461                              |    1|   0|    1|          0|
    |tmp_2_reg_5910                               |   24|   0|   24|          0|
    |tmp_30_reg_6465                              |    1|   0|    1|          0|
    |tmp_31_reg_6469                              |    1|   0|    1|          0|
    |tmp_32_reg_6473                              |    1|   0|    1|          0|
    |tmp_33_reg_6477                              |    1|   0|    1|          0|
    |tmp_34_reg_6481                              |    1|   0|    1|          0|
    |tmp_35_reg_6485                              |    1|   0|    1|          0|
    |tmp_36_reg_6489                              |    1|   0|    1|          0|
    |tmp_37_reg_6493                              |    1|   0|    1|          0|
    |tmp_38_reg_6497                              |    1|   0|    1|          0|
    |tmp_39_reg_6501                              |    1|   0|    1|          0|
    |tmp_3_reg_6078                               |    1|   0|    1|          0|
    |tmp_40_reg_6505                              |    1|   0|    1|          0|
    |tmp_41_reg_6509                              |    1|   0|    1|          0|
    |tmp_42_reg_6513                              |    1|   0|    1|          0|
    |tmp_43_reg_6517                              |    1|   0|    1|          0|
    |tmp_44_reg_6521                              |    1|   0|    1|          0|
    |tmp_45_reg_6525                              |    1|   0|    1|          0|
    |tmp_46_reg_6529                              |    1|   0|    1|          0|
    |tmp_47_reg_6533                              |    1|   0|    1|          0|
    |tmp_48_reg_6537                              |    1|   0|    1|          0|
    |tmp_49_reg_6541                              |    1|   0|    1|          0|
    |tmp_4_reg_6085                               |    1|   0|    1|          0|
    |tmp_50_reg_6545                              |    1|   0|    1|          0|
    |tmp_51_reg_6549                              |    1|   0|    1|          0|
    |tmp_52_reg_6553                              |    1|   0|    1|          0|
    |tmp_5_reg_6092                               |    1|   0|    1|          0|
    |tmp_6_reg_6099                               |    1|   0|    1|          0|
    |tmp_7_reg_6106                               |    1|   0|    1|          0|
    |tmp_9_reg_6191                               |    1|   0|    1|          0|
    |trunc_ln14_2_reg_6186                        |    9|   0|    9|          0|
    |trunc_ln15_17_reg_6063                       |   16|   0|   16|          0|
    |trunc_ln15_19_reg_6129                       |   16|   0|   16|          0|
    |trunc_ln15_21_reg_6155                       |   16|   0|   16|          0|
    |trunc_ln15_24_reg_6213                       |   16|   0|   16|          0|
    |trunc_ln15_26_reg_6257                       |   16|   0|   16|          0|
    |trunc_ln15_28_reg_6289                       |   16|   0|   16|          0|
    |trunc_ln15_30_reg_6321                       |   16|   0|   16|          0|
    |trunc_ln15_32_reg_6347                       |   16|   0|   16|          0|
    |trunc_ln15_34_reg_6386                       |   16|   0|   16|          0|
    |trunc_ln15_reg_6058                          |   22|   0|   22|          0|
    |trunc_ln16_13_reg_6160                       |    5|   0|    5|          0|
    |trunc_ln16_19_reg_6218                       |    5|   0|    5|          0|
    |trunc_ln16_23_reg_6262                       |    5|   0|    5|          0|
    |trunc_ln16_27_reg_6294                       |    5|   0|    5|          0|
    |trunc_ln16_2_reg_6068                        |   15|   0|   15|          0|
    |trunc_ln16_31_reg_6326                       |    5|   0|    5|          0|
    |trunc_ln16_37_reg_6352                       |    5|   0|    5|          0|
    |trunc_ln16_39_reg_6391                       |    5|   0|    5|          0|
    |trunc_ln16_4_reg_6073                        |    5|   0|    5|          0|
    |trunc_ln16_8_reg_6134                        |    5|   0|    5|          0|
    |trunc_ln427_1_reg_6576                       |    2|   0|    2|          0|
    |trunc_ln428_1_reg_6595                       |    2|   0|    2|          0|
    |trunc_ln435_reg_6663                         |    8|   0|    8|          0|
    |trunc_ln442_reg_6731                         |    4|   0|    4|          0|
    |trunc_ln456_reg_5905                         |    7|   0|    7|          0|
    |valid_reg_6401                               |    1|   0|    1|          0|
    |value_1_fu_480                               |   32|   0|   32|          0|
    |xor_ln14_10_reg_6273                         |   26|   0|   26|          0|
    |xor_ln14_12_reg_6305                         |   26|   0|   26|          0|
    |xor_ln14_14_reg_6331                         |   26|   0|   26|          0|
    |xor_ln14_16_reg_6370                         |   26|   0|   26|          0|
    |xor_ln14_1_reg_6113                          |   26|   0|   26|          0|
    |xor_ln14_3_reg_6139                          |   26|   0|   26|          0|
    |xor_ln14_6_reg_6197                          |   26|   0|   26|          0|
    |xor_ln14_8_reg_6241                          |   26|   0|   26|          0|
    |xor_ln15_10_reg_6284                         |   15|   0|   15|          0|
    |xor_ln15_12_reg_6316                         |   15|   0|   15|          0|
    |xor_ln15_14_reg_6342                         |   15|   0|   15|          0|
    |xor_ln15_16_reg_6381                         |   15|   0|   15|          0|
    |xor_ln15_1_reg_6124                          |   15|   0|   15|          0|
    |xor_ln15_3_reg_6150                          |   15|   0|   15|          0|
    |xor_ln15_6_reg_6208                          |   15|   0|   15|          0|
    |xor_ln15_8_reg_6252                          |   15|   0|   15|          0|
    |xor_ln437_reg_6601                           |    2|   0|    2|          0|
    |icmp_ln428_2_reg_6611                        |   64|  32|    1|          0|
    +---------------------------------------------+-----+----+-----+-----------+
    |Total                                        | 3299|  32| 3243|          7|
    +---------------------------------------------+-----+----+-----+-----------+



================================================================
== Interface
================================================================
* Summary: 
+-----------------------+-----+-----+---------------+-----------------+--------------+
|       RTL Ports       | Dir | Bits|    Protocol   |  Source Object  |    C Type    |
+-----------------------+-----+-----+---------------+-----------------+--------------+
|s_axi_control_AWVALID  |   in|    1|          s_axi|          control|        scalar|
|s_axi_control_AWREADY  |  out|    1|          s_axi|          control|        scalar|
|s_axi_control_AWADDR   |   in|    7|          s_axi|          control|        scalar|
|s_axi_control_WVALID   |   in|    1|          s_axi|          control|        scalar|
|s_axi_control_WREADY   |  out|    1|          s_axi|          control|        scalar|
|s_axi_control_WDATA    |   in|   32|          s_axi|          control|        scalar|
|s_axi_control_WSTRB    |   in|    4|          s_axi|          control|        scalar|
|s_axi_control_ARVALID  |   in|    1|          s_axi|          control|        scalar|
|s_axi_control_ARREADY  |  out|    1|          s_axi|          control|        scalar|
|s_axi_control_ARADDR   |   in|    7|          s_axi|          control|        scalar|
|s_axi_control_RVALID   |  out|    1|          s_axi|          control|        scalar|
|s_axi_control_RREADY   |   in|    1|          s_axi|          control|        scalar|
|s_axi_control_RDATA    |  out|   32|          s_axi|          control|        scalar|
|s_axi_control_RRESP    |  out|    2|          s_axi|          control|        scalar|
|s_axi_control_BVALID   |  out|    1|          s_axi|          control|        scalar|
|s_axi_control_BREADY   |   in|    1|          s_axi|          control|        scalar|
|s_axi_control_BRESP    |  out|    2|          s_axi|          control|        scalar|
|ap_clk                 |   in|    1|  ap_ctrl_chain|  lzw_compress_hw|  return value|
|ap_rst_n               |   in|    1|  ap_ctrl_chain|  lzw_compress_hw|  return value|
|interrupt              |  out|    1|  ap_ctrl_chain|  lzw_compress_hw|  return value|
|m_axi_gmem_AWVALID     |  out|    1|          m_axi|             gmem|       pointer|
|m_axi_gmem_AWREADY     |   in|    1|          m_axi|             gmem|       pointer|
|m_axi_gmem_AWADDR      |  out|   64|          m_axi|             gmem|       pointer|
|m_axi_gmem_AWID        |  out|    1|          m_axi|             gmem|       pointer|
|m_axi_gmem_AWLEN       |  out|    8|          m_axi|             gmem|       pointer|
|m_axi_gmem_AWSIZE      |  out|    3|          m_axi|             gmem|       pointer|
|m_axi_gmem_AWBURST     |  out|    2|          m_axi|             gmem|       pointer|
|m_axi_gmem_AWLOCK      |  out|    2|          m_axi|             gmem|       pointer|
|m_axi_gmem_AWCACHE     |  out|    4|          m_axi|             gmem|       pointer|
|m_axi_gmem_AWPROT      |  out|    3|          m_axi|             gmem|       pointer|
|m_axi_gmem_AWQOS       |  out|    4|          m_axi|             gmem|       pointer|
|m_axi_gmem_AWREGION    |  out|    4|          m_axi|             gmem|       pointer|
|m_axi_gmem_AWUSER      |  out|    1|          m_axi|             gmem|       pointer|
|m_axi_gmem_WVALID      |  out|    1|          m_axi|             gmem|       pointer|
|m_axi_gmem_WREADY      |   in|    1|          m_axi|             gmem|       pointer|
|m_axi_gmem_WDATA       |  out|   32|          m_axi|             gmem|       pointer|
|m_axi_gmem_WSTRB       |  out|    4|          m_axi|             gmem|       pointer|
|m_axi_gmem_WLAST       |  out|    1|          m_axi|             gmem|       pointer|
|m_axi_gmem_WID         |  out|    1|          m_axi|             gmem|       pointer|
|m_axi_gmem_WUSER       |  out|    1|          m_axi|             gmem|       pointer|
|m_axi_gmem_ARVALID     |  out|    1|          m_axi|             gmem|       pointer|
|m_axi_gmem_ARREADY     |   in|    1|          m_axi|             gmem|       pointer|
|m_axi_gmem_ARADDR      |  out|   64|          m_axi|             gmem|       pointer|
|m_axi_gmem_ARID        |  out|    1|          m_axi|             gmem|       pointer|
|m_axi_gmem_ARLEN       |  out|    8|          m_axi|             gmem|       pointer|
|m_axi_gmem_ARSIZE      |  out|    3|          m_axi|             gmem|       pointer|
|m_axi_gmem_ARBURST     |  out|    2|          m_axi|             gmem|       pointer|
|m_axi_gmem_ARLOCK      |  out|    2|          m_axi|             gmem|       pointer|
|m_axi_gmem_ARCACHE     |  out|    4|          m_axi|             gmem|       pointer|
|m_axi_gmem_ARPROT      |  out|    3|          m_axi|             gmem|       pointer|
|m_axi_gmem_ARQOS       |  out|    4|          m_axi|             gmem|       pointer|
|m_axi_gmem_ARREGION    |  out|    4|          m_axi|             gmem|       pointer|
|m_axi_gmem_ARUSER      |  out|    1|          m_axi|             gmem|       pointer|
|m_axi_gmem_RVALID      |   in|    1|          m_axi|             gmem|       pointer|
|m_axi_gmem_RREADY      |  out|    1|          m_axi|             gmem|       pointer|
|m_axi_gmem_RDATA       |   in|   32|          m_axi|             gmem|       pointer|
|m_axi_gmem_RLAST       |   in|    1|          m_axi|             gmem|       pointer|
|m_axi_gmem_RID         |   in|    1|          m_axi|             gmem|       pointer|
|m_axi_gmem_RUSER       |   in|    1|          m_axi|             gmem|       pointer|
|m_axi_gmem_RRESP       |   in|    2|          m_axi|             gmem|       pointer|
|m_axi_gmem_BVALID      |   in|    1|          m_axi|             gmem|       pointer|
|m_axi_gmem_BREADY      |  out|    1|          m_axi|             gmem|       pointer|
|m_axi_gmem_BRESP       |   in|    2|          m_axi|             gmem|       pointer|
|m_axi_gmem_BID         |   in|    1|          m_axi|             gmem|       pointer|
|m_axi_gmem_BUSER       |   in|    1|          m_axi|             gmem|       pointer|
|m_axi_gmem0_AWVALID    |  out|    1|          m_axi|            gmem0|       pointer|
|m_axi_gmem0_AWREADY    |   in|    1|          m_axi|            gmem0|       pointer|
|m_axi_gmem0_AWADDR     |  out|   64|          m_axi|            gmem0|       pointer|
|m_axi_gmem0_AWID       |  out|    1|          m_axi|            gmem0|       pointer|
|m_axi_gmem0_AWLEN      |  out|    8|          m_axi|            gmem0|       pointer|
|m_axi_gmem0_AWSIZE     |  out|    3|          m_axi|            gmem0|       pointer|
|m_axi_gmem0_AWBURST    |  out|    2|          m_axi|            gmem0|       pointer|
|m_axi_gmem0_AWLOCK     |  out|    2|          m_axi|            gmem0|       pointer|
|m_axi_gmem0_AWCACHE    |  out|    4|          m_axi|            gmem0|       pointer|
|m_axi_gmem0_AWPROT     |  out|    3|          m_axi|            gmem0|       pointer|
|m_axi_gmem0_AWQOS      |  out|    4|          m_axi|            gmem0|       pointer|
|m_axi_gmem0_AWREGION   |  out|    4|          m_axi|            gmem0|       pointer|
|m_axi_gmem0_AWUSER     |  out|    1|          m_axi|            gmem0|       pointer|
|m_axi_gmem0_WVALID     |  out|    1|          m_axi|            gmem0|       pointer|
|m_axi_gmem0_WREADY     |   in|    1|          m_axi|            gmem0|       pointer|
|m_axi_gmem0_WDATA      |  out|   32|          m_axi|            gmem0|       pointer|
|m_axi_gmem0_WSTRB      |  out|    4|          m_axi|            gmem0|       pointer|
|m_axi_gmem0_WLAST      |  out|    1|          m_axi|            gmem0|       pointer|
|m_axi_gmem0_WID        |  out|    1|          m_axi|            gmem0|       pointer|
|m_axi_gmem0_WUSER      |  out|    1|          m_axi|            gmem0|       pointer|
|m_axi_gmem0_ARVALID    |  out|    1|          m_axi|            gmem0|       pointer|
|m_axi_gmem0_ARREADY    |   in|    1|          m_axi|            gmem0|       pointer|
|m_axi_gmem0_ARADDR     |  out|   64|          m_axi|            gmem0|       pointer|
|m_axi_gmem0_ARID       |  out|    1|          m_axi|            gmem0|       pointer|
|m_axi_gmem0_ARLEN      |  out|    8|          m_axi|            gmem0|       pointer|
|m_axi_gmem0_ARSIZE     |  out|    3|          m_axi|            gmem0|       pointer|
|m_axi_gmem0_ARBURST    |  out|    2|          m_axi|            gmem0|       pointer|
|m_axi_gmem0_ARLOCK     |  out|    2|          m_axi|            gmem0|       pointer|
|m_axi_gmem0_ARCACHE    |  out|    4|          m_axi|            gmem0|       pointer|
|m_axi_gmem0_ARPROT     |  out|    3|          m_axi|            gmem0|       pointer|
|m_axi_gmem0_ARQOS      |  out|    4|          m_axi|            gmem0|       pointer|
|m_axi_gmem0_ARREGION   |  out|    4|          m_axi|            gmem0|       pointer|
|m_axi_gmem0_ARUSER     |  out|    1|          m_axi|            gmem0|       pointer|
|m_axi_gmem0_RVALID     |   in|    1|          m_axi|            gmem0|       pointer|
|m_axi_gmem0_RREADY     |  out|    1|          m_axi|            gmem0|       pointer|
|m_axi_gmem0_RDATA      |   in|   32|          m_axi|            gmem0|       pointer|
|m_axi_gmem0_RLAST      |   in|    1|          m_axi|            gmem0|       pointer|
|m_axi_gmem0_RID        |   in|    1|          m_axi|            gmem0|       pointer|
|m_axi_gmem0_RUSER      |   in|    1|          m_axi|            gmem0|       pointer|
|m_axi_gmem0_RRESP      |   in|    2|          m_axi|            gmem0|       pointer|
|m_axi_gmem0_BVALID     |   in|    1|          m_axi|            gmem0|       pointer|
|m_axi_gmem0_BREADY     |  out|    1|          m_axi|            gmem0|       pointer|
|m_axi_gmem0_BRESP      |   in|    2|          m_axi|            gmem0|       pointer|
|m_axi_gmem0_BID        |   in|    1|          m_axi|            gmem0|       pointer|
|m_axi_gmem0_BUSER      |   in|    1|          m_axi|            gmem0|       pointer|
|m_axi_gmem1_AWVALID    |  out|    1|          m_axi|            gmem1|       pointer|
|m_axi_gmem1_AWREADY    |   in|    1|          m_axi|            gmem1|       pointer|
|m_axi_gmem1_AWADDR     |  out|   64|          m_axi|            gmem1|       pointer|
|m_axi_gmem1_AWID       |  out|    1|          m_axi|            gmem1|       pointer|
|m_axi_gmem1_AWLEN      |  out|    8|          m_axi|            gmem1|       pointer|
|m_axi_gmem1_AWSIZE     |  out|    3|          m_axi|            gmem1|       pointer|
|m_axi_gmem1_AWBURST    |  out|    2|          m_axi|            gmem1|       pointer|
|m_axi_gmem1_AWLOCK     |  out|    2|          m_axi|            gmem1|       pointer|
|m_axi_gmem1_AWCACHE    |  out|    4|          m_axi|            gmem1|       pointer|
|m_axi_gmem1_AWPROT     |  out|    3|          m_axi|            gmem1|       pointer|
|m_axi_gmem1_AWQOS      |  out|    4|          m_axi|            gmem1|       pointer|
|m_axi_gmem1_AWREGION   |  out|    4|          m_axi|            gmem1|       pointer|
|m_axi_gmem1_AWUSER     |  out|    1|          m_axi|            gmem1|       pointer|
|m_axi_gmem1_WVALID     |  out|    1|          m_axi|            gmem1|       pointer|
|m_axi_gmem1_WREADY     |   in|    1|          m_axi|            gmem1|       pointer|
|m_axi_gmem1_WDATA      |  out|   32|          m_axi|            gmem1|       pointer|
|m_axi_gmem1_WSTRB      |  out|    4|          m_axi|            gmem1|       pointer|
|m_axi_gmem1_WLAST      |  out|    1|          m_axi|            gmem1|       pointer|
|m_axi_gmem1_WID        |  out|    1|          m_axi|            gmem1|       pointer|
|m_axi_gmem1_WUSER      |  out|    1|          m_axi|            gmem1|       pointer|
|m_axi_gmem1_ARVALID    |  out|    1|          m_axi|            gmem1|       pointer|
|m_axi_gmem1_ARREADY    |   in|    1|          m_axi|            gmem1|       pointer|
|m_axi_gmem1_ARADDR     |  out|   64|          m_axi|            gmem1|       pointer|
|m_axi_gmem1_ARID       |  out|    1|          m_axi|            gmem1|       pointer|
|m_axi_gmem1_ARLEN      |  out|    8|          m_axi|            gmem1|       pointer|
|m_axi_gmem1_ARSIZE     |  out|    3|          m_axi|            gmem1|       pointer|
|m_axi_gmem1_ARBURST    |  out|    2|          m_axi|            gmem1|       pointer|
|m_axi_gmem1_ARLOCK     |  out|    2|          m_axi|            gmem1|       pointer|
|m_axi_gmem1_ARCACHE    |  out|    4|          m_axi|            gmem1|       pointer|
|m_axi_gmem1_ARPROT     |  out|    3|          m_axi|            gmem1|       pointer|
|m_axi_gmem1_ARQOS      |  out|    4|          m_axi|            gmem1|       pointer|
|m_axi_gmem1_ARREGION   |  out|    4|          m_axi|            gmem1|       pointer|
|m_axi_gmem1_ARUSER     |  out|    1|          m_axi|            gmem1|       pointer|
|m_axi_gmem1_RVALID     |   in|    1|          m_axi|            gmem1|       pointer|
|m_axi_gmem1_RREADY     |  out|    1|          m_axi|            gmem1|       pointer|
|m_axi_gmem1_RDATA      |   in|   32|          m_axi|            gmem1|       pointer|
|m_axi_gmem1_RLAST      |   in|    1|          m_axi|            gmem1|       pointer|
|m_axi_gmem1_RID        |   in|    1|          m_axi|            gmem1|       pointer|
|m_axi_gmem1_RUSER      |   in|    1|          m_axi|            gmem1|       pointer|
|m_axi_gmem1_RRESP      |   in|    2|          m_axi|            gmem1|       pointer|
|m_axi_gmem1_BVALID     |   in|    1|          m_axi|            gmem1|       pointer|
|m_axi_gmem1_BREADY     |  out|    1|          m_axi|            gmem1|       pointer|
|m_axi_gmem1_BRESP      |   in|    2|          m_axi|            gmem1|       pointer|
|m_axi_gmem1_BID        |   in|    1|          m_axi|            gmem1|       pointer|
|m_axi_gmem1_BUSER      |   in|    1|          m_axi|            gmem1|       pointer|
|m_axi_gmem2_AWVALID    |  out|    1|          m_axi|            gmem2|       pointer|
|m_axi_gmem2_AWREADY    |   in|    1|          m_axi|            gmem2|       pointer|
|m_axi_gmem2_AWADDR     |  out|   64|          m_axi|            gmem2|       pointer|
|m_axi_gmem2_AWID       |  out|    1|          m_axi|            gmem2|       pointer|
|m_axi_gmem2_AWLEN      |  out|    8|          m_axi|            gmem2|       pointer|
|m_axi_gmem2_AWSIZE     |  out|    3|          m_axi|            gmem2|       pointer|
|m_axi_gmem2_AWBURST    |  out|    2|          m_axi|            gmem2|       pointer|
|m_axi_gmem2_AWLOCK     |  out|    2|          m_axi|            gmem2|       pointer|
|m_axi_gmem2_AWCACHE    |  out|    4|          m_axi|            gmem2|       pointer|
|m_axi_gmem2_AWPROT     |  out|    3|          m_axi|            gmem2|       pointer|
|m_axi_gmem2_AWQOS      |  out|    4|          m_axi|            gmem2|       pointer|
|m_axi_gmem2_AWREGION   |  out|    4|          m_axi|            gmem2|       pointer|
|m_axi_gmem2_AWUSER     |  out|    1|          m_axi|            gmem2|       pointer|
|m_axi_gmem2_WVALID     |  out|    1|          m_axi|            gmem2|       pointer|
|m_axi_gmem2_WREADY     |   in|    1|          m_axi|            gmem2|       pointer|
|m_axi_gmem2_WDATA      |  out|   32|          m_axi|            gmem2|       pointer|
|m_axi_gmem2_WSTRB      |  out|    4|          m_axi|            gmem2|       pointer|
|m_axi_gmem2_WLAST      |  out|    1|          m_axi|            gmem2|       pointer|
|m_axi_gmem2_WID        |  out|    1|          m_axi|            gmem2|       pointer|
|m_axi_gmem2_WUSER      |  out|    1|          m_axi|            gmem2|       pointer|
|m_axi_gmem2_ARVALID    |  out|    1|          m_axi|            gmem2|       pointer|
|m_axi_gmem2_ARREADY    |   in|    1|          m_axi|            gmem2|       pointer|
|m_axi_gmem2_ARADDR     |  out|   64|          m_axi|            gmem2|       pointer|
|m_axi_gmem2_ARID       |  out|    1|          m_axi|            gmem2|       pointer|
|m_axi_gmem2_ARLEN      |  out|    8|          m_axi|            gmem2|       pointer|
|m_axi_gmem2_ARSIZE     |  out|    3|          m_axi|            gmem2|       pointer|
|m_axi_gmem2_ARBURST    |  out|    2|          m_axi|            gmem2|       pointer|
|m_axi_gmem2_ARLOCK     |  out|    2|          m_axi|            gmem2|       pointer|
|m_axi_gmem2_ARCACHE    |  out|    4|          m_axi|            gmem2|       pointer|
|m_axi_gmem2_ARPROT     |  out|    3|          m_axi|            gmem2|       pointer|
|m_axi_gmem2_ARQOS      |  out|    4|          m_axi|            gmem2|       pointer|
|m_axi_gmem2_ARREGION   |  out|    4|          m_axi|            gmem2|       pointer|
|m_axi_gmem2_ARUSER     |  out|    1|          m_axi|            gmem2|       pointer|
|m_axi_gmem2_RVALID     |   in|    1|          m_axi|            gmem2|       pointer|
|m_axi_gmem2_RREADY     |  out|    1|          m_axi|            gmem2|       pointer|
|m_axi_gmem2_RDATA      |   in|   32|          m_axi|            gmem2|       pointer|
|m_axi_gmem2_RLAST      |   in|    1|          m_axi|            gmem2|       pointer|
|m_axi_gmem2_RID        |   in|    1|          m_axi|            gmem2|       pointer|
|m_axi_gmem2_RUSER      |   in|    1|          m_axi|            gmem2|       pointer|
|m_axi_gmem2_RRESP      |   in|    2|          m_axi|            gmem2|       pointer|
|m_axi_gmem2_BVALID     |   in|    1|          m_axi|            gmem2|       pointer|
|m_axi_gmem2_BREADY     |  out|    1|          m_axi|            gmem2|       pointer|
|m_axi_gmem2_BRESP      |   in|    2|          m_axi|            gmem2|       pointer|
|m_axi_gmem2_BID        |   in|    1|          m_axi|            gmem2|       pointer|
|m_axi_gmem2_BUSER      |   in|    1|          m_axi|            gmem2|       pointer|
|m_axi_gmem3_AWVALID    |  out|    1|          m_axi|            gmem3|       pointer|
|m_axi_gmem3_AWREADY    |   in|    1|          m_axi|            gmem3|       pointer|
|m_axi_gmem3_AWADDR     |  out|   64|          m_axi|            gmem3|       pointer|
|m_axi_gmem3_AWID       |  out|    1|          m_axi|            gmem3|       pointer|
|m_axi_gmem3_AWLEN      |  out|    8|          m_axi|            gmem3|       pointer|
|m_axi_gmem3_AWSIZE     |  out|    3|          m_axi|            gmem3|       pointer|
|m_axi_gmem3_AWBURST    |  out|    2|          m_axi|            gmem3|       pointer|
|m_axi_gmem3_AWLOCK     |  out|    2|          m_axi|            gmem3|       pointer|
|m_axi_gmem3_AWCACHE    |  out|    4|          m_axi|            gmem3|       pointer|
|m_axi_gmem3_AWPROT     |  out|    3|          m_axi|            gmem3|       pointer|
|m_axi_gmem3_AWQOS      |  out|    4|          m_axi|            gmem3|       pointer|
|m_axi_gmem3_AWREGION   |  out|    4|          m_axi|            gmem3|       pointer|
|m_axi_gmem3_AWUSER     |  out|    1|          m_axi|            gmem3|       pointer|
|m_axi_gmem3_WVALID     |  out|    1|          m_axi|            gmem3|       pointer|
|m_axi_gmem3_WREADY     |   in|    1|          m_axi|            gmem3|       pointer|
|m_axi_gmem3_WDATA      |  out|   32|          m_axi|            gmem3|       pointer|
|m_axi_gmem3_WSTRB      |  out|    4|          m_axi|            gmem3|       pointer|
|m_axi_gmem3_WLAST      |  out|    1|          m_axi|            gmem3|       pointer|
|m_axi_gmem3_WID        |  out|    1|          m_axi|            gmem3|       pointer|
|m_axi_gmem3_WUSER      |  out|    1|          m_axi|            gmem3|       pointer|
|m_axi_gmem3_ARVALID    |  out|    1|          m_axi|            gmem3|       pointer|
|m_axi_gmem3_ARREADY    |   in|    1|          m_axi|            gmem3|       pointer|
|m_axi_gmem3_ARADDR     |  out|   64|          m_axi|            gmem3|       pointer|
|m_axi_gmem3_ARID       |  out|    1|          m_axi|            gmem3|       pointer|
|m_axi_gmem3_ARLEN      |  out|    8|          m_axi|            gmem3|       pointer|
|m_axi_gmem3_ARSIZE     |  out|    3|          m_axi|            gmem3|       pointer|
|m_axi_gmem3_ARBURST    |  out|    2|          m_axi|            gmem3|       pointer|
|m_axi_gmem3_ARLOCK     |  out|    2|          m_axi|            gmem3|       pointer|
|m_axi_gmem3_ARCACHE    |  out|    4|          m_axi|            gmem3|       pointer|
|m_axi_gmem3_ARPROT     |  out|    3|          m_axi|            gmem3|       pointer|
|m_axi_gmem3_ARQOS      |  out|    4|          m_axi|            gmem3|       pointer|
|m_axi_gmem3_ARREGION   |  out|    4|          m_axi|            gmem3|       pointer|
|m_axi_gmem3_ARUSER     |  out|    1|          m_axi|            gmem3|       pointer|
|m_axi_gmem3_RVALID     |   in|    1|          m_axi|            gmem3|       pointer|
|m_axi_gmem3_RREADY     |  out|    1|          m_axi|            gmem3|       pointer|
|m_axi_gmem3_RDATA      |   in|   32|          m_axi|            gmem3|       pointer|
|m_axi_gmem3_RLAST      |   in|    1|          m_axi|            gmem3|       pointer|
|m_axi_gmem3_RID        |   in|    1|          m_axi|            gmem3|       pointer|
|m_axi_gmem3_RUSER      |   in|    1|          m_axi|            gmem3|       pointer|
|m_axi_gmem3_RRESP      |   in|    2|          m_axi|            gmem3|       pointer|
|m_axi_gmem3_BVALID     |   in|    1|          m_axi|            gmem3|       pointer|
|m_axi_gmem3_BREADY     |  out|    1|          m_axi|            gmem3|       pointer|
|m_axi_gmem3_BRESP      |   in|    2|          m_axi|            gmem3|       pointer|
|m_axi_gmem3_BID        |   in|    1|          m_axi|            gmem3|       pointer|
|m_axi_gmem3_BUSER      |   in|    1|          m_axi|            gmem3|       pointer|
+-----------------------+-----+-----+---------------+-----------------+--------------+

