

================================================================
== Vitis HLS Report for 'lzw_compress'
================================================================
* Date:           Mon Dec  9 07:13:30 2024

* Version:        2020.2 (Build 3064766 on Wed Nov 18 09:12:47 MST 2020)
* Project:        final
* Solution:       solution1 (Vitis Kernel Flow Target)
* Product family: zynquplus
* Target device:  xczu3eg-sbva484-1-i


================================================================
== Performance Estimates
================================================================
+ Timing: 
    * Summary: 
    +--------+---------+----------+------------+
    |  Clock |  Target | Estimated| Uncertainty|
    +--------+---------+----------+------------+
    |ap_clk  |  6.67 ns|  4.867 ns|     1.80 ns|
    +--------+---------+----------+------------+

+ Latency: 
    * Summary: 
    +---------+---------+----------+----------+-----+-----+---------+
    |  Latency (cycles) |  Latency (absolute) |  Interval | Pipeline|
    |   min   |   max   |    min   |    max   | min | max |   Type  |
    +---------+---------+----------+----------+-----+-----+---------+
    |        ?|        ?|         ?|         ?|    ?|    ?|     none|
    +---------+---------+----------+----------+-----+-----+---------+

    + Detail: 
        * Instance: 
        N/A

        * Loop: 
        +--------------------+---------+---------+----------+-----------+-----------+-------+----------+
        |                    |  Latency (cycles) | Iteration|  Initiation Interval  |  Trip |          |
        |      Loop Name     |   min   |   max   |  Latency |  achieved |   target  | Count | Pipelined|
        +--------------------+---------+---------+----------+-----------+-----------+-------+----------+
        |- VITIS_LOOP_176_1  |    32768|    32768|         1|          1|          1|  32768|       yes|
        |- VITIS_LOOP_181_2  |      512|      512|         1|          1|          1|    512|       yes|
        |- VITIS_LOOP_195_3  |        ?|        ?|       155|         85|          1|      ?|       yes|
        +--------------------+---------+---------+----------+-----------+-----------+-------+----------+



================================================================
== Utilization Estimates
================================================================
* Summary: 
+-----------------+---------+-----+--------+-------+-----+
|       Name      | BRAM_18K| DSP |   FF   |  LUT  | URAM|
+-----------------+---------+-----+--------+-------+-----+
|DSP              |        -|    -|       -|      -|    -|
|Expression       |        -|    -|       0|   6544|    -|
|FIFO             |        -|    -|       -|      -|    -|
|Instance         |        2|    -|     828|   1132|    -|
|Memory           |       66|    -|      24|     12|    -|
|Multiplexer      |        -|    -|       -|   1792|    -|
|Register         |        -|    -|    2235|      -|    -|
+-----------------+---------+-----+--------+-------+-----+
|Total            |       68|    0|    3087|   9480|    0|
+-----------------+---------+-----+--------+-------+-----+
|Available        |      432|  360|  141120|  70560|    0|
+-----------------+---------+-----+--------+-------+-----+
|Utilization (%)  |       15|    0|       2|     13|    0|
+-----------------+---------+-----+--------+-------+-----+

+ Detail: 
    * Instance: 
    +-----------------+---------------+---------+----+-----+-----+-----+
    |     Instance    |     Module    | BRAM_18K| DSP|  FF | LUT | URAM|
    +-----------------+---------------+---------+----+-----+-----+-----+
    |control_s_axi_U  |control_s_axi  |        0|   0|  316|  552|    0|
    |gmem_m_axi_U     |gmem_m_axi     |        2|   0|  512|  580|    0|
    +-----------------+---------------+---------+----+-----+-----+-----+
    |Total            |               |        2|   0|  828| 1132|    0|
    +-----------------+---------------+---------+----+-----+-----+-----+

    * DSP: 
    N/A

    * Memory: 
    +-------------------------------+----------------------------+---------+----+----+-----+-------+-----+------+-------------+
    |             Memory            |           Module           | BRAM_18K| FF | LUT| URAM| Words | Bits| Banks| W*Bits*Banks|
    +-------------------------------+----------------------------+---------+----+----+-----+-------+-----+------+-------------+
    |hash_table_U                   |hash_table                  |       60|   0|   0|    0|  32768|   33|     1|      1081344|
    |my_assoc_mem_upper_key_mem_U   |my_assoc_mem_upper_key_mem  |        2|   0|   0|    0|    512|   64|     1|        32768|
    |my_assoc_mem_middle_key_mem_U  |my_assoc_mem_upper_key_mem  |        2|   0|   0|    0|    512|   64|     1|        32768|
    |my_assoc_mem_lower_key_mem_U   |my_assoc_mem_upper_key_mem  |        2|   0|   0|    0|    512|   64|     1|        32768|
    |my_assoc_mem_value_U           |my_assoc_mem_value          |        0|  24|  12|    0|     64|   12|     1|          768|
    +-------------------------------+----------------------------+---------+----+----+-----+-------+-----+------+-------------+
    |Total                          |                            |       66|  24|  12|    0|  34368|  237|     5|      1180416|
    +-------------------------------+----------------------------+---------+----+----+-----+-------+-----+------+-------------+

    * FIFO: 
    N/A

    * Expression: 
    +----------------------------------------+----------+----+---+-----+------------+------------+
    |              Variable Name             | Operation| DSP| FF| LUT | Bitwidth P0| Bitwidth P1|
    +----------------------------------------+----------+----+---+-----+------------+------------+
    |add_ln10_fu_3545_p2                     |         +|   0|  0|   22|          15|          15|
    |add_ln14_10_fu_2290_p2                  |         +|   0|  0|   39|          32|          32|
    |add_ln14_11_fu_2450_p2                  |         +|   0|  0|   39|          32|          32|
    |add_ln14_12_fu_2574_p2                  |         +|   0|  0|   39|          32|          32|
    |add_ln14_13_fu_2740_p2                  |         +|   0|  0|   39|          32|          32|
    |add_ln14_14_fu_2864_p2                  |         +|   0|  0|   39|          32|          32|
    |add_ln14_15_fu_3009_p2                  |         +|   0|  0|   39|          32|          32|
    |add_ln14_16_fu_3124_p2                  |         +|   0|  0|   39|          32|          32|
    |add_ln14_17_fu_3290_p2                  |         +|   0|  0|   39|          32|          32|
    |add_ln14_18_fu_3414_p2                  |         +|   0|  0|   39|          32|          32|
    |add_ln14_19_fu_1213_p2                  |         +|   0|  0|   22|          15|          15|
    |add_ln14_1_fu_1089_p2                   |         +|   0|  0|   30|          23|          23|
    |add_ln14_20_fu_1329_p2                  |         +|   0|  0|   16|          15|          15|
    |add_ln14_21_fu_1440_p2                  |         +|   0|  0|   16|          15|          15|
    |add_ln14_22_fu_1557_p2                  |         +|   0|  0|   16|          15|          15|
    |add_ln14_23_fu_1668_p2                  |         +|   0|  0|   16|          15|          15|
    |add_ln14_24_fu_1750_p2                  |         +|   0|  0|   16|          15|          15|
    |add_ln14_25_fu_1970_p2                  |         +|   0|  0|   16|          15|          15|
    |add_ln14_26_fu_2140_p2                  |         +|   0|  0|   16|          15|          15|
    |add_ln14_27_fu_2268_p2                  |         +|   0|  0|   16|          15|          15|
    |add_ln14_28_fu_2424_p2                  |         +|   0|  0|   16|          15|          15|
    |add_ln14_29_fu_2552_p2                  |         +|   0|  0|   16|          15|          15|
    |add_ln14_2_fu_1237_p2                   |         +|   0|  0|   39|          32|          32|
    |add_ln14_30_fu_2714_p2                  |         +|   0|  0|   16|          15|          15|
    |add_ln14_31_fu_2842_p2                  |         +|   0|  0|   16|          15|          15|
    |add_ln14_32_fu_2983_p2                  |         +|   0|  0|   16|          15|          15|
    |add_ln14_33_fu_3102_p2                  |         +|   0|  0|   16|          15|          15|
    |add_ln14_34_fu_3264_p2                  |         +|   0|  0|   16|          15|          15|
    |add_ln14_35_fu_3392_p2                  |         +|   0|  0|   16|          15|          15|
    |add_ln14_3_fu_1351_p2                   |         +|   0|  0|   39|          32|          32|
    |add_ln14_4_fu_1465_p2                   |         +|   0|  0|   39|          32|          32|
    |add_ln14_5_fu_1579_p2                   |         +|   0|  0|   39|          32|          32|
    |add_ln14_6_fu_1693_p2                   |         +|   0|  0|   39|          32|          32|
    |add_ln14_7_fu_1859_p2                   |         +|   0|  0|   39|          32|          32|
    |add_ln14_8_fu_1992_p2                   |         +|   0|  0|   39|          32|          32|
    |add_ln14_9_fu_2166_p2                   |         +|   0|  0|   39|          32|          32|
    |add_ln14_fu_1029_p2                     |         +|   0|  0|   19|          12|          12|
    |add_ln157_1_fu_2899_p2                  |         +|   0|  0|   24|          17|          17|
    |add_ln157_2_fu_2624_p2                  |         +|   0|  0|   23|          16|          16|
    |add_ln157_3_fu_2630_p2                  |         +|   0|  0|   22|          15|          15|
    |add_ln157_4_fu_2334_p2                  |         +|   0|  0|   21|          14|          14|
    |add_ln157_5_fu_2340_p2                  |         +|   0|  0|   20|          13|          13|
    |add_ln157_6_fu_2050_p2                  |         +|   0|  0|   19|          12|          12|
    |add_ln157_7_fu_2056_p2                  |         +|   0|  0|   18|          11|          11|
    |add_ln157_8_fu_1786_p2                  |         +|   0|  0|   25|          18|          18|
    |add_ln157_9_fu_1792_p2                  |         +|   0|  0|   16|           9|           9|
    |add_ln157_fu_3180_p2                    |         +|   0|  0|   26|          19|          19|
    |add_ln15_10_fu_2369_p2                  |         +|   0|  0|   39|          32|          32|
    |add_ln15_11_fu_2490_p2                  |         +|   0|  0|   39|          32|          32|
    |add_ln15_12_fu_2659_p2                  |         +|   0|  0|   39|          32|          32|
    |add_ln15_13_fu_2780_p2                  |         +|   0|  0|   39|          32|          32|
    |add_ln15_14_fu_2928_p2                  |         +|   0|  0|   39|          32|          32|
    |add_ln15_15_fu_3049_p2                  |         +|   0|  0|   39|          32|          32|
    |add_ln15_16_fu_3209_p2                  |         +|   0|  0|   39|          32|          32|
    |add_ln15_17_fu_3330_p2                  |         +|   0|  0|   39|          32|          32|
    |add_ln15_18_fu_3460_p2                  |         +|   0|  0|   39|          32|          32|
    |add_ln15_19_fu_1258_p2                  |         +|   0|  0|   16|          26|          26|
    |add_ln15_1_fu_1171_p2                   |         +|   0|  0|   39|          32|          32|
    |add_ln15_20_fu_1382_p2                  |         +|   0|  0|   16|          26|          26|
    |add_ln15_21_fu_1486_p2                  |         +|   0|  0|   16|          26|          26|
    |add_ln15_22_fu_1610_p2                  |         +|   0|  0|   16|          26|          26|
    |add_ln15_23_fu_1708_p2                  |         +|   0|  0|   16|          26|          26|
    |add_ln15_24_fu_1880_p2                  |         +|   0|  0|   16|          26|          26|
    |add_ln15_25_fu_2073_p2                  |         +|   0|  0|   16|          26|          26|
    |add_ln15_26_fu_2188_p2                  |         +|   0|  0|   16|          26|          26|
    |add_ln15_27_fu_2357_p2                  |         +|   0|  0|   16|          26|          26|
    |add_ln15_28_fu_2472_p2                  |         +|   0|  0|   16|          26|          26|
    |add_ln15_29_fu_2647_p2                  |         +|   0|  0|   16|          26|          26|
    |add_ln15_2_fu_1276_p2                   |         +|   0|  0|   39|          32|          32|
    |add_ln15_30_fu_2762_p2                  |         +|   0|  0|   16|          26|          26|
    |add_ln15_31_fu_2916_p2                  |         +|   0|  0|   16|          26|          26|
    |add_ln15_32_fu_3031_p2                  |         +|   0|  0|   16|          26|          26|
    |add_ln15_33_fu_3197_p2                  |         +|   0|  0|   16|          26|          26|
    |add_ln15_34_fu_3312_p2                  |         +|   0|  0|   16|          26|          26|
    |add_ln15_35_fu_3448_p2                  |         +|   0|  0|   16|          26|          26|
    |add_ln15_3_fu_1394_p2                   |         +|   0|  0|   39|          32|          32|
    |add_ln15_4_fu_1504_p2                   |         +|   0|  0|   39|          32|          32|
    |add_ln15_5_fu_1622_p2                   |         +|   0|  0|   39|          32|          32|
    |add_ln15_6_fu_1803_p2                   |         +|   0|  0|   39|          32|          32|
    |add_ln15_7_fu_1898_p2                   |         +|   0|  0|   39|          32|          32|
    |add_ln15_8_fu_2085_p2                   |         +|   0|  0|   39|          32|          32|
    |add_ln15_9_fu_2206_p2                   |         +|   0|  0|   39|          32|          32|
    |add_ln15_fu_1047_p2                     |         +|   0|  0|   29|          22|          22|
    |add_ln16_10_fu_1744_p2                  |         +|   0|  0|   16|          26|          26|
    |add_ln16_11_fu_1918_p2                  |         +|   0|  0|   16|          15|          15|
    |add_ln16_12_fu_1936_p2                  |         +|   0|  0|   16|          26|          26|
    |add_ln16_13_fu_2104_p2                  |         +|   0|  0|   16|          15|          15|
    |add_ln16_14_fu_2116_p2                  |         +|   0|  0|   16|          26|          26|
    |add_ln16_15_fu_2226_p2                  |         +|   0|  0|   16|          15|          15|
    |add_ln16_16_fu_2244_p2                  |         +|   0|  0|   16|          26|          26|
    |add_ln16_17_fu_2388_p2                  |         +|   0|  0|   16|          15|          15|
    |add_ln16_18_fu_2400_p2                  |         +|   0|  0|   16|          26|          26|
    |add_ln16_19_fu_2510_p2                  |         +|   0|  0|   16|          15|          15|
    |add_ln16_1_fu_1296_p2                   |         +|   0|  0|   16|          15|          15|
    |add_ln16_20_fu_2528_p2                  |         +|   0|  0|   16|          26|          26|
    |add_ln16_21_fu_2678_p2                  |         +|   0|  0|   16|          15|          15|
    |add_ln16_22_fu_2690_p2                  |         +|   0|  0|   16|          26|          26|
    |add_ln16_23_fu_2800_p2                  |         +|   0|  0|   16|          15|          15|
    |add_ln16_24_fu_2818_p2                  |         +|   0|  0|   16|          26|          26|
    |add_ln16_25_fu_2947_p2                  |         +|   0|  0|   16|          15|          15|
    |add_ln16_26_fu_2959_p2                  |         +|   0|  0|   16|          26|          26|
    |add_ln16_27_fu_3069_p2                  |         +|   0|  0|   16|          15|          15|
    |add_ln16_28_fu_3087_p2                  |         +|   0|  0|   16|          26|          26|
    |add_ln16_29_fu_3228_p2                  |         +|   0|  0|   16|          15|          15|
    |add_ln16_2_fu_1314_p2                   |         +|   0|  0|   16|          26|          26|
    |add_ln16_30_fu_3240_p2                  |         +|   0|  0|   16|          26|          26|
    |add_ln16_31_fu_3350_p2                  |         +|   0|  0|   16|          15|          15|
    |add_ln16_32_fu_3368_p2                  |         +|   0|  0|   16|          26|          26|
    |add_ln16_33_fu_3465_p2                  |         +|   0|  0|   16|          15|          15|
    |add_ln16_34_fu_3477_p2                  |         +|   0|  0|   16|          26|          26|
    |add_ln16_35_fu_3493_p2                  |         +|   0|  0|   16|          15|          15|
    |add_ln16_3_fu_1413_p2                   |         +|   0|  0|   16|          15|          15|
    |add_ln16_4_fu_1425_p2                   |         +|   0|  0|   16|          26|          26|
    |add_ln16_5_fu_1524_p2                   |         +|   0|  0|   16|          15|          15|
    |add_ln16_6_fu_1542_p2                   |         +|   0|  0|   16|          26|          26|
    |add_ln16_7_fu_1641_p2                   |         +|   0|  0|   16|          15|          15|
    |add_ln16_8_fu_1653_p2                   |         +|   0|  0|   16|          26|          26|
    |add_ln16_9_fu_1726_p2                   |         +|   0|  0|   16|          15|          15|
    |add_ln16_fu_1198_p2                     |         +|   0|  0|   33|          26|          26|
    |add_ln176_fu_808_p2                     |         +|   0|  0|   23|          16|           1|
    |add_ln181_fu_825_p2                     |         +|   0|  0|   17|          10|           1|
    |add_ln197_1_fu_945_p2                   |         +|   0|  0|   71|          64|          64|
    |add_ln197_2_fu_901_p2                   |         +|   0|  0|    9|           2|           1|
    |add_ln197_3_fu_970_p2                   |         +|   0|  0|    9|           2|           2|
    |add_ln197_fu_931_p2                     |         +|   0|  0|   38|          31|           1|
    |add_ln203_1_fu_4689_p2                  |         +|   0|  0|    9|           2|           2|
    |add_ln203_fu_4684_p2                    |         +|   0|  0|   71|          64|          64|
    |add_ln218_2_fu_4820_p2                  |         +|   0|  0|    9|           2|           2|
    |add_ln218_fu_4815_p2                    |         +|   0|  0|   71|          64|          64|
    |grp_fu_798_p2                           |         +|   0|  0|   39|          32|           1|
    |hashed_fu_3539_p2                       |         +|   0|  0|   33|          26|          26|
    |key_fu_3174_p2                          |         +|   0|  0|   27|          20|          20|
    |my_assoc_mem_fill_1_fu_4758_p2          |         +|   0|  0|   39|          32|           1|
    |next_code_fu_4772_p2                    |         +|   0|  0|   39|          32|           1|
    |and_ln124_10_fu_4006_p2                 |       and|   0|  0|   10|          10|          10|
    |and_ln124_11_fu_4016_p2                 |       and|   0|  0|   11|          11|          11|
    |and_ln124_12_fu_4026_p2                 |       and|   0|  0|   12|          12|          12|
    |and_ln124_13_fu_4036_p2                 |       and|   0|  0|   13|          13|          13|
    |and_ln124_14_fu_4046_p2                 |       and|   0|  0|   14|          14|          14|
    |and_ln124_15_fu_4056_p2                 |       and|   0|  0|   15|          15|          15|
    |and_ln124_16_fu_4066_p2                 |       and|   0|  0|   16|          16|          16|
    |and_ln124_17_fu_4076_p2                 |       and|   0|  0|   17|          17|          17|
    |and_ln124_18_fu_4086_p2                 |       and|   0|  0|   18|          18|          18|
    |and_ln124_19_fu_4096_p2                 |       and|   0|  0|   19|          19|          19|
    |and_ln124_1_fu_3916_p2                  |       and|   0|  0|    2|           1|           1|
    |and_ln124_20_fu_4106_p2                 |       and|   0|  0|   20|          20|          20|
    |and_ln124_21_fu_4116_p2                 |       and|   0|  0|   21|          21|          21|
    |and_ln124_22_fu_4126_p2                 |       and|   0|  0|   22|          22|          22|
    |and_ln124_23_fu_4136_p2                 |       and|   0|  0|   23|          23|          23|
    |and_ln124_24_fu_4146_p2                 |       and|   0|  0|   24|          24|          24|
    |and_ln124_25_fu_4156_p2                 |       and|   0|  0|   25|          25|          25|
    |and_ln124_26_fu_4166_p2                 |       and|   0|  0|   26|          26|          26|
    |and_ln124_27_fu_4176_p2                 |       and|   0|  0|   27|          27|          27|
    |and_ln124_28_fu_4186_p2                 |       and|   0|  0|   28|          28|          28|
    |and_ln124_29_fu_4196_p2                 |       and|   0|  0|   29|          29|          29|
    |and_ln124_2_fu_3926_p2                  |       and|   0|  0|    2|           2|           2|
    |and_ln124_30_fu_4206_p2                 |       and|   0|  0|   30|          30|          30|
    |and_ln124_31_fu_4216_p2                 |       and|   0|  0|   31|          31|          31|
    |and_ln124_33_fu_4228_p2                 |       and|   0|  0|   31|          31|          31|
    |and_ln124_34_fu_4234_p2                 |       and|   0|  0|   30|          30|          30|
    |and_ln124_35_fu_4240_p2                 |       and|   0|  0|   29|          29|          29|
    |and_ln124_36_fu_4246_p2                 |       and|   0|  0|   28|          28|          28|
    |and_ln124_37_fu_4252_p2                 |       and|   0|  0|   27|          27|          27|
    |and_ln124_38_fu_4258_p2                 |       and|   0|  0|   26|          26|          26|
    |and_ln124_39_fu_4264_p2                 |       and|   0|  0|   25|          25|          25|
    |and_ln124_3_fu_3936_p2                  |       and|   0|  0|    3|           3|           3|
    |and_ln124_40_fu_4270_p2                 |       and|   0|  0|   24|          24|          24|
    |and_ln124_41_fu_4276_p2                 |       and|   0|  0|   23|          23|          23|
    |and_ln124_42_fu_4282_p2                 |       and|   0|  0|   22|          22|          22|
    |and_ln124_43_fu_4288_p2                 |       and|   0|  0|   21|          21|          21|
    |and_ln124_44_fu_4294_p2                 |       and|   0|  0|   20|          20|          20|
    |and_ln124_45_fu_4300_p2                 |       and|   0|  0|   19|          19|          19|
    |and_ln124_46_fu_4306_p2                 |       and|   0|  0|   18|          18|          18|
    |and_ln124_47_fu_4312_p2                 |       and|   0|  0|   17|          17|          17|
    |and_ln124_48_fu_4318_p2                 |       and|   0|  0|   16|          16|          16|
    |and_ln124_49_fu_4324_p2                 |       and|   0|  0|   15|          15|          15|
    |and_ln124_4_fu_3946_p2                  |       and|   0|  0|    4|           4|           4|
    |and_ln124_50_fu_4330_p2                 |       and|   0|  0|   14|          14|          14|
    |and_ln124_51_fu_4336_p2                 |       and|   0|  0|   13|          13|          13|
    |and_ln124_52_fu_4342_p2                 |       and|   0|  0|   12|          12|          12|
    |and_ln124_53_fu_4348_p2                 |       and|   0|  0|   11|          11|          11|
    |and_ln124_54_fu_4354_p2                 |       and|   0|  0|   10|          10|          10|
    |and_ln124_55_fu_4360_p2                 |       and|   0|  0|    9|           9|           9|
    |and_ln124_56_fu_4366_p2                 |       and|   0|  0|    8|           8|           8|
    |and_ln124_57_fu_4372_p2                 |       and|   0|  0|    7|           7|           7|
    |and_ln124_58_fu_4378_p2                 |       and|   0|  0|    6|           6|           6|
    |and_ln124_59_fu_4384_p2                 |       and|   0|  0|    5|           5|           5|
    |and_ln124_5_fu_3956_p2                  |       and|   0|  0|    5|           5|           5|
    |and_ln124_60_fu_4390_p2                 |       and|   0|  0|    4|           4|           4|
    |and_ln124_61_fu_4396_p2                 |       and|   0|  0|    3|           3|           3|
    |and_ln124_62_fu_4402_p2                 |       and|   0|  0|    2|           2|           2|
    |and_ln124_63_fu_4408_p2                 |       and|   0|  0|    2|           1|           1|
    |and_ln124_6_fu_3966_p2                  |       and|   0|  0|    6|           6|           6|
    |and_ln124_7_fu_3976_p2                  |       and|   0|  0|    7|           7|           7|
    |and_ln124_8_fu_3986_p2                  |       and|   0|  0|    8|           8|           8|
    |and_ln124_9_fu_3996_p2                  |       and|   0|  0|    9|           9|           9|
    |and_ln124_fu_3906_p2                    |       and|   0|  0|   32|          32|          32|
    |ap_block_pp2_stage0_11001               |       and|   0|  0|    2|           1|           1|
    |ap_block_pp2_stage69_11001              |       and|   0|  0|    2|           1|           1|
    |ap_block_pp2_stage71_11001              |       and|   0|  0|    2|           1|           1|
    |ap_block_state149_pp2_stage71_iter0     |       and|   0|  0|    2|           1|           1|
    |ap_block_state303                       |       and|   0|  0|    2|           1|           1|
    |ap_block_state79_io                     |       and|   0|  0|    2|           1|           1|
    |ap_condition_2205                       |       and|   0|  0|    2|           1|           1|
    |ap_condition_2206                       |       and|   0|  0|    2|           1|           1|
    |ap_condition_6373                       |       and|   0|  0|    2|           1|           1|
    |ap_condition_6378                       |       and|   0|  0|    2|           1|           1|
    |ap_condition_6384                       |       and|   0|  0|    2|           1|           1|
    |ap_condition_6391                       |       and|   0|  0|    2|           1|           1|
    |ap_condition_6399                       |       and|   0|  0|    2|           1|           1|
    |ap_condition_6408                       |       and|   0|  0|    2|           1|           1|
    |ap_condition_6418                       |       and|   0|  0|    2|           1|           1|
    |ap_condition_6429                       |       and|   0|  0|    2|           1|           1|
    |ap_condition_6441                       |       and|   0|  0|    2|           1|           1|
    |ap_condition_6454                       |       and|   0|  0|    2|           1|           1|
    |ap_condition_6468                       |       and|   0|  0|    2|           1|           1|
    |ap_condition_6483                       |       and|   0|  0|    2|           1|           1|
    |ap_condition_6499                       |       and|   0|  0|    2|           1|           1|
    |ap_condition_6516                       |       and|   0|  0|    2|           1|           1|
    |ap_condition_6534                       |       and|   0|  0|    2|           1|           1|
    |ap_condition_6553                       |       and|   0|  0|    2|           1|           1|
    |ap_condition_6573                       |       and|   0|  0|    2|           1|           1|
    |ap_condition_6594                       |       and|   0|  0|    2|           1|           1|
    |ap_condition_6616                       |       and|   0|  0|    2|           1|           1|
    |ap_condition_6639                       |       and|   0|  0|    2|           1|           1|
    |ap_condition_6663                       |       and|   0|  0|    2|           1|           1|
    |ap_condition_6688                       |       and|   0|  0|    2|           1|           1|
    |ap_condition_6714                       |       and|   0|  0|    2|           1|           1|
    |ap_condition_6741                       |       and|   0|  0|    2|           1|           1|
    |ap_condition_6769                       |       and|   0|  0|    2|           1|           1|
    |ap_condition_6798                       |       and|   0|  0|    2|           1|           1|
    |ap_condition_6828                       |       and|   0|  0|    2|           1|           1|
    |ap_condition_6859                       |       and|   0|  0|    2|           1|           1|
    |ap_condition_6891                       |       and|   0|  0|    2|           1|           1|
    |ap_condition_6924                       |       and|   0|  0|    2|           1|           1|
    |ap_predicate_op1349_writereq_state163   |       and|   0|  0|    2|           1|           1|
    |ap_predicate_op1361_write_state164      |       and|   0|  0|    2|           1|           1|
    |ap_predicate_tran232to233_state162      |       and|   0|  0|    2|           1|           1|
    |hit_fu_3599_p2                          |       and|   0|  0|    2|           1|           1|
    |match_fu_4222_p2                        |       and|   0|  0|   32|          32|          32|
    |icmp_ln176_fu_814_p2                    |      icmp|   0|  0|   13|          16|          17|
    |icmp_ln181_fu_831_p2                    |      icmp|   0|  0|   11|          10|          11|
    |icmp_ln195_1_fu_926_p2                  |      icmp|   0|  0|   20|          32|          32|
    |icmp_ln195_fu_890_p2                    |      icmp|   0|  0|   20|          32|           1|
    |icmp_ln217_fu_4788_p2                   |      icmp|   0|  0|   20|          32|          32|
    |icmp_ln37_fu_3594_p2                    |      icmp|   0|  0|   14|          20|          20|
    |icmp_ln97_fu_4747_p2                    |      icmp|   0|  0|   17|          26|           1|
    |lshr_ln197_fu_986_p2                    |      lshr|   0|  0|  100|          32|          32|
    |ap_block_pp2_stage1_11001               |        or|   0|  0|    2|           1|           1|
    |ap_block_state1                         |        or|   0|  0|    2|           1|           1|
    |ap_block_state163_io                    |        or|   0|  0|    2|           1|           1|
    |ap_block_state164_io                    |        or|   0|  0|    2|           1|           1|
    |ap_block_state232_pp2_stage69_iter1     |        or|   0|  0|    2|           1|           1|
    |ap_condition_1537                       |        or|   0|  0|    2|           1|           1|
    |ap_predicate_op1359_writereq_state163   |        or|   0|  0|    2|           1|           1|
    |ap_predicate_op1371_write_state164      |        or|   0|  0|    2|           1|           1|
    |ap_predicate_op1586_writeresp_state303  |        or|   0|  0|    2|           1|           1|
    |or_ln100_fu_4920_p2                     |        or|   0|  0|   64|          64|          64|
    |or_ln101_fu_4926_p2                     |        or|   0|  0|   64|          64|          64|
    |or_ln99_fu_4914_p2                      |        or|   0|  0|   64|          64|          64|
    |code_fu_3605_p3                         |    select|   0|  0|   12|           1|          12|
    |shl_ln203_1_fu_4874_p2                  |       shl|   0|  0|  100|          32|          32|
    |shl_ln203_fu_4698_p2                    |       shl|   0|  0|    9|           2|           4|
    |shl_ln218_1_fu_4899_p2                  |       shl|   0|  0|  100|          32|          32|
    |shl_ln218_fu_4829_p2                    |       shl|   0|  0|    9|           2|           4|
    |shl_ln99_fu_4905_p2                     |       shl|   0|  0|  100|           1|          32|
    |ap_enable_pp2                           |       xor|   0|  0|    2|           1|           2|
    |hashed_1_fu_3561_p2                     |       xor|   0|  0|   15|          15|          15|
    |xor_ln14_10_fu_2568_p2                  |       xor|   0|  0|   26|          26|          26|
    |xor_ln14_11_fu_2730_p2                  |       xor|   0|  0|   26|          26|          26|
    |xor_ln14_12_fu_2858_p2                  |       xor|   0|  0|   26|          26|          26|
    |xor_ln14_13_fu_2999_p2                  |       xor|   0|  0|   26|          26|          26|
    |xor_ln14_14_fu_3118_p2                  |       xor|   0|  0|   26|          26|          26|
    |xor_ln14_15_fu_3280_p2                  |       xor|   0|  0|   26|          26|          26|
    |xor_ln14_16_fu_3408_p2                  |       xor|   0|  0|   26|          26|          26|
    |xor_ln14_1_fu_1345_p2                   |       xor|   0|  0|   26|          26|          26|
    |xor_ln14_2_fu_1456_p2                   |       xor|   0|  0|   26|          26|          26|
    |xor_ln14_3_fu_1573_p2                   |       xor|   0|  0|   26|          26|          26|
    |xor_ln14_4_fu_1684_p2                   |       xor|   0|  0|   26|          26|          26|
    |xor_ln14_5_fu_1850_p2                   |       xor|   0|  0|   26|          26|          26|
    |xor_ln14_6_fu_1986_p2                   |       xor|   0|  0|   26|          26|          26|
    |xor_ln14_7_fu_2156_p2                   |       xor|   0|  0|   26|          26|          26|
    |xor_ln14_8_fu_2284_p2                   |       xor|   0|  0|   26|          26|          26|
    |xor_ln14_9_fu_2440_p2                   |       xor|   0|  0|   26|          26|          26|
    |xor_ln14_fu_1228_p2                     |       xor|   0|  0|   26|          26|          26|
    |xor_ln15_10_fu_2580_p2                  |       xor|   0|  0|   15|          15|          15|
    |xor_ln15_11_fu_2752_p2                  |       xor|   0|  0|   15|          15|          15|
    |xor_ln15_12_fu_2870_p2                  |       xor|   0|  0|   15|          15|          15|
    |xor_ln15_13_fu_3021_p2                  |       xor|   0|  0|   15|          15|          15|
    |xor_ln15_14_fu_3130_p2                  |       xor|   0|  0|   15|          15|          15|
    |xor_ln15_15_fu_3302_p2                  |       xor|   0|  0|   15|          15|          15|
    |xor_ln15_16_fu_3420_p2                  |       xor|   0|  0|   15|          15|          15|
    |xor_ln15_1_fu_1357_p2                   |       xor|   0|  0|   15|          15|          15|
    |xor_ln15_2_fu_1477_p2                   |       xor|   0|  0|   15|          15|          15|
    |xor_ln15_3_fu_1585_p2                   |       xor|   0|  0|   15|          15|          15|
    |xor_ln15_4_fu_1699_p2                   |       xor|   0|  0|   15|          15|          15|
    |xor_ln15_5_fu_1871_p2                   |       xor|   0|  0|   15|          15|          15|
    |xor_ln15_6_fu_1998_p2                   |       xor|   0|  0|   15|          15|          15|
    |xor_ln15_7_fu_2178_p2                   |       xor|   0|  0|   15|          15|          15|
    |xor_ln15_8_fu_2296_p2                   |       xor|   0|  0|   15|          15|          15|
    |xor_ln15_9_fu_2462_p2                   |       xor|   0|  0|   15|          15|          15|
    |xor_ln15_fu_1249_p2                     |       xor|   0|  0|   15|          15|          15|
    |xor_ln16_10_fu_2406_p2                  |       xor|   0|  0|   32|          32|          32|
    |xor_ln16_11_fu_2534_p2                  |       xor|   0|  0|   32|          32|          32|
    |xor_ln16_12_fu_2696_p2                  |       xor|   0|  0|   32|          32|          32|
    |xor_ln16_13_fu_2824_p2                  |       xor|   0|  0|   32|          32|          32|
    |xor_ln16_14_fu_2965_p2                  |       xor|   0|  0|   32|          32|          32|
    |xor_ln16_15_fu_3093_p2                  |       xor|   0|  0|   32|          32|          32|
    |xor_ln16_16_fu_3246_p2                  |       xor|   0|  0|   32|          32|          32|
    |xor_ln16_17_fu_3374_p2                  |       xor|   0|  0|   32|          32|          32|
    |xor_ln16_18_fu_3509_p2                  |       xor|   0|  0|   26|          26|          26|
    |xor_ln16_1_fu_1204_p2                   |       xor|   0|  0|   32|          32|          32|
    |xor_ln16_2_fu_1320_p2                   |       xor|   0|  0|   32|          32|          32|
    |xor_ln16_3_fu_1431_p2                   |       xor|   0|  0|   32|          32|          32|
    |xor_ln16_4_fu_1548_p2                   |       xor|   0|  0|   32|          32|          32|
    |xor_ln16_5_fu_1659_p2                   |       xor|   0|  0|   32|          32|          32|
    |xor_ln16_6_fu_1822_p2                   |       xor|   0|  0|   32|          32|          32|
    |xor_ln16_7_fu_1942_p2                   |       xor|   0|  0|   32|          32|          32|
    |xor_ln16_8_fu_2122_p2                   |       xor|   0|  0|   32|          32|          32|
    |xor_ln16_9_fu_2250_p2                   |       xor|   0|  0|   32|          32|          32|
    |xor_ln16_fu_1067_p2                     |       xor|   0|  0|   22|          22|          22|
    |xor_ln18_fu_3521_p2                     |       xor|   0|  0|   15|          15|          15|
    +----------------------------------------+----------+----+---+-----+------------+------------+
    |Total                                   |          |   0|  0| 6544|        6059|        5904|
    +----------------------------------------+----------+----+---+-----+------------+------------+

    * Multiplexer: 
    +--------------------------------------------+------+-----------+-----+-----------+
    |                    Name                    |  LUT | Input Size| Bits| Total Bits|
    +--------------------------------------------+------+-----------+-----+-----------+
    |ap_NS_fsm                                   |  1243|        234|    1|        234|
    |ap_done                                     |     9|          2|    1|          2|
    |ap_enable_reg_pp2_iter1                     |     9|          2|    1|          2|
    |ap_phi_mux_address_lcssa3_phi_fu_665_p64    |   152|         33|    5|        165|
    |ap_phi_mux_code_2_ph_phi_fu_766_p4          |     9|          2|   12|         24|
    |ap_phi_mux_i_2_phi_fu_645_p4                |     9|          2|   31|         62|
    |ap_phi_reg_pp2_iter1_prefix_code_1_reg_773  |    14|          3|   13|         39|
    |gmem_ARADDR                                 |    20|          4|   64|        256|
    |gmem_AWADDR                                 |    20|          4|   64|        256|
    |gmem_WDATA                                  |    20|          4|   32|        128|
    |gmem_WSTRB                                  |    20|          4|    4|         16|
    |gmem_blk_n_AR                               |     9|          2|    1|          2|
    |gmem_blk_n_AW                               |     9|          2|    1|          2|
    |gmem_blk_n_B                                |     9|          2|    1|          2|
    |gmem_blk_n_R                                |     9|          2|    1|          2|
    |gmem_blk_n_W                                |     9|          2|    1|          2|
    |hash_table_address0                         |    20|          4|   15|         60|
    |hash_table_d0                               |    14|          3|   33|         99|
    |i_1_reg_630                                 |     9|          2|   10|         20|
    |i_2_reg_641                                 |     9|          2|   31|         62|
    |i_reg_619                                   |     9|          2|   16|         32|
    |j_0_lcssa_reg_786                           |     9|          2|   32|         64|
    |j_fu_410                                    |     9|          2|   32|         64|
    |my_assoc_mem_fill_fu_402                    |     9|          2|   32|         64|
    |my_assoc_mem_lower_key_mem_address0         |    20|          4|    9|         36|
    |my_assoc_mem_lower_key_mem_d0               |    14|          3|   64|        192|
    |my_assoc_mem_middle_key_mem_address0        |    20|          4|    9|         36|
    |my_assoc_mem_middle_key_mem_d0              |    14|          3|   64|        192|
    |my_assoc_mem_upper_key_mem_address0         |    20|          4|    9|         36|
    |my_assoc_mem_upper_key_mem_d0               |    14|          3|   64|        192|
    |my_assoc_mem_value_address0                 |    14|          3|    6|         18|
    |prefix_code_2_reg_652                       |     9|          2|   13|         26|
    |value_1_fu_406                              |     9|          2|   32|         64|
    +--------------------------------------------+------+-----------+-----+-----------+
    |Total                                       |  1792|        351|  704|       2451|
    +--------------------------------------------+------+-----------+-----+-----------+

    * Register: 
    +--------------------------------------------+-----+----+-----+-----------+
    |                    Name                    |  FF | LUT| Bits| Const Bits|
    +--------------------------------------------+-----+----+-----+-----------+
    |add_ln14_10_reg_5288                        |   32|   0|   32|          0|
    |add_ln14_12_reg_5325                        |   32|   0|   32|          0|
    |add_ln14_14_reg_5357                        |   32|   0|   32|          0|
    |add_ln14_16_reg_5383                        |   32|   0|   32|          0|
    |add_ln14_18_reg_5422                        |   32|   0|   32|          0|
    |add_ln14_1_reg_5099                         |   23|   0|   23|          0|
    |add_ln14_24_reg_5223                        |   15|   0|   15|          0|
    |add_ln14_3_reg_5165                         |   32|   0|   32|          0|
    |add_ln14_5_reg_5191                         |   32|   0|   32|          0|
    |add_ln14_6_reg_5212                         |   32|   0|   32|          0|
    |add_ln14_8_reg_5249                         |   32|   0|   32|          0|
    |add_ln157_9_reg_5228                        |    9|   0|    9|          0|
    |add_ln16_10_reg_5218                        |   26|   0|   26|          0|
    |add_ln197_2_reg_5053                        |    2|   0|    2|          0|
    |add_ln197_3_reg_5074                        |    2|   0|    2|          0|
    |add_ln197_reg_5062                          |   31|   0|   31|          0|
    |add_ln203_1_reg_5629                        |    2|   0|    2|          0|
    |add_ln218_2_reg_5663                        |    2|   0|    2|          0|
    |and_ln124_63_reg_5501                       |    1|   0|    1|          0|
    |ap_CS_fsm                                   |  233|   0|  233|          0|
    |ap_done_reg                                 |    1|   0|    1|          0|
    |ap_enable_reg_pp2_iter0                     |    1|   0|    1|          0|
    |ap_enable_reg_pp2_iter1                     |    1|   0|    1|          0|
    |ap_exit_tran_regpp2                         |    1|   0|    2|          1|
    |ap_phi_reg_pp2_iter0_code_2_ph_reg_763      |   12|   0|   12|          0|
    |ap_phi_reg_pp2_iter1_code_2_ph_reg_763      |   12|   0|   12|          0|
    |ap_phi_reg_pp2_iter1_prefix_code_1_reg_773  |   13|   0|   13|          0|
    |ap_rst_n_inv                                |    1|   0|    1|          0|
    |ap_rst_reg_1                                |    1|   0|    1|          0|
    |ap_rst_reg_2                                |    1|   0|    1|          0|
    |gmem_addr_1_read_reg_5009                   |   32|   0|   32|          0|
    |gmem_addr_1_reg_4998                        |   64|   0|   64|          0|
    |gmem_addr_2_read_reg_5079                   |   32|   0|   32|          0|
    |gmem_addr_2_reg_5068                        |   64|   0|   64|          0|
    |gmem_addr_4_reg_5639                        |   64|   0|   64|          0|
    |gmem_addr_5_reg_5673                        |   64|   0|   64|          0|
    |hash_table_addr_1_reg_5453                  |   15|   0|   15|          0|
    |hit_reg_5462                                |    1|   0|    1|          0|
    |i_1_reg_630                                 |   10|   0|   10|          0|
    |i_2_reg_641                                 |   31|   0|   31|          0|
    |i_reg_619                                   |   16|   0|   16|          0|
    |icmp_ln195_1_reg_5058                       |    1|   0|    1|          0|
    |icmp_ln195_1_reg_5058_pp2_iter1_reg         |    1|   0|    1|          0|
    |icmp_ln195_reg_5021                         |    1|   0|    1|          0|
    |icmp_ln217_reg_5659                         |    1|   0|    1|          0|
    |icmp_ln97_reg_5650                          |    1|   0|    1|          0|
    |j_0_lcssa_reg_786                           |   32|   0|   32|          0|
    |j_1_reg_5443                                |   32|   0|   32|          0|
    |j_fu_410                                    |   32|   0|   32|          0|
    |key_reg_5404                                |   20|   0|   20|          0|
    |mem_lower_key_mem_addr_reg_5481             |    9|   0|    9|          0|
    |mem_lower_key_mem_load_reg_5496             |   64|   0|   64|          0|
    |mem_middle_key_mem_addr_reg_5476            |    9|   0|    9|          0|
    |mem_middle_key_mem_load_reg_5491            |   64|   0|   64|          0|
    |mem_upper_key_mem_addr_reg_5471             |    2|   0|    9|          7|
    |mem_upper_key_mem_load_reg_5486             |   64|   0|   64|          0|
    |my_assoc_mem_fill_fu_402                    |   32|   0|   32|          0|
    |my_assoc_mem_fill_load_reg_5645             |   32|   0|   32|          0|
    |next_char_reg_5084                          |    8|   0|    8|          0|
    |prefix_code_1_reg_773                       |   13|   0|   13|          0|
    |prefix_code_2_reg_652                       |   13|   0|   13|          0|
    |prefix_code_reg_5004                        |    8|   0|    8|          0|
    |sext_ln200_reg_5309                         |   13|   0|   13|          0|
    |shl_ln203_1_reg_5679                        |   32|   0|   32|          0|
    |shl_ln203_reg_5634                          |    4|   0|    4|          0|
    |shl_ln218_1_reg_5690                        |   32|   0|   32|          0|
    |shl_ln218_reg_5668                          |    4|   0|    4|          0|
    |tmp_10_reg_5277                             |    1|   0|    1|          0|
    |tmp_12_reg_5314                             |    1|   0|    1|          0|
    |tmp_14_reg_5346                             |    1|   0|    1|          0|
    |tmp_16_reg_5270                             |    1|   0|    1|          0|
    |tmp_18_reg_5411                             |    1|   0|    1|          0|
    |tmp_20_reg_5505                             |    1|   0|    1|          0|
    |tmp_21_reg_5509                             |    1|   0|    1|          0|
    |tmp_22_reg_5513                             |    1|   0|    1|          0|
    |tmp_23_reg_5517                             |    1|   0|    1|          0|
    |tmp_24_reg_5521                             |    1|   0|    1|          0|
    |tmp_25_reg_5525                             |    1|   0|    1|          0|
    |tmp_26_reg_5529                             |    1|   0|    1|          0|
    |tmp_27_reg_5533                             |    1|   0|    1|          0|
    |tmp_28_reg_5537                             |    1|   0|    1|          0|
    |tmp_29_reg_5541                             |    1|   0|    1|          0|
    |tmp_2_reg_5125                              |    1|   0|    1|          0|
    |tmp_30_reg_5545                             |    1|   0|    1|          0|
    |tmp_31_reg_5549                             |    1|   0|    1|          0|
    |tmp_32_reg_5553                             |    1|   0|    1|          0|
    |tmp_33_reg_5557                             |    1|   0|    1|          0|
    |tmp_34_reg_5561                             |    1|   0|    1|          0|
    |tmp_35_reg_5565                             |    1|   0|    1|          0|
    |tmp_36_reg_5569                             |    1|   0|    1|          0|
    |tmp_37_reg_5573                             |    1|   0|    1|          0|
    |tmp_38_reg_5577                             |    1|   0|    1|          0|
    |tmp_39_reg_5581                             |    1|   0|    1|          0|
    |tmp_3_reg_5132                              |    1|   0|    1|          0|
    |tmp_40_reg_5585                             |    1|   0|    1|          0|
    |tmp_41_reg_5589                             |    1|   0|    1|          0|
    |tmp_42_reg_5593                             |    1|   0|    1|          0|
    |tmp_43_reg_5597                             |    1|   0|    1|          0|
    |tmp_44_reg_5601                             |    1|   0|    1|          0|
    |tmp_45_reg_5605                             |    1|   0|    1|          0|
    |tmp_46_reg_5609                             |    1|   0|    1|          0|
    |tmp_47_reg_5613                             |    1|   0|    1|          0|
    |tmp_48_reg_5617                             |    1|   0|    1|          0|
    |tmp_49_reg_5621                             |    1|   0|    1|          0|
    |tmp_4_reg_5139                              |    1|   0|    1|          0|
    |tmp_50_reg_5625                             |    1|   0|    1|          0|
    |tmp_5_reg_5146                              |    1|   0|    1|          0|
    |tmp_6_reg_5153                              |    1|   0|    1|          0|
    |tmp_8_reg_5238                              |    1|   0|    1|          0|
    |trunc_ln14_2_reg_5233                       |    9|   0|    9|          0|
    |trunc_ln15_17_reg_5110                      |   16|   0|   16|          0|
    |trunc_ln15_19_reg_5176                      |   16|   0|   16|          0|
    |trunc_ln15_21_reg_5202                      |   16|   0|   16|          0|
    |trunc_ln15_24_reg_5260                      |   16|   0|   16|          0|
    |trunc_ln15_26_reg_5299                      |   16|   0|   16|          0|
    |trunc_ln15_28_reg_5336                      |   16|   0|   16|          0|
    |trunc_ln15_30_reg_5368                      |   16|   0|   16|          0|
    |trunc_ln15_32_reg_5394                      |   16|   0|   16|          0|
    |trunc_ln15_34_reg_5433                      |   16|   0|   16|          0|
    |trunc_ln15_reg_5105                         |   22|   0|   22|          0|
    |trunc_ln16_11_reg_5207                      |    5|   0|    5|          0|
    |trunc_ln16_17_reg_5265                      |    5|   0|    5|          0|
    |trunc_ln16_21_reg_5304                      |    5|   0|    5|          0|
    |trunc_ln16_25_reg_5341                      |    5|   0|    5|          0|
    |trunc_ln16_29_reg_5373                      |    5|   0|    5|          0|
    |trunc_ln16_2_reg_5120                       |    5|   0|    5|          0|
    |trunc_ln16_33_reg_5399                      |    5|   0|    5|          0|
    |trunc_ln16_38_reg_5438                      |    5|   0|    5|          0|
    |trunc_ln16_6_reg_5181                       |    5|   0|    5|          0|
    |trunc_ln16_reg_5115                         |   15|   0|   15|          0|
    |trunc_ln218_reg_5047                        |    2|   0|    2|          0|
    |valid_reg_5458                              |    1|   0|    1|          0|
    |value_1_fu_406                              |   32|   0|   32|          0|
    |xor_ln14_10_reg_5320                        |   26|   0|   26|          0|
    |xor_ln14_12_reg_5352                        |   26|   0|   26|          0|
    |xor_ln14_14_reg_5378                        |   26|   0|   26|          0|
    |xor_ln14_16_reg_5417                        |   26|   0|   26|          0|
    |xor_ln14_1_reg_5160                         |   26|   0|   26|          0|
    |xor_ln14_3_reg_5186                         |   26|   0|   26|          0|
    |xor_ln14_6_reg_5244                         |   26|   0|   26|          0|
    |xor_ln14_8_reg_5283                         |   26|   0|   26|          0|
    |xor_ln15_10_reg_5331                        |   15|   0|   15|          0|
    |xor_ln15_12_reg_5363                        |   15|   0|   15|          0|
    |xor_ln15_14_reg_5389                        |   15|   0|   15|          0|
    |xor_ln15_16_reg_5428                        |   15|   0|   15|          0|
    |xor_ln15_1_reg_5171                         |   15|   0|   15|          0|
    |xor_ln15_3_reg_5197                         |   15|   0|   15|          0|
    |xor_ln15_6_reg_5255                         |   15|   0|   15|          0|
    |xor_ln15_8_reg_5294                         |   15|   0|   15|          0|
    +--------------------------------------------+-----+----+-----+-----------+
    |Total                                       | 2235|   0| 2243|          8|
    +--------------------------------------------+-----+----+-----+-----------+



================================================================
== Interface
================================================================
* Summary: 
+-----------------------+-----+-----+---------------+--------------+--------------+
|       RTL Ports       | Dir | Bits|    Protocol   | Source Object|    C Type    |
+-----------------------+-----+-----+---------------+--------------+--------------+
|s_axi_control_AWVALID  |   in|    1|          s_axi|       control|        scalar|
|s_axi_control_AWREADY  |  out|    1|          s_axi|       control|        scalar|
|s_axi_control_AWADDR   |   in|    6|          s_axi|       control|        scalar|
|s_axi_control_WVALID   |   in|    1|          s_axi|       control|        scalar|
|s_axi_control_WREADY   |  out|    1|          s_axi|       control|        scalar|
|s_axi_control_WDATA    |   in|   32|          s_axi|       control|        scalar|
|s_axi_control_WSTRB    |   in|    4|          s_axi|       control|        scalar|
|s_axi_control_ARVALID  |   in|    1|          s_axi|       control|        scalar|
|s_axi_control_ARREADY  |  out|    1|          s_axi|       control|        scalar|
|s_axi_control_ARADDR   |   in|    6|          s_axi|       control|        scalar|
|s_axi_control_RVALID   |  out|    1|          s_axi|       control|        scalar|
|s_axi_control_RREADY   |   in|    1|          s_axi|       control|        scalar|
|s_axi_control_RDATA    |  out|   32|          s_axi|       control|        scalar|
|s_axi_control_RRESP    |  out|    2|          s_axi|       control|        scalar|
|s_axi_control_BVALID   |  out|    1|          s_axi|       control|        scalar|
|s_axi_control_BREADY   |   in|    1|          s_axi|       control|        scalar|
|s_axi_control_BRESP    |  out|    2|          s_axi|       control|        scalar|
|ap_clk                 |   in|    1|  ap_ctrl_chain|  lzw_compress|  return value|
|ap_rst_n               |   in|    1|  ap_ctrl_chain|  lzw_compress|  return value|
|interrupt              |  out|    1|  ap_ctrl_chain|  lzw_compress|  return value|
|m_axi_gmem_AWVALID     |  out|    1|          m_axi|          gmem|       pointer|
|m_axi_gmem_AWREADY     |   in|    1|          m_axi|          gmem|       pointer|
|m_axi_gmem_AWADDR      |  out|   64|          m_axi|          gmem|       pointer|
|m_axi_gmem_AWID        |  out|    1|          m_axi|          gmem|       pointer|
|m_axi_gmem_AWLEN       |  out|    8|          m_axi|          gmem|       pointer|
|m_axi_gmem_AWSIZE      |  out|    3|          m_axi|          gmem|       pointer|
|m_axi_gmem_AWBURST     |  out|    2|          m_axi|          gmem|       pointer|
|m_axi_gmem_AWLOCK      |  out|    2|          m_axi|          gmem|       pointer|
|m_axi_gmem_AWCACHE     |  out|    4|          m_axi|          gmem|       pointer|
|m_axi_gmem_AWPROT      |  out|    3|          m_axi|          gmem|       pointer|
|m_axi_gmem_AWQOS       |  out|    4|          m_axi|          gmem|       pointer|
|m_axi_gmem_AWREGION    |  out|    4|          m_axi|          gmem|       pointer|
|m_axi_gmem_AWUSER      |  out|    1|          m_axi|          gmem|       pointer|
|m_axi_gmem_WVALID      |  out|    1|          m_axi|          gmem|       pointer|
|m_axi_gmem_WREADY      |   in|    1|          m_axi|          gmem|       pointer|
|m_axi_gmem_WDATA       |  out|   32|          m_axi|          gmem|       pointer|
|m_axi_gmem_WSTRB       |  out|    4|          m_axi|          gmem|       pointer|
|m_axi_gmem_WLAST       |  out|    1|          m_axi|          gmem|       pointer|
|m_axi_gmem_WID         |  out|    1|          m_axi|          gmem|       pointer|
|m_axi_gmem_WUSER       |  out|    1|          m_axi|          gmem|       pointer|
|m_axi_gmem_ARVALID     |  out|    1|          m_axi|          gmem|       pointer|
|m_axi_gmem_ARREADY     |   in|    1|          m_axi|          gmem|       pointer|
|m_axi_gmem_ARADDR      |  out|   64|          m_axi|          gmem|       pointer|
|m_axi_gmem_ARID        |  out|    1|          m_axi|          gmem|       pointer|
|m_axi_gmem_ARLEN       |  out|    8|          m_axi|          gmem|       pointer|
|m_axi_gmem_ARSIZE      |  out|    3|          m_axi|          gmem|       pointer|
|m_axi_gmem_ARBURST     |  out|    2|          m_axi|          gmem|       pointer|
|m_axi_gmem_ARLOCK      |  out|    2|          m_axi|          gmem|       pointer|
|m_axi_gmem_ARCACHE     |  out|    4|          m_axi|          gmem|       pointer|
|m_axi_gmem_ARPROT      |  out|    3|          m_axi|          gmem|       pointer|
|m_axi_gmem_ARQOS       |  out|    4|          m_axi|          gmem|       pointer|
|m_axi_gmem_ARREGION    |  out|    4|          m_axi|          gmem|       pointer|
|m_axi_gmem_ARUSER      |  out|    1|          m_axi|          gmem|       pointer|
|m_axi_gmem_RVALID      |   in|    1|          m_axi|          gmem|       pointer|
|m_axi_gmem_RREADY      |  out|    1|          m_axi|          gmem|       pointer|
|m_axi_gmem_RDATA       |   in|   32|          m_axi|          gmem|       pointer|
|m_axi_gmem_RLAST       |   in|    1|          m_axi|          gmem|       pointer|
|m_axi_gmem_RID         |   in|    1|          m_axi|          gmem|       pointer|
|m_axi_gmem_RUSER       |   in|    1|          m_axi|          gmem|       pointer|
|m_axi_gmem_RRESP       |   in|    2|          m_axi|          gmem|       pointer|
|m_axi_gmem_BVALID      |   in|    1|          m_axi|          gmem|       pointer|
|m_axi_gmem_BREADY      |  out|    1|          m_axi|          gmem|       pointer|
|m_axi_gmem_BRESP       |   in|    2|          m_axi|          gmem|       pointer|
|m_axi_gmem_BID         |   in|    1|          m_axi|          gmem|       pointer|
|m_axi_gmem_BUSER       |   in|    1|          m_axi|          gmem|       pointer|
+-----------------------+-----+-----+---------------+--------------+--------------+

